[2024-08-31T13:39:56.811+0000] {processor.py:186} INFO - Started process (PID=73) to work on /home/airflow/.local/lib/python3.12/site-packages/airflow/example_dags/example_task_group.py
[2024-08-31T13:39:56.811+0000] {processor.py:914} INFO - Processing file /home/airflow/.local/lib/python3.12/site-packages/airflow/example_dags/example_task_group.py for tasks to queue
[2024-08-31T13:39:56.813+0000] {logging_mixin.py:190} INFO - [2024-08-31T13:39:56.813+0000] {dagbag.py:587} INFO - Filling up the DagBag from /home/airflow/.local/lib/python3.12/site-packages/airflow/example_dags/example_task_group.py
[2024-08-31T13:39:56.818+0000] {processor.py:925} INFO - DAG(s) 'example_task_group' retrieved from /home/airflow/.local/lib/python3.12/site-packages/airflow/example_dags/example_task_group.py
[2024-08-31T13:39:56.835+0000] {logging_mixin.py:190} INFO - [2024-08-31T13:39:56.835+0000] {dag.py:3211} INFO - Sync 1 DAGs
[2024-08-31T13:39:56.853+0000] {logging_mixin.py:190} INFO - [2024-08-31T13:39:56.853+0000] {dag.py:4138} INFO - Setting next_dagrun for example_task_group to 2024-08-30 00:00:00+00:00, run_after=2024-08-31 00:00:00+00:00
[2024-08-31T13:39:56.867+0000] {processor.py:208} INFO - Processing /home/airflow/.local/lib/python3.12/site-packages/airflow/example_dags/example_task_group.py took 0.059 seconds
[2024-08-31T13:40:27.672+0000] {processor.py:186} INFO - Started process (PID=135) to work on /home/airflow/.local/lib/python3.12/site-packages/airflow/example_dags/example_task_group.py
[2024-08-31T13:40:27.673+0000] {processor.py:914} INFO - Processing file /home/airflow/.local/lib/python3.12/site-packages/airflow/example_dags/example_task_group.py for tasks to queue
[2024-08-31T13:40:27.674+0000] {logging_mixin.py:190} INFO - [2024-08-31T13:40:27.674+0000] {dagbag.py:587} INFO - Filling up the DagBag from /home/airflow/.local/lib/python3.12/site-packages/airflow/example_dags/example_task_group.py
[2024-08-31T13:40:27.680+0000] {processor.py:925} INFO - DAG(s) 'example_task_group' retrieved from /home/airflow/.local/lib/python3.12/site-packages/airflow/example_dags/example_task_group.py
[2024-08-31T13:40:27.700+0000] {logging_mixin.py:190} INFO - [2024-08-31T13:40:27.700+0000] {dag.py:3211} INFO - Sync 1 DAGs
[2024-08-31T13:40:27.719+0000] {logging_mixin.py:190} INFO - [2024-08-31T13:40:27.719+0000] {dag.py:4138} INFO - Setting next_dagrun for example_task_group to 2024-08-30 00:00:00+00:00, run_after=2024-08-31 00:00:00+00:00
[2024-08-31T13:40:27.735+0000] {processor.py:208} INFO - Processing /home/airflow/.local/lib/python3.12/site-packages/airflow/example_dags/example_task_group.py took 0.067 seconds
[2024-08-31T13:40:58.434+0000] {processor.py:186} INFO - Started process (PID=197) to work on /home/airflow/.local/lib/python3.12/site-packages/airflow/example_dags/example_task_group.py
[2024-08-31T13:40:58.435+0000] {processor.py:914} INFO - Processing file /home/airflow/.local/lib/python3.12/site-packages/airflow/example_dags/example_task_group.py for tasks to queue
[2024-08-31T13:40:58.436+0000] {logging_mixin.py:190} INFO - [2024-08-31T13:40:58.436+0000] {dagbag.py:587} INFO - Filling up the DagBag from /home/airflow/.local/lib/python3.12/site-packages/airflow/example_dags/example_task_group.py
[2024-08-31T13:40:58.440+0000] {processor.py:925} INFO - DAG(s) 'example_task_group' retrieved from /home/airflow/.local/lib/python3.12/site-packages/airflow/example_dags/example_task_group.py
[2024-08-31T13:40:58.456+0000] {logging_mixin.py:190} INFO - [2024-08-31T13:40:58.455+0000] {dag.py:3211} INFO - Sync 1 DAGs
[2024-08-31T13:40:58.469+0000] {logging_mixin.py:190} INFO - [2024-08-31T13:40:58.469+0000] {dag.py:4138} INFO - Setting next_dagrun for example_task_group to 2024-08-30 00:00:00+00:00, run_after=2024-08-31 00:00:00+00:00
[2024-08-31T13:40:58.480+0000] {processor.py:208} INFO - Processing /home/airflow/.local/lib/python3.12/site-packages/airflow/example_dags/example_task_group.py took 0.049 seconds
[2024-08-31T13:41:29.513+0000] {processor.py:186} INFO - Started process (PID=259) to work on /home/airflow/.local/lib/python3.12/site-packages/airflow/example_dags/example_task_group.py
[2024-08-31T13:41:29.513+0000] {processor.py:914} INFO - Processing file /home/airflow/.local/lib/python3.12/site-packages/airflow/example_dags/example_task_group.py for tasks to queue
[2024-08-31T13:41:29.515+0000] {logging_mixin.py:190} INFO - [2024-08-31T13:41:29.514+0000] {dagbag.py:587} INFO - Filling up the DagBag from /home/airflow/.local/lib/python3.12/site-packages/airflow/example_dags/example_task_group.py
[2024-08-31T13:41:29.522+0000] {processor.py:925} INFO - DAG(s) 'example_task_group' retrieved from /home/airflow/.local/lib/python3.12/site-packages/airflow/example_dags/example_task_group.py
[2024-08-31T13:41:29.541+0000] {logging_mixin.py:190} INFO - [2024-08-31T13:41:29.541+0000] {dag.py:3211} INFO - Sync 1 DAGs
[2024-08-31T13:41:29.562+0000] {logging_mixin.py:190} INFO - [2024-08-31T13:41:29.561+0000] {dag.py:4138} INFO - Setting next_dagrun for example_task_group to 2024-08-30 00:00:00+00:00, run_after=2024-08-31 00:00:00+00:00
[2024-08-31T13:41:29.577+0000] {processor.py:208} INFO - Processing /home/airflow/.local/lib/python3.12/site-packages/airflow/example_dags/example_task_group.py took 0.070 seconds
[2024-08-31T13:42:00.087+0000] {processor.py:186} INFO - Started process (PID=321) to work on /home/airflow/.local/lib/python3.12/site-packages/airflow/example_dags/example_task_group.py
[2024-08-31T13:42:00.087+0000] {processor.py:914} INFO - Processing file /home/airflow/.local/lib/python3.12/site-packages/airflow/example_dags/example_task_group.py for tasks to queue
[2024-08-31T13:42:00.088+0000] {logging_mixin.py:190} INFO - [2024-08-31T13:42:00.088+0000] {dagbag.py:587} INFO - Filling up the DagBag from /home/airflow/.local/lib/python3.12/site-packages/airflow/example_dags/example_task_group.py
[2024-08-31T13:42:00.093+0000] {processor.py:925} INFO - DAG(s) 'example_task_group' retrieved from /home/airflow/.local/lib/python3.12/site-packages/airflow/example_dags/example_task_group.py
[2024-08-31T13:42:00.107+0000] {logging_mixin.py:190} INFO - [2024-08-31T13:42:00.106+0000] {dag.py:3211} INFO - Sync 1 DAGs
[2024-08-31T13:42:00.122+0000] {logging_mixin.py:190} INFO - [2024-08-31T13:42:00.122+0000] {dag.py:4138} INFO - Setting next_dagrun for example_task_group to 2024-08-30 00:00:00+00:00, run_after=2024-08-31 00:00:00+00:00
[2024-08-31T13:42:00.135+0000] {processor.py:208} INFO - Processing /home/airflow/.local/lib/python3.12/site-packages/airflow/example_dags/example_task_group.py took 0.051 seconds
[2024-08-31T13:42:30.595+0000] {processor.py:186} INFO - Started process (PID=383) to work on /home/airflow/.local/lib/python3.12/site-packages/airflow/example_dags/example_task_group.py
[2024-08-31T13:42:30.595+0000] {processor.py:914} INFO - Processing file /home/airflow/.local/lib/python3.12/site-packages/airflow/example_dags/example_task_group.py for tasks to queue
[2024-08-31T13:42:30.596+0000] {logging_mixin.py:190} INFO - [2024-08-31T13:42:30.596+0000] {dagbag.py:587} INFO - Filling up the DagBag from /home/airflow/.local/lib/python3.12/site-packages/airflow/example_dags/example_task_group.py
[2024-08-31T13:42:30.601+0000] {processor.py:925} INFO - DAG(s) 'example_task_group' retrieved from /home/airflow/.local/lib/python3.12/site-packages/airflow/example_dags/example_task_group.py
[2024-08-31T13:42:30.617+0000] {logging_mixin.py:190} INFO - [2024-08-31T13:42:30.617+0000] {dag.py:3211} INFO - Sync 1 DAGs
[2024-08-31T13:42:30.635+0000] {logging_mixin.py:190} INFO - [2024-08-31T13:42:30.635+0000] {dag.py:4138} INFO - Setting next_dagrun for example_task_group to 2024-08-30 00:00:00+00:00, run_after=2024-08-31 00:00:00+00:00
[2024-08-31T13:42:30.651+0000] {processor.py:208} INFO - Processing /home/airflow/.local/lib/python3.12/site-packages/airflow/example_dags/example_task_group.py took 0.059 seconds
