[2024-08-31T13:39:56.662+0000] {processor.py:186} INFO - Started process (PID=70) to work on /home/airflow/.local/lib/python3.12/site-packages/airflow/example_dags/example_inlet_event_extra.py
[2024-08-31T13:39:56.663+0000] {processor.py:914} INFO - Processing file /home/airflow/.local/lib/python3.12/site-packages/airflow/example_dags/example_inlet_event_extra.py for tasks to queue
[2024-08-31T13:39:56.664+0000] {logging_mixin.py:190} INFO - [2024-08-31T13:39:56.664+0000] {dagbag.py:587} INFO - Filling up the DagBag from /home/airflow/.local/lib/python3.12/site-packages/airflow/example_dags/example_inlet_event_extra.py
[2024-08-31T13:39:56.744+0000] {processor.py:925} INFO - DAG(s) 'read_dataset_event_from_classic', 'read_dataset_event' retrieved from /home/airflow/.local/lib/python3.12/site-packages/airflow/example_dags/example_inlet_event_extra.py
[2024-08-31T13:39:56.763+0000] {logging_mixin.py:190} INFO - [2024-08-31T13:39:56.763+0000] {dag.py:3211} INFO - Sync 2 DAGs
[2024-08-31T13:39:56.784+0000] {logging_mixin.py:190} INFO - [2024-08-31T13:39:56.784+0000] {dag.py:4138} INFO - Setting next_dagrun for read_dataset_event to 2024-08-30 00:00:00+00:00, run_after=2024-08-31 00:00:00+00:00
[2024-08-31T13:39:56.789+0000] {logging_mixin.py:190} INFO - [2024-08-31T13:39:56.788+0000] {dag.py:4138} INFO - Setting next_dagrun for read_dataset_event_from_classic to 2024-08-30 00:00:00+00:00, run_after=2024-08-31 00:00:00+00:00
[2024-08-31T13:39:56.802+0000] {processor.py:208} INFO - Processing /home/airflow/.local/lib/python3.12/site-packages/airflow/example_dags/example_inlet_event_extra.py took 0.143 seconds
[2024-08-31T13:40:27.409+0000] {processor.py:186} INFO - Started process (PID=132) to work on /home/airflow/.local/lib/python3.12/site-packages/airflow/example_dags/example_inlet_event_extra.py
[2024-08-31T13:40:27.409+0000] {processor.py:914} INFO - Processing file /home/airflow/.local/lib/python3.12/site-packages/airflow/example_dags/example_inlet_event_extra.py for tasks to queue
[2024-08-31T13:40:27.410+0000] {logging_mixin.py:190} INFO - [2024-08-31T13:40:27.410+0000] {dagbag.py:587} INFO - Filling up the DagBag from /home/airflow/.local/lib/python3.12/site-packages/airflow/example_dags/example_inlet_event_extra.py
[2024-08-31T13:40:27.487+0000] {processor.py:925} INFO - DAG(s) 'read_dataset_event', 'read_dataset_event_from_classic' retrieved from /home/airflow/.local/lib/python3.12/site-packages/airflow/example_dags/example_inlet_event_extra.py
[2024-08-31T13:40:27.506+0000] {logging_mixin.py:190} INFO - [2024-08-31T13:40:27.506+0000] {dag.py:3211} INFO - Sync 2 DAGs
[2024-08-31T13:40:27.527+0000] {logging_mixin.py:190} INFO - [2024-08-31T13:40:27.527+0000] {dag.py:4138} INFO - Setting next_dagrun for read_dataset_event to 2024-08-30 00:00:00+00:00, run_after=2024-08-31 00:00:00+00:00
[2024-08-31T13:40:27.531+0000] {logging_mixin.py:190} INFO - [2024-08-31T13:40:27.531+0000] {dag.py:4138} INFO - Setting next_dagrun for read_dataset_event_from_classic to 2024-08-30 00:00:00+00:00, run_after=2024-08-31 00:00:00+00:00
[2024-08-31T13:40:27.559+0000] {processor.py:208} INFO - Processing /home/airflow/.local/lib/python3.12/site-packages/airflow/example_dags/example_inlet_event_extra.py took 0.153 seconds
[2024-08-31T13:40:58.292+0000] {processor.py:186} INFO - Started process (PID=194) to work on /home/airflow/.local/lib/python3.12/site-packages/airflow/example_dags/example_inlet_event_extra.py
[2024-08-31T13:40:58.293+0000] {processor.py:914} INFO - Processing file /home/airflow/.local/lib/python3.12/site-packages/airflow/example_dags/example_inlet_event_extra.py for tasks to queue
[2024-08-31T13:40:58.294+0000] {logging_mixin.py:190} INFO - [2024-08-31T13:40:58.294+0000] {dagbag.py:587} INFO - Filling up the DagBag from /home/airflow/.local/lib/python3.12/site-packages/airflow/example_dags/example_inlet_event_extra.py
[2024-08-31T13:40:58.372+0000] {processor.py:925} INFO - DAG(s) 'read_dataset_event', 'read_dataset_event_from_classic' retrieved from /home/airflow/.local/lib/python3.12/site-packages/airflow/example_dags/example_inlet_event_extra.py
[2024-08-31T13:40:58.387+0000] {logging_mixin.py:190} INFO - [2024-08-31T13:40:58.387+0000] {dag.py:3211} INFO - Sync 2 DAGs
[2024-08-31T13:40:58.402+0000] {logging_mixin.py:190} INFO - [2024-08-31T13:40:58.402+0000] {dag.py:4138} INFO - Setting next_dagrun for read_dataset_event to 2024-08-30 00:00:00+00:00, run_after=2024-08-31 00:00:00+00:00
[2024-08-31T13:40:58.405+0000] {logging_mixin.py:190} INFO - [2024-08-31T13:40:58.405+0000] {dag.py:4138} INFO - Setting next_dagrun for read_dataset_event_from_classic to 2024-08-30 00:00:00+00:00, run_after=2024-08-31 00:00:00+00:00
[2024-08-31T13:40:58.415+0000] {processor.py:208} INFO - Processing /home/airflow/.local/lib/python3.12/site-packages/airflow/example_dags/example_inlet_event_extra.py took 0.126 seconds
[2024-08-31T13:41:29.302+0000] {processor.py:186} INFO - Started process (PID=256) to work on /home/airflow/.local/lib/python3.12/site-packages/airflow/example_dags/example_inlet_event_extra.py
[2024-08-31T13:41:29.303+0000] {processor.py:914} INFO - Processing file /home/airflow/.local/lib/python3.12/site-packages/airflow/example_dags/example_inlet_event_extra.py for tasks to queue
[2024-08-31T13:41:29.304+0000] {logging_mixin.py:190} INFO - [2024-08-31T13:41:29.304+0000] {dagbag.py:587} INFO - Filling up the DagBag from /home/airflow/.local/lib/python3.12/site-packages/airflow/example_dags/example_inlet_event_extra.py
[2024-08-31T13:41:29.442+0000] {processor.py:925} INFO - DAG(s) 'read_dataset_event', 'read_dataset_event_from_classic' retrieved from /home/airflow/.local/lib/python3.12/site-packages/airflow/example_dags/example_inlet_event_extra.py
[2024-08-31T13:41:29.463+0000] {logging_mixin.py:190} INFO - [2024-08-31T13:41:29.463+0000] {dag.py:3211} INFO - Sync 2 DAGs
[2024-08-31T13:41:29.488+0000] {logging_mixin.py:190} INFO - [2024-08-31T13:41:29.487+0000] {dag.py:4138} INFO - Setting next_dagrun for read_dataset_event to 2024-08-30 00:00:00+00:00, run_after=2024-08-31 00:00:00+00:00
[2024-08-31T13:41:29.493+0000] {logging_mixin.py:190} INFO - [2024-08-31T13:41:29.493+0000] {dag.py:4138} INFO - Setting next_dagrun for read_dataset_event_from_classic to 2024-08-30 00:00:00+00:00, run_after=2024-08-31 00:00:00+00:00
[2024-08-31T13:41:29.508+0000] {processor.py:208} INFO - Processing /home/airflow/.local/lib/python3.12/site-packages/airflow/example_dags/example_inlet_event_extra.py took 0.211 seconds
[2024-08-31T13:41:59.956+0000] {processor.py:186} INFO - Started process (PID=318) to work on /home/airflow/.local/lib/python3.12/site-packages/airflow/example_dags/example_inlet_event_extra.py
[2024-08-31T13:41:59.956+0000] {processor.py:914} INFO - Processing file /home/airflow/.local/lib/python3.12/site-packages/airflow/example_dags/example_inlet_event_extra.py for tasks to queue
[2024-08-31T13:41:59.957+0000] {logging_mixin.py:190} INFO - [2024-08-31T13:41:59.957+0000] {dagbag.py:587} INFO - Filling up the DagBag from /home/airflow/.local/lib/python3.12/site-packages/airflow/example_dags/example_inlet_event_extra.py
[2024-08-31T13:42:00.031+0000] {processor.py:925} INFO - DAG(s) 'read_dataset_event', 'read_dataset_event_from_classic' retrieved from /home/airflow/.local/lib/python3.12/site-packages/airflow/example_dags/example_inlet_event_extra.py
[2024-08-31T13:42:00.044+0000] {logging_mixin.py:190} INFO - [2024-08-31T13:42:00.044+0000] {dag.py:3211} INFO - Sync 2 DAGs
[2024-08-31T13:42:00.057+0000] {logging_mixin.py:190} INFO - [2024-08-31T13:42:00.057+0000] {dag.py:4138} INFO - Setting next_dagrun for read_dataset_event to 2024-08-30 00:00:00+00:00, run_after=2024-08-31 00:00:00+00:00
[2024-08-31T13:42:00.060+0000] {logging_mixin.py:190} INFO - [2024-08-31T13:42:00.060+0000] {dag.py:4138} INFO - Setting next_dagrun for read_dataset_event_from_classic to 2024-08-30 00:00:00+00:00, run_after=2024-08-31 00:00:00+00:00
[2024-08-31T13:42:00.069+0000] {processor.py:208} INFO - Processing /home/airflow/.local/lib/python3.12/site-packages/airflow/example_dags/example_inlet_event_extra.py took 0.116 seconds
[2024-08-31T13:42:30.448+0000] {processor.py:186} INFO - Started process (PID=380) to work on /home/airflow/.local/lib/python3.12/site-packages/airflow/example_dags/example_inlet_event_extra.py
[2024-08-31T13:42:30.449+0000] {processor.py:914} INFO - Processing file /home/airflow/.local/lib/python3.12/site-packages/airflow/example_dags/example_inlet_event_extra.py for tasks to queue
[2024-08-31T13:42:30.450+0000] {logging_mixin.py:190} INFO - [2024-08-31T13:42:30.450+0000] {dagbag.py:587} INFO - Filling up the DagBag from /home/airflow/.local/lib/python3.12/site-packages/airflow/example_dags/example_inlet_event_extra.py
[2024-08-31T13:42:30.527+0000] {processor.py:925} INFO - DAG(s) 'read_dataset_event_from_classic', 'read_dataset_event' retrieved from /home/airflow/.local/lib/python3.12/site-packages/airflow/example_dags/example_inlet_event_extra.py
[2024-08-31T13:42:30.542+0000] {logging_mixin.py:190} INFO - [2024-08-31T13:42:30.542+0000] {dag.py:3211} INFO - Sync 2 DAGs
[2024-08-31T13:42:30.557+0000] {logging_mixin.py:190} INFO - [2024-08-31T13:42:30.557+0000] {dag.py:4138} INFO - Setting next_dagrun for read_dataset_event to 2024-08-30 00:00:00+00:00, run_after=2024-08-31 00:00:00+00:00
[2024-08-31T13:42:30.562+0000] {logging_mixin.py:190} INFO - [2024-08-31T13:42:30.561+0000] {dag.py:4138} INFO - Setting next_dagrun for read_dataset_event_from_classic to 2024-08-30 00:00:00+00:00, run_after=2024-08-31 00:00:00+00:00
[2024-08-31T13:42:30.573+0000] {processor.py:208} INFO - Processing /home/airflow/.local/lib/python3.12/site-packages/airflow/example_dags/example_inlet_event_extra.py took 0.128 seconds
