[2024-08-31T13:39:55.119+0000] {processor.py:186} INFO - Started process (PID=43) to work on /home/airflow/.local/lib/python3.12/site-packages/airflow/example_dags/example_python_decorator.py
[2024-08-31T13:39:55.119+0000] {processor.py:914} INFO - Processing file /home/airflow/.local/lib/python3.12/site-packages/airflow/example_dags/example_python_decorator.py for tasks to queue
[2024-08-31T13:39:55.120+0000] {logging_mixin.py:190} INFO - [2024-08-31T13:39:55.120+0000] {dagbag.py:587} INFO - Filling up the DagBag from /home/airflow/.local/lib/python3.12/site-packages/airflow/example_dags/example_python_decorator.py
[2024-08-31T13:39:55.134+0000] {processor.py:925} INFO - DAG(s) 'example_python_decorator' retrieved from /home/airflow/.local/lib/python3.12/site-packages/airflow/example_dags/example_python_decorator.py
[2024-08-31T13:39:55.239+0000] {logging_mixin.py:190} INFO - [2024-08-31T13:39:55.239+0000] {dag.py:3211} INFO - Sync 1 DAGs
[2024-08-31T13:39:55.247+0000] {logging_mixin.py:190} INFO - [2024-08-31T13:39:55.246+0000] {dag.py:4138} INFO - Setting next_dagrun for example_python_decorator to None, run_after=None
[2024-08-31T13:39:55.271+0000] {processor.py:208} INFO - Processing /home/airflow/.local/lib/python3.12/site-packages/airflow/example_dags/example_python_decorator.py took 0.157 seconds
[2024-08-31T13:40:26.203+0000] {processor.py:186} INFO - Started process (PID=105) to work on /home/airflow/.local/lib/python3.12/site-packages/airflow/example_dags/example_python_decorator.py
[2024-08-31T13:40:26.207+0000] {processor.py:914} INFO - Processing file /home/airflow/.local/lib/python3.12/site-packages/airflow/example_dags/example_python_decorator.py for tasks to queue
[2024-08-31T13:40:26.209+0000] {logging_mixin.py:190} INFO - [2024-08-31T13:40:26.209+0000] {dagbag.py:587} INFO - Filling up the DagBag from /home/airflow/.local/lib/python3.12/site-packages/airflow/example_dags/example_python_decorator.py
[2024-08-31T13:40:26.220+0000] {processor.py:925} INFO - DAG(s) 'example_python_decorator' retrieved from /home/airflow/.local/lib/python3.12/site-packages/airflow/example_dags/example_python_decorator.py
[2024-08-31T13:40:26.239+0000] {logging_mixin.py:190} INFO - [2024-08-31T13:40:26.239+0000] {dag.py:3211} INFO - Sync 1 DAGs
[2024-08-31T13:40:26.250+0000] {logging_mixin.py:190} INFO - [2024-08-31T13:40:26.250+0000] {dag.py:4138} INFO - Setting next_dagrun for example_python_decorator to None, run_after=None
[2024-08-31T13:40:26.266+0000] {processor.py:208} INFO - Processing /home/airflow/.local/lib/python3.12/site-packages/airflow/example_dags/example_python_decorator.py took 0.068 seconds
[2024-08-31T13:40:57.014+0000] {processor.py:186} INFO - Started process (PID=167) to work on /home/airflow/.local/lib/python3.12/site-packages/airflow/example_dags/example_python_decorator.py
[2024-08-31T13:40:57.020+0000] {processor.py:914} INFO - Processing file /home/airflow/.local/lib/python3.12/site-packages/airflow/example_dags/example_python_decorator.py for tasks to queue
[2024-08-31T13:40:57.022+0000] {logging_mixin.py:190} INFO - [2024-08-31T13:40:57.021+0000] {dagbag.py:587} INFO - Filling up the DagBag from /home/airflow/.local/lib/python3.12/site-packages/airflow/example_dags/example_python_decorator.py
[2024-08-31T13:40:57.033+0000] {processor.py:925} INFO - DAG(s) 'example_python_decorator' retrieved from /home/airflow/.local/lib/python3.12/site-packages/airflow/example_dags/example_python_decorator.py
[2024-08-31T13:40:57.053+0000] {logging_mixin.py:190} INFO - [2024-08-31T13:40:57.052+0000] {dag.py:3211} INFO - Sync 1 DAGs
[2024-08-31T13:40:57.063+0000] {logging_mixin.py:190} INFO - [2024-08-31T13:40:57.063+0000] {dag.py:4138} INFO - Setting next_dagrun for example_python_decorator to None, run_after=None
[2024-08-31T13:40:57.077+0000] {processor.py:208} INFO - Processing /home/airflow/.local/lib/python3.12/site-packages/airflow/example_dags/example_python_decorator.py took 0.066 seconds
[2024-08-31T13:41:27.573+0000] {processor.py:186} INFO - Started process (PID=229) to work on /home/airflow/.local/lib/python3.12/site-packages/airflow/example_dags/example_python_decorator.py
[2024-08-31T13:41:27.574+0000] {processor.py:914} INFO - Processing file /home/airflow/.local/lib/python3.12/site-packages/airflow/example_dags/example_python_decorator.py for tasks to queue
[2024-08-31T13:41:27.575+0000] {logging_mixin.py:190} INFO - [2024-08-31T13:41:27.575+0000] {dagbag.py:587} INFO - Filling up the DagBag from /home/airflow/.local/lib/python3.12/site-packages/airflow/example_dags/example_python_decorator.py
[2024-08-31T13:41:27.584+0000] {processor.py:925} INFO - DAG(s) 'example_python_decorator' retrieved from /home/airflow/.local/lib/python3.12/site-packages/airflow/example_dags/example_python_decorator.py
[2024-08-31T13:41:27.604+0000] {logging_mixin.py:190} INFO - [2024-08-31T13:41:27.604+0000] {dag.py:3211} INFO - Sync 1 DAGs
[2024-08-31T13:41:27.617+0000] {logging_mixin.py:190} INFO - [2024-08-31T13:41:27.617+0000] {dag.py:4138} INFO - Setting next_dagrun for example_python_decorator to None, run_after=None
[2024-08-31T13:41:27.634+0000] {processor.py:208} INFO - Processing /home/airflow/.local/lib/python3.12/site-packages/airflow/example_dags/example_python_decorator.py took 0.064 seconds
[2024-08-31T13:41:57.763+0000] {processor.py:186} INFO - Started process (PID=290) to work on /home/airflow/.local/lib/python3.12/site-packages/airflow/example_dags/example_python_decorator.py
[2024-08-31T13:41:57.774+0000] {processor.py:914} INFO - Processing file /home/airflow/.local/lib/python3.12/site-packages/airflow/example_dags/example_python_decorator.py for tasks to queue
[2024-08-31T13:41:57.777+0000] {logging_mixin.py:190} INFO - [2024-08-31T13:41:57.776+0000] {dagbag.py:587} INFO - Filling up the DagBag from /home/airflow/.local/lib/python3.12/site-packages/airflow/example_dags/example_python_decorator.py
[2024-08-31T13:41:57.787+0000] {processor.py:925} INFO - DAG(s) 'example_python_decorator' retrieved from /home/airflow/.local/lib/python3.12/site-packages/airflow/example_dags/example_python_decorator.py
[2024-08-31T13:41:57.804+0000] {logging_mixin.py:190} INFO - [2024-08-31T13:41:57.804+0000] {dag.py:3211} INFO - Sync 1 DAGs
[2024-08-31T13:41:57.814+0000] {logging_mixin.py:190} INFO - [2024-08-31T13:41:57.814+0000] {dag.py:4138} INFO - Setting next_dagrun for example_python_decorator to None, run_after=None
[2024-08-31T13:41:57.827+0000] {processor.py:208} INFO - Processing /home/airflow/.local/lib/python3.12/site-packages/airflow/example_dags/example_python_decorator.py took 0.070 seconds
[2024-08-31T13:42:28.212+0000] {processor.py:186} INFO - Started process (PID=353) to work on /home/airflow/.local/lib/python3.12/site-packages/airflow/example_dags/example_python_decorator.py
[2024-08-31T13:42:28.217+0000] {processor.py:914} INFO - Processing file /home/airflow/.local/lib/python3.12/site-packages/airflow/example_dags/example_python_decorator.py for tasks to queue
[2024-08-31T13:42:28.219+0000] {logging_mixin.py:190} INFO - [2024-08-31T13:42:28.219+0000] {dagbag.py:587} INFO - Filling up the DagBag from /home/airflow/.local/lib/python3.12/site-packages/airflow/example_dags/example_python_decorator.py
[2024-08-31T13:42:28.233+0000] {processor.py:925} INFO - DAG(s) 'example_python_decorator' retrieved from /home/airflow/.local/lib/python3.12/site-packages/airflow/example_dags/example_python_decorator.py
[2024-08-31T13:42:28.252+0000] {logging_mixin.py:190} INFO - [2024-08-31T13:42:28.252+0000] {dag.py:3211} INFO - Sync 1 DAGs
[2024-08-31T13:42:28.263+0000] {logging_mixin.py:190} INFO - [2024-08-31T13:42:28.263+0000] {dag.py:4138} INFO - Setting next_dagrun for example_python_decorator to None, run_after=None
[2024-08-31T13:42:28.274+0000] {processor.py:208} INFO - Processing /home/airflow/.local/lib/python3.12/site-packages/airflow/example_dags/example_python_decorator.py took 0.066 seconds
