[2024-08-31T13:39:56.215+0000] {processor.py:186} INFO - Started process (PID=61) to work on /home/airflow/.local/lib/python3.12/site-packages/airflow/example_dags/example_sla_dag.py
[2024-08-31T13:39:56.215+0000] {processor.py:914} INFO - Processing file /home/airflow/.local/lib/python3.12/site-packages/airflow/example_dags/example_sla_dag.py for tasks to queue
[2024-08-31T13:39:56.217+0000] {logging_mixin.py:190} INFO - [2024-08-31T13:39:56.216+0000] {dagbag.py:587} INFO - Filling up the DagBag from /home/airflow/.local/lib/python3.12/site-packages/airflow/example_dags/example_sla_dag.py
[2024-08-31T13:39:56.223+0000] {processor.py:925} INFO - DAG(s) 'example_sla_dag' retrieved from /home/airflow/.local/lib/python3.12/site-packages/airflow/example_dags/example_sla_dag.py
[2024-08-31T13:39:56.246+0000] {logging_mixin.py:190} INFO - [2024-08-31T13:39:56.245+0000] {dag.py:3211} INFO - Sync 1 DAGs
[2024-08-31T13:39:56.267+0000] {logging_mixin.py:190} INFO - [2024-08-31T13:39:56.267+0000] {dag.py:4138} INFO - Setting next_dagrun for example_sla_dag to 2024-08-31 13:36:00+00:00, run_after=2024-08-31 13:38:00+00:00
[2024-08-31T13:39:56.283+0000] {processor.py:208} INFO - Processing /home/airflow/.local/lib/python3.12/site-packages/airflow/example_dags/example_sla_dag.py took 0.071 seconds
[2024-08-31T13:40:27.028+0000] {processor.py:186} INFO - Started process (PID=123) to work on /home/airflow/.local/lib/python3.12/site-packages/airflow/example_dags/example_sla_dag.py
[2024-08-31T13:40:27.029+0000] {processor.py:914} INFO - Processing file /home/airflow/.local/lib/python3.12/site-packages/airflow/example_dags/example_sla_dag.py for tasks to queue
[2024-08-31T13:40:27.030+0000] {logging_mixin.py:190} INFO - [2024-08-31T13:40:27.030+0000] {dagbag.py:587} INFO - Filling up the DagBag from /home/airflow/.local/lib/python3.12/site-packages/airflow/example_dags/example_sla_dag.py
[2024-08-31T13:40:27.038+0000] {processor.py:925} INFO - DAG(s) 'example_sla_dag' retrieved from /home/airflow/.local/lib/python3.12/site-packages/airflow/example_dags/example_sla_dag.py
[2024-08-31T13:40:27.058+0000] {logging_mixin.py:190} INFO - [2024-08-31T13:40:27.058+0000] {dag.py:3211} INFO - Sync 1 DAGs
[2024-08-31T13:40:27.079+0000] {logging_mixin.py:190} INFO - [2024-08-31T13:40:27.078+0000] {dag.py:4138} INFO - Setting next_dagrun for example_sla_dag to 2024-08-31 13:38:00+00:00, run_after=2024-08-31 13:40:00+00:00
[2024-08-31T13:40:27.093+0000] {processor.py:208} INFO - Processing /home/airflow/.local/lib/python3.12/site-packages/airflow/example_dags/example_sla_dag.py took 0.070 seconds
[2024-08-31T13:40:57.886+0000] {processor.py:186} INFO - Started process (PID=185) to work on /home/airflow/.local/lib/python3.12/site-packages/airflow/example_dags/example_sla_dag.py
[2024-08-31T13:40:57.887+0000] {processor.py:914} INFO - Processing file /home/airflow/.local/lib/python3.12/site-packages/airflow/example_dags/example_sla_dag.py for tasks to queue
[2024-08-31T13:40:57.888+0000] {logging_mixin.py:190} INFO - [2024-08-31T13:40:57.888+0000] {dagbag.py:587} INFO - Filling up the DagBag from /home/airflow/.local/lib/python3.12/site-packages/airflow/example_dags/example_sla_dag.py
[2024-08-31T13:40:57.895+0000] {processor.py:925} INFO - DAG(s) 'example_sla_dag' retrieved from /home/airflow/.local/lib/python3.12/site-packages/airflow/example_dags/example_sla_dag.py
[2024-08-31T13:40:57.915+0000] {logging_mixin.py:190} INFO - [2024-08-31T13:40:57.915+0000] {dag.py:3211} INFO - Sync 1 DAGs
[2024-08-31T13:40:57.938+0000] {logging_mixin.py:190} INFO - [2024-08-31T13:40:57.937+0000] {dag.py:4138} INFO - Setting next_dagrun for example_sla_dag to 2024-08-31 13:38:00+00:00, run_after=2024-08-31 13:40:00+00:00
[2024-08-31T13:40:57.951+0000] {processor.py:208} INFO - Processing /home/airflow/.local/lib/python3.12/site-packages/airflow/example_dags/example_sla_dag.py took 0.069 seconds
[2024-08-31T13:41:28.649+0000] {processor.py:186} INFO - Started process (PID=247) to work on /home/airflow/.local/lib/python3.12/site-packages/airflow/example_dags/example_sla_dag.py
[2024-08-31T13:41:28.649+0000] {processor.py:914} INFO - Processing file /home/airflow/.local/lib/python3.12/site-packages/airflow/example_dags/example_sla_dag.py for tasks to queue
[2024-08-31T13:41:28.651+0000] {logging_mixin.py:190} INFO - [2024-08-31T13:41:28.651+0000] {dagbag.py:587} INFO - Filling up the DagBag from /home/airflow/.local/lib/python3.12/site-packages/airflow/example_dags/example_sla_dag.py
[2024-08-31T13:41:28.660+0000] {processor.py:925} INFO - DAG(s) 'example_sla_dag' retrieved from /home/airflow/.local/lib/python3.12/site-packages/airflow/example_dags/example_sla_dag.py
[2024-08-31T13:41:28.679+0000] {logging_mixin.py:190} INFO - [2024-08-31T13:41:28.679+0000] {dag.py:3211} INFO - Sync 1 DAGs
[2024-08-31T13:41:28.702+0000] {logging_mixin.py:190} INFO - [2024-08-31T13:41:28.702+0000] {dag.py:4138} INFO - Setting next_dagrun for example_sla_dag to 2024-08-31 13:38:00+00:00, run_after=2024-08-31 13:40:00+00:00
[2024-08-31T13:41:28.718+0000] {processor.py:208} INFO - Processing /home/airflow/.local/lib/python3.12/site-packages/airflow/example_dags/example_sla_dag.py took 0.074 seconds
[2024-08-31T13:41:59.584+0000] {processor.py:186} INFO - Started process (PID=309) to work on /home/airflow/.local/lib/python3.12/site-packages/airflow/example_dags/example_sla_dag.py
[2024-08-31T13:41:59.585+0000] {processor.py:914} INFO - Processing file /home/airflow/.local/lib/python3.12/site-packages/airflow/example_dags/example_sla_dag.py for tasks to queue
[2024-08-31T13:41:59.586+0000] {logging_mixin.py:190} INFO - [2024-08-31T13:41:59.586+0000] {dagbag.py:587} INFO - Filling up the DagBag from /home/airflow/.local/lib/python3.12/site-packages/airflow/example_dags/example_sla_dag.py
[2024-08-31T13:41:59.591+0000] {processor.py:925} INFO - DAG(s) 'example_sla_dag' retrieved from /home/airflow/.local/lib/python3.12/site-packages/airflow/example_dags/example_sla_dag.py
[2024-08-31T13:41:59.607+0000] {logging_mixin.py:190} INFO - [2024-08-31T13:41:59.606+0000] {dag.py:3211} INFO - Sync 1 DAGs
[2024-08-31T13:41:59.627+0000] {logging_mixin.py:190} INFO - [2024-08-31T13:41:59.627+0000] {dag.py:4138} INFO - Setting next_dagrun for example_sla_dag to 2024-08-31 13:38:00+00:00, run_after=2024-08-31 13:40:00+00:00
[2024-08-31T13:41:59.641+0000] {processor.py:208} INFO - Processing /home/airflow/.local/lib/python3.12/site-packages/airflow/example_dags/example_sla_dag.py took 0.059 seconds
[2024-08-31T13:42:30.111+0000] {processor.py:186} INFO - Started process (PID=371) to work on /home/airflow/.local/lib/python3.12/site-packages/airflow/example_dags/example_sla_dag.py
[2024-08-31T13:42:30.112+0000] {processor.py:914} INFO - Processing file /home/airflow/.local/lib/python3.12/site-packages/airflow/example_dags/example_sla_dag.py for tasks to queue
[2024-08-31T13:42:30.113+0000] {logging_mixin.py:190} INFO - [2024-08-31T13:42:30.113+0000] {dagbag.py:587} INFO - Filling up the DagBag from /home/airflow/.local/lib/python3.12/site-packages/airflow/example_dags/example_sla_dag.py
[2024-08-31T13:42:30.118+0000] {processor.py:925} INFO - DAG(s) 'example_sla_dag' retrieved from /home/airflow/.local/lib/python3.12/site-packages/airflow/example_dags/example_sla_dag.py
[2024-08-31T13:42:30.130+0000] {logging_mixin.py:190} INFO - [2024-08-31T13:42:30.130+0000] {dag.py:3211} INFO - Sync 1 DAGs
[2024-08-31T13:42:30.143+0000] {logging_mixin.py:190} INFO - [2024-08-31T13:42:30.143+0000] {dag.py:4138} INFO - Setting next_dagrun for example_sla_dag to 2024-08-31 13:40:00+00:00, run_after=2024-08-31 13:42:00+00:00
[2024-08-31T13:42:30.151+0000] {processor.py:208} INFO - Processing /home/airflow/.local/lib/python3.12/site-packages/airflow/example_dags/example_sla_dag.py took 0.042 seconds
