[2024-08-31T13:39:55.694+0000] {processor.py:186} INFO - Started process (PID=52) to work on /home/airflow/.local/lib/python3.12/site-packages/airflow/example_dags/example_dataset_alias.py
[2024-08-31T13:39:55.695+0000] {processor.py:914} INFO - Processing file /home/airflow/.local/lib/python3.12/site-packages/airflow/example_dags/example_dataset_alias.py for tasks to queue
[2024-08-31T13:39:55.697+0000] {logging_mixin.py:190} INFO - [2024-08-31T13:39:55.696+0000] {dagbag.py:587} INFO - Filling up the DagBag from /home/airflow/.local/lib/python3.12/site-packages/airflow/example_dags/example_dataset_alias.py
[2024-08-31T13:39:55.813+0000] {processor.py:925} INFO - DAG(s) 'dataset_alias_example_alias_producer', 'dataset_alias_example_alias_consumer', 'dataset_s3_bucket_consumer', 'dataset_s3_bucket_producer' retrieved from /home/airflow/.local/lib/python3.12/site-packages/airflow/example_dags/example_dataset_alias.py
[2024-08-31T13:39:55.833+0000] {logging_mixin.py:190} INFO - [2024-08-31T13:39:55.833+0000] {dag.py:3211} INFO - Sync 4 DAGs
[2024-08-31T13:39:55.849+0000] {logging_mixin.py:190} INFO - [2024-08-31T13:39:55.849+0000] {dag.py:4138} INFO - Setting next_dagrun for dataset_alias_example_alias_consumer to None, run_after=None
[2024-08-31T13:39:55.851+0000] {logging_mixin.py:190} INFO - [2024-08-31T13:39:55.851+0000] {dag.py:4138} INFO - Setting next_dagrun for dataset_alias_example_alias_producer to None, run_after=None
[2024-08-31T13:39:55.852+0000] {logging_mixin.py:190} INFO - [2024-08-31T13:39:55.852+0000] {dag.py:4138} INFO - Setting next_dagrun for dataset_s3_bucket_consumer to None, run_after=None
[2024-08-31T13:39:55.853+0000] {logging_mixin.py:190} INFO - [2024-08-31T13:39:55.853+0000] {dag.py:4138} INFO - Setting next_dagrun for dataset_s3_bucket_producer to None, run_after=None
[2024-08-31T13:39:55.867+0000] {processor.py:208} INFO - Processing /home/airflow/.local/lib/python3.12/site-packages/airflow/example_dags/example_dataset_alias.py took 0.176 seconds
[2024-08-31T13:40:26.622+0000] {processor.py:186} INFO - Started process (PID=114) to work on /home/airflow/.local/lib/python3.12/site-packages/airflow/example_dags/example_dataset_alias.py
[2024-08-31T13:40:26.622+0000] {processor.py:914} INFO - Processing file /home/airflow/.local/lib/python3.12/site-packages/airflow/example_dags/example_dataset_alias.py for tasks to queue
[2024-08-31T13:40:26.623+0000] {logging_mixin.py:190} INFO - [2024-08-31T13:40:26.623+0000] {dagbag.py:587} INFO - Filling up the DagBag from /home/airflow/.local/lib/python3.12/site-packages/airflow/example_dags/example_dataset_alias.py
[2024-08-31T13:40:26.710+0000] {processor.py:925} INFO - DAG(s) 'dataset_s3_bucket_producer', 'dataset_alias_example_alias_producer', 'dataset_alias_example_alias_consumer', 'dataset_s3_bucket_consumer' retrieved from /home/airflow/.local/lib/python3.12/site-packages/airflow/example_dags/example_dataset_alias.py
[2024-08-31T13:40:26.724+0000] {logging_mixin.py:190} INFO - [2024-08-31T13:40:26.724+0000] {dag.py:3211} INFO - Sync 4 DAGs
[2024-08-31T13:40:26.736+0000] {logging_mixin.py:190} INFO - [2024-08-31T13:40:26.736+0000] {dag.py:4138} INFO - Setting next_dagrun for dataset_alias_example_alias_consumer to None, run_after=None
[2024-08-31T13:40:26.738+0000] {logging_mixin.py:190} INFO - [2024-08-31T13:40:26.738+0000] {dag.py:4138} INFO - Setting next_dagrun for dataset_alias_example_alias_producer to None, run_after=None
[2024-08-31T13:40:26.738+0000] {logging_mixin.py:190} INFO - [2024-08-31T13:40:26.738+0000] {dag.py:4138} INFO - Setting next_dagrun for dataset_s3_bucket_consumer to None, run_after=None
[2024-08-31T13:40:26.739+0000] {logging_mixin.py:190} INFO - [2024-08-31T13:40:26.739+0000] {dag.py:4138} INFO - Setting next_dagrun for dataset_s3_bucket_producer to None, run_after=None
[2024-08-31T13:40:26.752+0000] {processor.py:208} INFO - Processing /home/airflow/.local/lib/python3.12/site-packages/airflow/example_dags/example_dataset_alias.py took 0.133 seconds
[2024-08-31T13:40:57.463+0000] {processor.py:186} INFO - Started process (PID=176) to work on /home/airflow/.local/lib/python3.12/site-packages/airflow/example_dags/example_dataset_alias.py
[2024-08-31T13:40:57.463+0000] {processor.py:914} INFO - Processing file /home/airflow/.local/lib/python3.12/site-packages/airflow/example_dags/example_dataset_alias.py for tasks to queue
[2024-08-31T13:40:57.465+0000] {logging_mixin.py:190} INFO - [2024-08-31T13:40:57.465+0000] {dagbag.py:587} INFO - Filling up the DagBag from /home/airflow/.local/lib/python3.12/site-packages/airflow/example_dags/example_dataset_alias.py
[2024-08-31T13:40:57.605+0000] {processor.py:925} INFO - DAG(s) 'dataset_alias_example_alias_producer', 'dataset_s3_bucket_consumer', 'dataset_s3_bucket_producer', 'dataset_alias_example_alias_consumer' retrieved from /home/airflow/.local/lib/python3.12/site-packages/airflow/example_dags/example_dataset_alias.py
[2024-08-31T13:40:57.626+0000] {logging_mixin.py:190} INFO - [2024-08-31T13:40:57.626+0000] {dag.py:3211} INFO - Sync 4 DAGs
[2024-08-31T13:40:57.646+0000] {logging_mixin.py:190} INFO - [2024-08-31T13:40:57.646+0000] {dag.py:4138} INFO - Setting next_dagrun for dataset_alias_example_alias_consumer to None, run_after=None
[2024-08-31T13:40:57.648+0000] {logging_mixin.py:190} INFO - [2024-08-31T13:40:57.648+0000] {dag.py:4138} INFO - Setting next_dagrun for dataset_alias_example_alias_producer to None, run_after=None
[2024-08-31T13:40:57.649+0000] {logging_mixin.py:190} INFO - [2024-08-31T13:40:57.649+0000] {dag.py:4138} INFO - Setting next_dagrun for dataset_s3_bucket_consumer to None, run_after=None
[2024-08-31T13:40:57.650+0000] {logging_mixin.py:190} INFO - [2024-08-31T13:40:57.650+0000] {dag.py:4138} INFO - Setting next_dagrun for dataset_s3_bucket_producer to None, run_after=None
[2024-08-31T13:40:57.670+0000] {processor.py:208} INFO - Processing /home/airflow/.local/lib/python3.12/site-packages/airflow/example_dags/example_dataset_alias.py took 0.212 seconds
[2024-08-31T13:41:28.197+0000] {processor.py:186} INFO - Started process (PID=238) to work on /home/airflow/.local/lib/python3.12/site-packages/airflow/example_dags/example_dataset_alias.py
[2024-08-31T13:41:28.198+0000] {processor.py:914} INFO - Processing file /home/airflow/.local/lib/python3.12/site-packages/airflow/example_dags/example_dataset_alias.py for tasks to queue
[2024-08-31T13:41:28.199+0000] {logging_mixin.py:190} INFO - [2024-08-31T13:41:28.198+0000] {dagbag.py:587} INFO - Filling up the DagBag from /home/airflow/.local/lib/python3.12/site-packages/airflow/example_dags/example_dataset_alias.py
[2024-08-31T13:41:28.310+0000] {processor.py:925} INFO - DAG(s) 'dataset_s3_bucket_consumer', 'dataset_alias_example_alias_consumer', 'dataset_s3_bucket_producer', 'dataset_alias_example_alias_producer' retrieved from /home/airflow/.local/lib/python3.12/site-packages/airflow/example_dags/example_dataset_alias.py
[2024-08-31T13:41:28.329+0000] {logging_mixin.py:190} INFO - [2024-08-31T13:41:28.329+0000] {dag.py:3211} INFO - Sync 4 DAGs
[2024-08-31T13:41:28.354+0000] {logging_mixin.py:190} INFO - [2024-08-31T13:41:28.354+0000] {dag.py:4138} INFO - Setting next_dagrun for dataset_alias_example_alias_consumer to None, run_after=None
[2024-08-31T13:41:28.357+0000] {logging_mixin.py:190} INFO - [2024-08-31T13:41:28.357+0000] {dag.py:4138} INFO - Setting next_dagrun for dataset_alias_example_alias_producer to None, run_after=None
[2024-08-31T13:41:28.359+0000] {logging_mixin.py:190} INFO - [2024-08-31T13:41:28.358+0000] {dag.py:4138} INFO - Setting next_dagrun for dataset_s3_bucket_consumer to None, run_after=None
[2024-08-31T13:41:28.361+0000] {logging_mixin.py:190} INFO - [2024-08-31T13:41:28.361+0000] {dag.py:4138} INFO - Setting next_dagrun for dataset_s3_bucket_producer to None, run_after=None
[2024-08-31T13:41:28.380+0000] {processor.py:208} INFO - Processing /home/airflow/.local/lib/python3.12/site-packages/airflow/example_dags/example_dataset_alias.py took 0.187 seconds
[2024-08-31T13:41:59.225+0000] {processor.py:186} INFO - Started process (PID=300) to work on /home/airflow/.local/lib/python3.12/site-packages/airflow/example_dags/example_dataset_alias.py
[2024-08-31T13:41:59.226+0000] {processor.py:914} INFO - Processing file /home/airflow/.local/lib/python3.12/site-packages/airflow/example_dags/example_dataset_alias.py for tasks to queue
[2024-08-31T13:41:59.228+0000] {logging_mixin.py:190} INFO - [2024-08-31T13:41:59.227+0000] {dagbag.py:587} INFO - Filling up the DagBag from /home/airflow/.local/lib/python3.12/site-packages/airflow/example_dags/example_dataset_alias.py
[2024-08-31T13:41:59.317+0000] {processor.py:925} INFO - DAG(s) 'dataset_alias_example_alias_consumer', 'dataset_alias_example_alias_producer', 'dataset_s3_bucket_consumer', 'dataset_s3_bucket_producer' retrieved from /home/airflow/.local/lib/python3.12/site-packages/airflow/example_dags/example_dataset_alias.py
[2024-08-31T13:41:59.335+0000] {logging_mixin.py:190} INFO - [2024-08-31T13:41:59.335+0000] {dag.py:3211} INFO - Sync 4 DAGs
[2024-08-31T13:41:59.354+0000] {logging_mixin.py:190} INFO - [2024-08-31T13:41:59.354+0000] {dag.py:4138} INFO - Setting next_dagrun for dataset_alias_example_alias_consumer to None, run_after=None
[2024-08-31T13:41:59.356+0000] {logging_mixin.py:190} INFO - [2024-08-31T13:41:59.356+0000] {dag.py:4138} INFO - Setting next_dagrun for dataset_alias_example_alias_producer to None, run_after=None
[2024-08-31T13:41:59.357+0000] {logging_mixin.py:190} INFO - [2024-08-31T13:41:59.357+0000] {dag.py:4138} INFO - Setting next_dagrun for dataset_s3_bucket_consumer to None, run_after=None
[2024-08-31T13:41:59.358+0000] {logging_mixin.py:190} INFO - [2024-08-31T13:41:59.358+0000] {dag.py:4138} INFO - Setting next_dagrun for dataset_s3_bucket_producer to None, run_after=None
[2024-08-31T13:41:59.376+0000] {processor.py:208} INFO - Processing /home/airflow/.local/lib/python3.12/site-packages/airflow/example_dags/example_dataset_alias.py took 0.157 seconds
[2024-08-31T13:42:29.660+0000] {processor.py:186} INFO - Started process (PID=362) to work on /home/airflow/.local/lib/python3.12/site-packages/airflow/example_dags/example_dataset_alias.py
[2024-08-31T13:42:29.662+0000] {processor.py:914} INFO - Processing file /home/airflow/.local/lib/python3.12/site-packages/airflow/example_dags/example_dataset_alias.py for tasks to queue
[2024-08-31T13:42:29.663+0000] {logging_mixin.py:190} INFO - [2024-08-31T13:42:29.663+0000] {dagbag.py:587} INFO - Filling up the DagBag from /home/airflow/.local/lib/python3.12/site-packages/airflow/example_dags/example_dataset_alias.py
[2024-08-31T13:42:29.754+0000] {processor.py:925} INFO - DAG(s) 'dataset_alias_example_alias_consumer', 'dataset_s3_bucket_producer', 'dataset_alias_example_alias_producer', 'dataset_s3_bucket_consumer' retrieved from /home/airflow/.local/lib/python3.12/site-packages/airflow/example_dags/example_dataset_alias.py
[2024-08-31T13:42:29.773+0000] {logging_mixin.py:190} INFO - [2024-08-31T13:42:29.773+0000] {dag.py:3211} INFO - Sync 4 DAGs
[2024-08-31T13:42:29.792+0000] {logging_mixin.py:190} INFO - [2024-08-31T13:42:29.792+0000] {dag.py:4138} INFO - Setting next_dagrun for dataset_alias_example_alias_consumer to None, run_after=None
[2024-08-31T13:42:29.794+0000] {logging_mixin.py:190} INFO - [2024-08-31T13:42:29.794+0000] {dag.py:4138} INFO - Setting next_dagrun for dataset_alias_example_alias_producer to None, run_after=None
[2024-08-31T13:42:29.795+0000] {logging_mixin.py:190} INFO - [2024-08-31T13:42:29.795+0000] {dag.py:4138} INFO - Setting next_dagrun for dataset_s3_bucket_consumer to None, run_after=None
[2024-08-31T13:42:29.796+0000] {logging_mixin.py:190} INFO - [2024-08-31T13:42:29.796+0000] {dag.py:4138} INFO - Setting next_dagrun for dataset_s3_bucket_producer to None, run_after=None
[2024-08-31T13:42:29.814+0000] {processor.py:208} INFO - Processing /home/airflow/.local/lib/python3.12/site-packages/airflow/example_dags/example_dataset_alias.py took 0.158 seconds
