[2024-08-31T13:39:56.549+0000] {processor.py:186} INFO - Started process (PID=68) to work on /home/airflow/.local/lib/python3.12/site-packages/airflow/example_dags/example_nested_branch_dag.py
[2024-08-31T13:39:56.549+0000] {processor.py:914} INFO - Processing file /home/airflow/.local/lib/python3.12/site-packages/airflow/example_dags/example_nested_branch_dag.py for tasks to queue
[2024-08-31T13:39:56.550+0000] {logging_mixin.py:190} INFO - [2024-08-31T13:39:56.550+0000] {dagbag.py:587} INFO - Filling up the DagBag from /home/airflow/.local/lib/python3.12/site-packages/airflow/example_dags/example_nested_branch_dag.py
[2024-08-31T13:39:56.556+0000] {processor.py:925} INFO - DAG(s) 'example_nested_branch_dag' retrieved from /home/airflow/.local/lib/python3.12/site-packages/airflow/example_dags/example_nested_branch_dag.py
[2024-08-31T13:39:56.571+0000] {logging_mixin.py:190} INFO - [2024-08-31T13:39:56.571+0000] {dag.py:3211} INFO - Sync 1 DAGs
[2024-08-31T13:39:56.584+0000] {logging_mixin.py:190} INFO - [2024-08-31T13:39:56.584+0000] {dag.py:4138} INFO - Setting next_dagrun for example_nested_branch_dag to 2024-08-30 00:00:00+00:00, run_after=2024-08-31 00:00:00+00:00
[2024-08-31T13:39:56.595+0000] {processor.py:208} INFO - Processing /home/airflow/.local/lib/python3.12/site-packages/airflow/example_dags/example_nested_branch_dag.py took 0.050 seconds
[2024-08-31T13:40:27.329+0000] {processor.py:186} INFO - Started process (PID=130) to work on /home/airflow/.local/lib/python3.12/site-packages/airflow/example_dags/example_nested_branch_dag.py
[2024-08-31T13:40:27.330+0000] {processor.py:914} INFO - Processing file /home/airflow/.local/lib/python3.12/site-packages/airflow/example_dags/example_nested_branch_dag.py for tasks to queue
[2024-08-31T13:40:27.331+0000] {logging_mixin.py:190} INFO - [2024-08-31T13:40:27.331+0000] {dagbag.py:587} INFO - Filling up the DagBag from /home/airflow/.local/lib/python3.12/site-packages/airflow/example_dags/example_nested_branch_dag.py
[2024-08-31T13:40:27.337+0000] {processor.py:925} INFO - DAG(s) 'example_nested_branch_dag' retrieved from /home/airflow/.local/lib/python3.12/site-packages/airflow/example_dags/example_nested_branch_dag.py
[2024-08-31T13:40:27.356+0000] {logging_mixin.py:190} INFO - [2024-08-31T13:40:27.356+0000] {dag.py:3211} INFO - Sync 1 DAGs
[2024-08-31T13:40:27.375+0000] {logging_mixin.py:190} INFO - [2024-08-31T13:40:27.375+0000] {dag.py:4138} INFO - Setting next_dagrun for example_nested_branch_dag to 2024-08-30 00:00:00+00:00, run_after=2024-08-31 00:00:00+00:00
[2024-08-31T13:40:27.390+0000] {processor.py:208} INFO - Processing /home/airflow/.local/lib/python3.12/site-packages/airflow/example_dags/example_nested_branch_dag.py took 0.064 seconds
[2024-08-31T13:40:58.225+0000] {processor.py:186} INFO - Started process (PID=192) to work on /home/airflow/.local/lib/python3.12/site-packages/airflow/example_dags/example_nested_branch_dag.py
[2024-08-31T13:40:58.226+0000] {processor.py:914} INFO - Processing file /home/airflow/.local/lib/python3.12/site-packages/airflow/example_dags/example_nested_branch_dag.py for tasks to queue
[2024-08-31T13:40:58.227+0000] {logging_mixin.py:190} INFO - [2024-08-31T13:40:58.227+0000] {dagbag.py:587} INFO - Filling up the DagBag from /home/airflow/.local/lib/python3.12/site-packages/airflow/example_dags/example_nested_branch_dag.py
[2024-08-31T13:40:58.233+0000] {processor.py:925} INFO - DAG(s) 'example_nested_branch_dag' retrieved from /home/airflow/.local/lib/python3.12/site-packages/airflow/example_dags/example_nested_branch_dag.py
[2024-08-31T13:40:58.249+0000] {logging_mixin.py:190} INFO - [2024-08-31T13:40:58.249+0000] {dag.py:3211} INFO - Sync 1 DAGs
[2024-08-31T13:40:58.264+0000] {logging_mixin.py:190} INFO - [2024-08-31T13:40:58.264+0000] {dag.py:4138} INFO - Setting next_dagrun for example_nested_branch_dag to 2024-08-30 00:00:00+00:00, run_after=2024-08-31 00:00:00+00:00
[2024-08-31T13:40:58.274+0000] {processor.py:208} INFO - Processing /home/airflow/.local/lib/python3.12/site-packages/airflow/example_dags/example_nested_branch_dag.py took 0.053 seconds
[2024-08-31T13:41:29.208+0000] {processor.py:186} INFO - Started process (PID=254) to work on /home/airflow/.local/lib/python3.12/site-packages/airflow/example_dags/example_nested_branch_dag.py
[2024-08-31T13:41:29.208+0000] {processor.py:914} INFO - Processing file /home/airflow/.local/lib/python3.12/site-packages/airflow/example_dags/example_nested_branch_dag.py for tasks to queue
[2024-08-31T13:41:29.210+0000] {logging_mixin.py:190} INFO - [2024-08-31T13:41:29.209+0000] {dagbag.py:587} INFO - Filling up the DagBag from /home/airflow/.local/lib/python3.12/site-packages/airflow/example_dags/example_nested_branch_dag.py
[2024-08-31T13:41:29.216+0000] {processor.py:925} INFO - DAG(s) 'example_nested_branch_dag' retrieved from /home/airflow/.local/lib/python3.12/site-packages/airflow/example_dags/example_nested_branch_dag.py
[2024-08-31T13:41:29.235+0000] {logging_mixin.py:190} INFO - [2024-08-31T13:41:29.235+0000] {dag.py:3211} INFO - Sync 1 DAGs
[2024-08-31T13:41:29.256+0000] {logging_mixin.py:190} INFO - [2024-08-31T13:41:29.256+0000] {dag.py:4138} INFO - Setting next_dagrun for example_nested_branch_dag to 2024-08-30 00:00:00+00:00, run_after=2024-08-31 00:00:00+00:00
[2024-08-31T13:41:29.272+0000] {processor.py:208} INFO - Processing /home/airflow/.local/lib/python3.12/site-packages/airflow/example_dags/example_nested_branch_dag.py took 0.068 seconds
[2024-08-31T13:41:59.891+0000] {processor.py:186} INFO - Started process (PID=316) to work on /home/airflow/.local/lib/python3.12/site-packages/airflow/example_dags/example_nested_branch_dag.py
[2024-08-31T13:41:59.891+0000] {processor.py:914} INFO - Processing file /home/airflow/.local/lib/python3.12/site-packages/airflow/example_dags/example_nested_branch_dag.py for tasks to queue
[2024-08-31T13:41:59.892+0000] {logging_mixin.py:190} INFO - [2024-08-31T13:41:59.892+0000] {dagbag.py:587} INFO - Filling up the DagBag from /home/airflow/.local/lib/python3.12/site-packages/airflow/example_dags/example_nested_branch_dag.py
[2024-08-31T13:41:59.898+0000] {processor.py:925} INFO - DAG(s) 'example_nested_branch_dag' retrieved from /home/airflow/.local/lib/python3.12/site-packages/airflow/example_dags/example_nested_branch_dag.py
[2024-08-31T13:41:59.914+0000] {logging_mixin.py:190} INFO - [2024-08-31T13:41:59.914+0000] {dag.py:3211} INFO - Sync 1 DAGs
[2024-08-31T13:41:59.927+0000] {logging_mixin.py:190} INFO - [2024-08-31T13:41:59.927+0000] {dag.py:4138} INFO - Setting next_dagrun for example_nested_branch_dag to 2024-08-30 00:00:00+00:00, run_after=2024-08-31 00:00:00+00:00
[2024-08-31T13:41:59.938+0000] {processor.py:208} INFO - Processing /home/airflow/.local/lib/python3.12/site-packages/airflow/example_dags/example_nested_branch_dag.py took 0.050 seconds
[2024-08-31T13:42:30.381+0000] {processor.py:186} INFO - Started process (PID=378) to work on /home/airflow/.local/lib/python3.12/site-packages/airflow/example_dags/example_nested_branch_dag.py
[2024-08-31T13:42:30.382+0000] {processor.py:914} INFO - Processing file /home/airflow/.local/lib/python3.12/site-packages/airflow/example_dags/example_nested_branch_dag.py for tasks to queue
[2024-08-31T13:42:30.383+0000] {logging_mixin.py:190} INFO - [2024-08-31T13:42:30.383+0000] {dagbag.py:587} INFO - Filling up the DagBag from /home/airflow/.local/lib/python3.12/site-packages/airflow/example_dags/example_nested_branch_dag.py
[2024-08-31T13:42:30.389+0000] {processor.py:925} INFO - DAG(s) 'example_nested_branch_dag' retrieved from /home/airflow/.local/lib/python3.12/site-packages/airflow/example_dags/example_nested_branch_dag.py
[2024-08-31T13:42:30.403+0000] {logging_mixin.py:190} INFO - [2024-08-31T13:42:30.403+0000] {dag.py:3211} INFO - Sync 1 DAGs
[2024-08-31T13:42:30.416+0000] {logging_mixin.py:190} INFO - [2024-08-31T13:42:30.416+0000] {dag.py:4138} INFO - Setting next_dagrun for example_nested_branch_dag to 2024-08-30 00:00:00+00:00, run_after=2024-08-31 00:00:00+00:00
[2024-08-31T13:42:30.428+0000] {processor.py:208} INFO - Processing /home/airflow/.local/lib/python3.12/site-packages/airflow/example_dags/example_nested_branch_dag.py took 0.050 seconds
