[2024-08-31T13:39:56.821+0000] {processor.py:186} INFO - Started process (PID=74) to work on /home/airflow/.local/lib/python3.12/site-packages/airflow/example_dags/example_skip_dag.py
[2024-08-31T13:39:56.821+0000] {processor.py:914} INFO - Processing file /home/airflow/.local/lib/python3.12/site-packages/airflow/example_dags/example_skip_dag.py for tasks to queue
[2024-08-31T13:39:56.823+0000] {logging_mixin.py:190} INFO - [2024-08-31T13:39:56.823+0000] {dagbag.py:587} INFO - Filling up the DagBag from /home/airflow/.local/lib/python3.12/site-packages/airflow/example_dags/example_skip_dag.py
[2024-08-31T13:39:56.829+0000] {processor.py:925} INFO - DAG(s) 'example_skip_dag' retrieved from /home/airflow/.local/lib/python3.12/site-packages/airflow/example_dags/example_skip_dag.py
[2024-08-31T13:39:56.847+0000] {logging_mixin.py:190} INFO - [2024-08-31T13:39:56.847+0000] {dag.py:3211} INFO - Sync 1 DAGs
[2024-08-31T13:39:56.864+0000] {logging_mixin.py:190} INFO - [2024-08-31T13:39:56.864+0000] {dag.py:4138} INFO - Setting next_dagrun for example_skip_dag to 2024-08-30 00:00:00+00:00, run_after=2024-08-31 00:00:00+00:00
[2024-08-31T13:39:56.878+0000] {processor.py:208} INFO - Processing /home/airflow/.local/lib/python3.12/site-packages/airflow/example_dags/example_skip_dag.py took 0.060 seconds
[2024-08-31T13:40:27.756+0000] {processor.py:186} INFO - Started process (PID=136) to work on /home/airflow/.local/lib/python3.12/site-packages/airflow/example_dags/example_skip_dag.py
[2024-08-31T13:40:27.757+0000] {processor.py:914} INFO - Processing file /home/airflow/.local/lib/python3.12/site-packages/airflow/example_dags/example_skip_dag.py for tasks to queue
[2024-08-31T13:40:27.758+0000] {logging_mixin.py:190} INFO - [2024-08-31T13:40:27.758+0000] {dagbag.py:587} INFO - Filling up the DagBag from /home/airflow/.local/lib/python3.12/site-packages/airflow/example_dags/example_skip_dag.py
[2024-08-31T13:40:27.763+0000] {processor.py:925} INFO - DAG(s) 'example_skip_dag' retrieved from /home/airflow/.local/lib/python3.12/site-packages/airflow/example_dags/example_skip_dag.py
[2024-08-31T13:40:27.780+0000] {logging_mixin.py:190} INFO - [2024-08-31T13:40:27.780+0000] {dag.py:3211} INFO - Sync 1 DAGs
[2024-08-31T13:40:27.798+0000] {logging_mixin.py:190} INFO - [2024-08-31T13:40:27.798+0000] {dag.py:4138} INFO - Setting next_dagrun for example_skip_dag to 2024-08-30 00:00:00+00:00, run_after=2024-08-31 00:00:00+00:00
[2024-08-31T13:40:27.812+0000] {processor.py:208} INFO - Processing /home/airflow/.local/lib/python3.12/site-packages/airflow/example_dags/example_skip_dag.py took 0.060 seconds
[2024-08-31T13:40:58.473+0000] {processor.py:186} INFO - Started process (PID=198) to work on /home/airflow/.local/lib/python3.12/site-packages/airflow/example_dags/example_skip_dag.py
[2024-08-31T13:40:58.474+0000] {processor.py:914} INFO - Processing file /home/airflow/.local/lib/python3.12/site-packages/airflow/example_dags/example_skip_dag.py for tasks to queue
[2024-08-31T13:40:58.476+0000] {logging_mixin.py:190} INFO - [2024-08-31T13:40:58.475+0000] {dagbag.py:587} INFO - Filling up the DagBag from /home/airflow/.local/lib/python3.12/site-packages/airflow/example_dags/example_skip_dag.py
[2024-08-31T13:40:58.479+0000] {processor.py:925} INFO - DAG(s) 'example_skip_dag' retrieved from /home/airflow/.local/lib/python3.12/site-packages/airflow/example_dags/example_skip_dag.py
[2024-08-31T13:40:58.492+0000] {logging_mixin.py:190} INFO - [2024-08-31T13:40:58.492+0000] {dag.py:3211} INFO - Sync 1 DAGs
[2024-08-31T13:40:58.506+0000] {logging_mixin.py:190} INFO - [2024-08-31T13:40:58.506+0000] {dag.py:4138} INFO - Setting next_dagrun for example_skip_dag to 2024-08-30 00:00:00+00:00, run_after=2024-08-31 00:00:00+00:00
[2024-08-31T13:40:58.516+0000] {processor.py:208} INFO - Processing /home/airflow/.local/lib/python3.12/site-packages/airflow/example_dags/example_skip_dag.py took 0.046 seconds
[2024-08-31T13:41:29.533+0000] {processor.py:186} INFO - Started process (PID=260) to work on /home/airflow/.local/lib/python3.12/site-packages/airflow/example_dags/example_skip_dag.py
[2024-08-31T13:41:29.533+0000] {processor.py:914} INFO - Processing file /home/airflow/.local/lib/python3.12/site-packages/airflow/example_dags/example_skip_dag.py for tasks to queue
[2024-08-31T13:41:29.534+0000] {logging_mixin.py:190} INFO - [2024-08-31T13:41:29.534+0000] {dagbag.py:587} INFO - Filling up the DagBag from /home/airflow/.local/lib/python3.12/site-packages/airflow/example_dags/example_skip_dag.py
[2024-08-31T13:41:29.538+0000] {processor.py:925} INFO - DAG(s) 'example_skip_dag' retrieved from /home/airflow/.local/lib/python3.12/site-packages/airflow/example_dags/example_skip_dag.py
[2024-08-31T13:41:29.557+0000] {logging_mixin.py:190} INFO - [2024-08-31T13:41:29.557+0000] {dag.py:3211} INFO - Sync 1 DAGs
[2024-08-31T13:41:29.577+0000] {logging_mixin.py:190} INFO - [2024-08-31T13:41:29.576+0000] {dag.py:4138} INFO - Setting next_dagrun for example_skip_dag to 2024-08-30 00:00:00+00:00, run_after=2024-08-31 00:00:00+00:00
[2024-08-31T13:41:29.591+0000] {processor.py:208} INFO - Processing /home/airflow/.local/lib/python3.12/site-packages/airflow/example_dags/example_skip_dag.py took 0.062 seconds
[2024-08-31T13:42:00.128+0000] {processor.py:186} INFO - Started process (PID=322) to work on /home/airflow/.local/lib/python3.12/site-packages/airflow/example_dags/example_skip_dag.py
[2024-08-31T13:42:00.129+0000] {processor.py:914} INFO - Processing file /home/airflow/.local/lib/python3.12/site-packages/airflow/example_dags/example_skip_dag.py for tasks to queue
[2024-08-31T13:42:00.130+0000] {logging_mixin.py:190} INFO - [2024-08-31T13:42:00.130+0000] {dagbag.py:587} INFO - Filling up the DagBag from /home/airflow/.local/lib/python3.12/site-packages/airflow/example_dags/example_skip_dag.py
[2024-08-31T13:42:00.134+0000] {processor.py:925} INFO - DAG(s) 'example_skip_dag' retrieved from /home/airflow/.local/lib/python3.12/site-packages/airflow/example_dags/example_skip_dag.py
[2024-08-31T13:42:00.151+0000] {logging_mixin.py:190} INFO - [2024-08-31T13:42:00.151+0000] {dag.py:3211} INFO - Sync 1 DAGs
[2024-08-31T13:42:00.169+0000] {logging_mixin.py:190} INFO - [2024-08-31T13:42:00.169+0000] {dag.py:4138} INFO - Setting next_dagrun for example_skip_dag to 2024-08-30 00:00:00+00:00, run_after=2024-08-31 00:00:00+00:00
[2024-08-31T13:42:00.182+0000] {processor.py:208} INFO - Processing /home/airflow/.local/lib/python3.12/site-packages/airflow/example_dags/example_skip_dag.py took 0.056 seconds
[2024-08-31T13:42:30.638+0000] {processor.py:186} INFO - Started process (PID=384) to work on /home/airflow/.local/lib/python3.12/site-packages/airflow/example_dags/example_skip_dag.py
[2024-08-31T13:42:30.639+0000] {processor.py:914} INFO - Processing file /home/airflow/.local/lib/python3.12/site-packages/airflow/example_dags/example_skip_dag.py for tasks to queue
[2024-08-31T13:42:30.640+0000] {logging_mixin.py:190} INFO - [2024-08-31T13:42:30.640+0000] {dagbag.py:587} INFO - Filling up the DagBag from /home/airflow/.local/lib/python3.12/site-packages/airflow/example_dags/example_skip_dag.py
[2024-08-31T13:42:30.644+0000] {processor.py:925} INFO - DAG(s) 'example_skip_dag' retrieved from /home/airflow/.local/lib/python3.12/site-packages/airflow/example_dags/example_skip_dag.py
[2024-08-31T13:42:30.658+0000] {logging_mixin.py:190} INFO - [2024-08-31T13:42:30.657+0000] {dag.py:3211} INFO - Sync 1 DAGs
[2024-08-31T13:42:30.671+0000] {logging_mixin.py:190} INFO - [2024-08-31T13:42:30.671+0000] {dag.py:4138} INFO - Setting next_dagrun for example_skip_dag to 2024-08-30 00:00:00+00:00, run_after=2024-08-31 00:00:00+00:00
[2024-08-31T13:42:30.683+0000] {processor.py:208} INFO - Processing /home/airflow/.local/lib/python3.12/site-packages/airflow/example_dags/example_skip_dag.py took 0.047 seconds
