[2024-08-31T13:39:55.291+0000] {processor.py:186} INFO - Started process (PID=44) to work on /home/airflow/.local/lib/python3.12/site-packages/airflow/example_dags/example_params_trigger_ui.py
[2024-08-31T13:39:55.292+0000] {processor.py:914} INFO - Processing file /home/airflow/.local/lib/python3.12/site-packages/airflow/example_dags/example_params_trigger_ui.py for tasks to queue
[2024-08-31T13:39:55.293+0000] {logging_mixin.py:190} INFO - [2024-08-31T13:39:55.293+0000] {dagbag.py:587} INFO - Filling up the DagBag from /home/airflow/.local/lib/python3.12/site-packages/airflow/example_dags/example_params_trigger_ui.py
[2024-08-31T13:39:55.302+0000] {processor.py:925} INFO - DAG(s) 'example_params_trigger_ui' retrieved from /home/airflow/.local/lib/python3.12/site-packages/airflow/example_dags/example_params_trigger_ui.py
[2024-08-31T13:39:55.352+0000] {logging_mixin.py:190} INFO - [2024-08-31T13:39:55.352+0000] {dag.py:3211} INFO - Sync 1 DAGs
[2024-08-31T13:39:55.365+0000] {logging_mixin.py:190} INFO - [2024-08-31T13:39:55.365+0000] {dag.py:4138} INFO - Setting next_dagrun for example_params_trigger_ui to None, run_after=None
[2024-08-31T13:39:55.381+0000] {processor.py:208} INFO - Processing /home/airflow/.local/lib/python3.12/site-packages/airflow/example_dags/example_params_trigger_ui.py took 0.093 seconds
[2024-08-31T13:40:26.285+0000] {processor.py:186} INFO - Started process (PID=106) to work on /home/airflow/.local/lib/python3.12/site-packages/airflow/example_dags/example_params_trigger_ui.py
[2024-08-31T13:40:26.286+0000] {processor.py:914} INFO - Processing file /home/airflow/.local/lib/python3.12/site-packages/airflow/example_dags/example_params_trigger_ui.py for tasks to queue
[2024-08-31T13:40:26.287+0000] {logging_mixin.py:190} INFO - [2024-08-31T13:40:26.287+0000] {dagbag.py:587} INFO - Filling up the DagBag from /home/airflow/.local/lib/python3.12/site-packages/airflow/example_dags/example_params_trigger_ui.py
[2024-08-31T13:40:26.293+0000] {processor.py:925} INFO - DAG(s) 'example_params_trigger_ui' retrieved from /home/airflow/.local/lib/python3.12/site-packages/airflow/example_dags/example_params_trigger_ui.py
[2024-08-31T13:40:26.331+0000] {logging_mixin.py:190} INFO - [2024-08-31T13:40:26.331+0000] {dag.py:3211} INFO - Sync 1 DAGs
[2024-08-31T13:40:26.342+0000] {logging_mixin.py:190} INFO - [2024-08-31T13:40:26.342+0000] {dag.py:4138} INFO - Setting next_dagrun for example_params_trigger_ui to None, run_after=None
[2024-08-31T13:40:26.355+0000] {processor.py:208} INFO - Processing /home/airflow/.local/lib/python3.12/site-packages/airflow/example_dags/example_params_trigger_ui.py took 0.074 seconds
[2024-08-31T13:40:57.099+0000] {processor.py:186} INFO - Started process (PID=168) to work on /home/airflow/.local/lib/python3.12/site-packages/airflow/example_dags/example_params_trigger_ui.py
[2024-08-31T13:40:57.100+0000] {processor.py:914} INFO - Processing file /home/airflow/.local/lib/python3.12/site-packages/airflow/example_dags/example_params_trigger_ui.py for tasks to queue
[2024-08-31T13:40:57.101+0000] {logging_mixin.py:190} INFO - [2024-08-31T13:40:57.101+0000] {dagbag.py:587} INFO - Filling up the DagBag from /home/airflow/.local/lib/python3.12/site-packages/airflow/example_dags/example_params_trigger_ui.py
[2024-08-31T13:40:57.110+0000] {processor.py:925} INFO - DAG(s) 'example_params_trigger_ui' retrieved from /home/airflow/.local/lib/python3.12/site-packages/airflow/example_dags/example_params_trigger_ui.py
[2024-08-31T13:40:57.148+0000] {logging_mixin.py:190} INFO - [2024-08-31T13:40:57.147+0000] {dag.py:3211} INFO - Sync 1 DAGs
[2024-08-31T13:40:57.159+0000] {logging_mixin.py:190} INFO - [2024-08-31T13:40:57.159+0000] {dag.py:4138} INFO - Setting next_dagrun for example_params_trigger_ui to None, run_after=None
[2024-08-31T13:40:57.173+0000] {processor.py:208} INFO - Processing /home/airflow/.local/lib/python3.12/site-packages/airflow/example_dags/example_params_trigger_ui.py took 0.078 seconds
[2024-08-31T13:41:27.657+0000] {processor.py:186} INFO - Started process (PID=230) to work on /home/airflow/.local/lib/python3.12/site-packages/airflow/example_dags/example_params_trigger_ui.py
[2024-08-31T13:41:27.657+0000] {processor.py:914} INFO - Processing file /home/airflow/.local/lib/python3.12/site-packages/airflow/example_dags/example_params_trigger_ui.py for tasks to queue
[2024-08-31T13:41:27.659+0000] {logging_mixin.py:190} INFO - [2024-08-31T13:41:27.659+0000] {dagbag.py:587} INFO - Filling up the DagBag from /home/airflow/.local/lib/python3.12/site-packages/airflow/example_dags/example_params_trigger_ui.py
[2024-08-31T13:41:27.666+0000] {processor.py:925} INFO - DAG(s) 'example_params_trigger_ui' retrieved from /home/airflow/.local/lib/python3.12/site-packages/airflow/example_dags/example_params_trigger_ui.py
[2024-08-31T13:41:27.700+0000] {logging_mixin.py:190} INFO - [2024-08-31T13:41:27.700+0000] {dag.py:3211} INFO - Sync 1 DAGs
[2024-08-31T13:41:27.711+0000] {logging_mixin.py:190} INFO - [2024-08-31T13:41:27.711+0000] {dag.py:4138} INFO - Setting next_dagrun for example_params_trigger_ui to None, run_after=None
[2024-08-31T13:41:27.725+0000] {processor.py:208} INFO - Processing /home/airflow/.local/lib/python3.12/site-packages/airflow/example_dags/example_params_trigger_ui.py took 0.071 seconds
[2024-08-31T13:41:57.767+0000] {processor.py:186} INFO - Started process (PID=291) to work on /home/airflow/.local/lib/python3.12/site-packages/airflow/example_dags/example_params_trigger_ui.py
[2024-08-31T13:41:57.774+0000] {processor.py:914} INFO - Processing file /home/airflow/.local/lib/python3.12/site-packages/airflow/example_dags/example_params_trigger_ui.py for tasks to queue
[2024-08-31T13:41:57.777+0000] {logging_mixin.py:190} INFO - [2024-08-31T13:41:57.776+0000] {dagbag.py:587} INFO - Filling up the DagBag from /home/airflow/.local/lib/python3.12/site-packages/airflow/example_dags/example_params_trigger_ui.py
[2024-08-31T13:41:57.786+0000] {processor.py:925} INFO - DAG(s) 'example_params_trigger_ui' retrieved from /home/airflow/.local/lib/python3.12/site-packages/airflow/example_dags/example_params_trigger_ui.py
[2024-08-31T13:41:57.819+0000] {logging_mixin.py:190} INFO - [2024-08-31T13:41:57.818+0000] {dag.py:3211} INFO - Sync 1 DAGs
[2024-08-31T13:41:57.828+0000] {logging_mixin.py:190} INFO - [2024-08-31T13:41:57.828+0000] {dag.py:4138} INFO - Setting next_dagrun for example_params_trigger_ui to None, run_after=None
[2024-08-31T13:41:57.840+0000] {processor.py:208} INFO - Processing /home/airflow/.local/lib/python3.12/site-packages/airflow/example_dags/example_params_trigger_ui.py took 0.076 seconds
[2024-08-31T13:42:28.291+0000] {processor.py:186} INFO - Started process (PID=354) to work on /home/airflow/.local/lib/python3.12/site-packages/airflow/example_dags/example_params_trigger_ui.py
[2024-08-31T13:42:28.291+0000] {processor.py:914} INFO - Processing file /home/airflow/.local/lib/python3.12/site-packages/airflow/example_dags/example_params_trigger_ui.py for tasks to queue
[2024-08-31T13:42:28.293+0000] {logging_mixin.py:190} INFO - [2024-08-31T13:42:28.292+0000] {dagbag.py:587} INFO - Filling up the DagBag from /home/airflow/.local/lib/python3.12/site-packages/airflow/example_dags/example_params_trigger_ui.py
[2024-08-31T13:42:28.298+0000] {processor.py:925} INFO - DAG(s) 'example_params_trigger_ui' retrieved from /home/airflow/.local/lib/python3.12/site-packages/airflow/example_dags/example_params_trigger_ui.py
[2024-08-31T13:42:28.335+0000] {logging_mixin.py:190} INFO - [2024-08-31T13:42:28.334+0000] {dag.py:3211} INFO - Sync 1 DAGs
[2024-08-31T13:42:28.346+0000] {logging_mixin.py:190} INFO - [2024-08-31T13:42:28.346+0000] {dag.py:4138} INFO - Setting next_dagrun for example_params_trigger_ui to None, run_after=None
[2024-08-31T13:42:28.361+0000] {processor.py:208} INFO - Processing /home/airflow/.local/lib/python3.12/site-packages/airflow/example_dags/example_params_trigger_ui.py took 0.073 seconds
