[2024-08-31T13:39:54.808+0000] {processor.py:186} INFO - Started process (PID=39) to work on /home/airflow/.local/lib/python3.12/site-packages/airflow/example_dags/example_datasets.py
[2024-08-31T13:39:54.809+0000] {processor.py:914} INFO - Processing file /home/airflow/.local/lib/python3.12/site-packages/airflow/example_dags/example_datasets.py for tasks to queue
[2024-08-31T13:39:54.811+0000] {logging_mixin.py:190} INFO - [2024-08-31T13:39:54.811+0000] {dagbag.py:587} INFO - Filling up the DagBag from /home/airflow/.local/lib/python3.12/site-packages/airflow/example_dags/example_datasets.py
[2024-08-31T13:39:55.171+0000] {processor.py:925} INFO - DAG(s) 'dataset_produces_1', 'dataset_consumes_1_and_2', 'conditional_dataset_and_time_based_timetable', 'consume_1_and_2_with_dataset_expressions', 'dataset_produces_2', 'dataset_consumes_1', 'dataset_consumes_unknown_never_scheduled', 'consume_1_or_both_2_and_3_with_dataset_expressions', 'consume_1_or_2_with_dataset_expressions', 'dataset_consumes_1_never_scheduled' retrieved from /home/airflow/.local/lib/python3.12/site-packages/airflow/example_dags/example_datasets.py
[2024-08-31T13:39:55.221+0000] {logging_mixin.py:190} INFO - [2024-08-31T13:39:55.220+0000] {dag.py:3211} INFO - Sync 10 DAGs
[2024-08-31T13:39:55.248+0000] {logging_mixin.py:190} INFO - [2024-08-31T13:39:55.247+0000] {dag.py:4138} INFO - Setting next_dagrun for conditional_dataset_and_time_based_timetable to 2024-08-28 01:00:00+00:00, run_after=2024-08-28 01:00:00+00:00
[2024-08-31T13:39:55.252+0000] {logging_mixin.py:190} INFO - [2024-08-31T13:39:55.252+0000] {dag.py:4138} INFO - Setting next_dagrun for consume_1_and_2_with_dataset_expressions to None, run_after=None
[2024-08-31T13:39:55.253+0000] {logging_mixin.py:190} INFO - [2024-08-31T13:39:55.253+0000] {dag.py:4138} INFO - Setting next_dagrun for consume_1_or_2_with_dataset_expressions to None, run_after=None
[2024-08-31T13:39:55.254+0000] {logging_mixin.py:190} INFO - [2024-08-31T13:39:55.254+0000] {dag.py:4138} INFO - Setting next_dagrun for consume_1_or_both_2_and_3_with_dataset_expressions to None, run_after=None
[2024-08-31T13:39:55.256+0000] {logging_mixin.py:190} INFO - [2024-08-31T13:39:55.255+0000] {dag.py:4138} INFO - Setting next_dagrun for dataset_consumes_1 to None, run_after=None
[2024-08-31T13:39:55.257+0000] {logging_mixin.py:190} INFO - [2024-08-31T13:39:55.257+0000] {dag.py:4138} INFO - Setting next_dagrun for dataset_consumes_1_and_2 to None, run_after=None
[2024-08-31T13:39:55.258+0000] {logging_mixin.py:190} INFO - [2024-08-31T13:39:55.258+0000] {dag.py:4138} INFO - Setting next_dagrun for dataset_consumes_1_never_scheduled to None, run_after=None
[2024-08-31T13:39:55.259+0000] {logging_mixin.py:190} INFO - [2024-08-31T13:39:55.259+0000] {dag.py:4138} INFO - Setting next_dagrun for dataset_consumes_unknown_never_scheduled to None, run_after=None
[2024-08-31T13:39:55.262+0000] {logging_mixin.py:190} INFO - [2024-08-31T13:39:55.262+0000] {dag.py:4138} INFO - Setting next_dagrun for dataset_produces_1 to 2024-08-30 00:00:00+00:00, run_after=2024-08-31 00:00:00+00:00
[2024-08-31T13:39:55.263+0000] {logging_mixin.py:190} INFO - [2024-08-31T13:39:55.263+0000] {dag.py:4138} INFO - Setting next_dagrun for dataset_produces_2 to None, run_after=None
[2024-08-31T13:39:55.292+0000] {processor.py:208} INFO - Processing /home/airflow/.local/lib/python3.12/site-packages/airflow/example_dags/example_datasets.py took 0.487 seconds
[2024-08-31T13:40:26.195+0000] {processor.py:186} INFO - Started process (PID=104) to work on /home/airflow/.local/lib/python3.12/site-packages/airflow/example_dags/example_datasets.py
[2024-08-31T13:40:26.207+0000] {processor.py:914} INFO - Processing file /home/airflow/.local/lib/python3.12/site-packages/airflow/example_dags/example_datasets.py for tasks to queue
[2024-08-31T13:40:26.209+0000] {logging_mixin.py:190} INFO - [2024-08-31T13:40:26.209+0000] {dagbag.py:587} INFO - Filling up the DagBag from /home/airflow/.local/lib/python3.12/site-packages/airflow/example_dags/example_datasets.py
[2024-08-31T13:40:26.297+0000] {processor.py:925} INFO - DAG(s) 'consume_1_and_2_with_dataset_expressions', 'dataset_produces_2', 'consume_1_or_2_with_dataset_expressions', 'conditional_dataset_and_time_based_timetable', 'dataset_produces_1', 'dataset_consumes_unknown_never_scheduled', 'dataset_consumes_1_never_scheduled', 'consume_1_or_both_2_and_3_with_dataset_expressions', 'dataset_consumes_1', 'dataset_consumes_1_and_2' retrieved from /home/airflow/.local/lib/python3.12/site-packages/airflow/example_dags/example_datasets.py
[2024-08-31T13:40:26.323+0000] {logging_mixin.py:190} INFO - [2024-08-31T13:40:26.322+0000] {dag.py:3211} INFO - Sync 10 DAGs
[2024-08-31T13:40:26.336+0000] {logging_mixin.py:190} INFO - [2024-08-31T13:40:26.336+0000] {dag.py:4138} INFO - Setting next_dagrun for conditional_dataset_and_time_based_timetable to 2024-08-28 01:00:00+00:00, run_after=2024-08-28 01:00:00+00:00
[2024-08-31T13:40:26.338+0000] {logging_mixin.py:190} INFO - [2024-08-31T13:40:26.338+0000] {dag.py:4138} INFO - Setting next_dagrun for consume_1_and_2_with_dataset_expressions to None, run_after=None
[2024-08-31T13:40:26.339+0000] {logging_mixin.py:190} INFO - [2024-08-31T13:40:26.339+0000] {dag.py:4138} INFO - Setting next_dagrun for consume_1_or_2_with_dataset_expressions to None, run_after=None
[2024-08-31T13:40:26.340+0000] {logging_mixin.py:190} INFO - [2024-08-31T13:40:26.340+0000] {dag.py:4138} INFO - Setting next_dagrun for consume_1_or_both_2_and_3_with_dataset_expressions to None, run_after=None
[2024-08-31T13:40:26.340+0000] {logging_mixin.py:190} INFO - [2024-08-31T13:40:26.340+0000] {dag.py:4138} INFO - Setting next_dagrun for dataset_consumes_1 to None, run_after=None
[2024-08-31T13:40:26.341+0000] {logging_mixin.py:190} INFO - [2024-08-31T13:40:26.341+0000] {dag.py:4138} INFO - Setting next_dagrun for dataset_consumes_1_and_2 to None, run_after=None
[2024-08-31T13:40:26.341+0000] {logging_mixin.py:190} INFO - [2024-08-31T13:40:26.341+0000] {dag.py:4138} INFO - Setting next_dagrun for dataset_consumes_1_never_scheduled to None, run_after=None
[2024-08-31T13:40:26.342+0000] {logging_mixin.py:190} INFO - [2024-08-31T13:40:26.342+0000] {dag.py:4138} INFO - Setting next_dagrun for dataset_consumes_unknown_never_scheduled to None, run_after=None
[2024-08-31T13:40:26.343+0000] {logging_mixin.py:190} INFO - [2024-08-31T13:40:26.343+0000] {dag.py:4138} INFO - Setting next_dagrun for dataset_produces_1 to 2024-08-30 00:00:00+00:00, run_after=2024-08-31 00:00:00+00:00
[2024-08-31T13:40:26.344+0000] {logging_mixin.py:190} INFO - [2024-08-31T13:40:26.344+0000] {dag.py:4138} INFO - Setting next_dagrun for dataset_produces_2 to None, run_after=None
[2024-08-31T13:40:26.368+0000] {processor.py:208} INFO - Processing /home/airflow/.local/lib/python3.12/site-packages/airflow/example_dags/example_datasets.py took 0.177 seconds
[2024-08-31T13:40:57.009+0000] {processor.py:186} INFO - Started process (PID=166) to work on /home/airflow/.local/lib/python3.12/site-packages/airflow/example_dags/example_datasets.py
[2024-08-31T13:40:57.020+0000] {processor.py:914} INFO - Processing file /home/airflow/.local/lib/python3.12/site-packages/airflow/example_dags/example_datasets.py for tasks to queue
[2024-08-31T13:40:57.022+0000] {logging_mixin.py:190} INFO - [2024-08-31T13:40:57.021+0000] {dagbag.py:587} INFO - Filling up the DagBag from /home/airflow/.local/lib/python3.12/site-packages/airflow/example_dags/example_datasets.py
[2024-08-31T13:40:57.112+0000] {processor.py:925} INFO - DAG(s) 'dataset_consumes_1_never_scheduled', 'dataset_consumes_1', 'consume_1_and_2_with_dataset_expressions', 'dataset_consumes_unknown_never_scheduled', 'conditional_dataset_and_time_based_timetable', 'dataset_produces_1', 'dataset_produces_2', 'consume_1_or_2_with_dataset_expressions', 'consume_1_or_both_2_and_3_with_dataset_expressions', 'dataset_consumes_1_and_2' retrieved from /home/airflow/.local/lib/python3.12/site-packages/airflow/example_dags/example_datasets.py
[2024-08-31T13:40:57.139+0000] {logging_mixin.py:190} INFO - [2024-08-31T13:40:57.138+0000] {dag.py:3211} INFO - Sync 10 DAGs
[2024-08-31T13:40:57.155+0000] {logging_mixin.py:190} INFO - [2024-08-31T13:40:57.155+0000] {dag.py:4138} INFO - Setting next_dagrun for conditional_dataset_and_time_based_timetable to 2024-08-28 01:00:00+00:00, run_after=2024-08-28 01:00:00+00:00
[2024-08-31T13:40:57.158+0000] {logging_mixin.py:190} INFO - [2024-08-31T13:40:57.158+0000] {dag.py:4138} INFO - Setting next_dagrun for consume_1_and_2_with_dataset_expressions to None, run_after=None
[2024-08-31T13:40:57.159+0000] {logging_mixin.py:190} INFO - [2024-08-31T13:40:57.159+0000] {dag.py:4138} INFO - Setting next_dagrun for consume_1_or_2_with_dataset_expressions to None, run_after=None
[2024-08-31T13:40:57.160+0000] {logging_mixin.py:190} INFO - [2024-08-31T13:40:57.160+0000] {dag.py:4138} INFO - Setting next_dagrun for consume_1_or_both_2_and_3_with_dataset_expressions to None, run_after=None
[2024-08-31T13:40:57.160+0000] {logging_mixin.py:190} INFO - [2024-08-31T13:40:57.160+0000] {dag.py:4138} INFO - Setting next_dagrun for dataset_consumes_1 to None, run_after=None
[2024-08-31T13:40:57.161+0000] {logging_mixin.py:190} INFO - [2024-08-31T13:40:57.161+0000] {dag.py:4138} INFO - Setting next_dagrun for dataset_consumes_1_and_2 to None, run_after=None
[2024-08-31T13:40:57.162+0000] {logging_mixin.py:190} INFO - [2024-08-31T13:40:57.162+0000] {dag.py:4138} INFO - Setting next_dagrun for dataset_consumes_1_never_scheduled to None, run_after=None
[2024-08-31T13:40:57.162+0000] {logging_mixin.py:190} INFO - [2024-08-31T13:40:57.162+0000] {dag.py:4138} INFO - Setting next_dagrun for dataset_consumes_unknown_never_scheduled to None, run_after=None
[2024-08-31T13:40:57.164+0000] {logging_mixin.py:190} INFO - [2024-08-31T13:40:57.164+0000] {dag.py:4138} INFO - Setting next_dagrun for dataset_produces_1 to 2024-08-30 00:00:00+00:00, run_after=2024-08-31 00:00:00+00:00
[2024-08-31T13:40:57.164+0000] {logging_mixin.py:190} INFO - [2024-08-31T13:40:57.164+0000] {dag.py:4138} INFO - Setting next_dagrun for dataset_produces_2 to None, run_after=None
[2024-08-31T13:40:57.184+0000] {processor.py:208} INFO - Processing /home/airflow/.local/lib/python3.12/site-packages/airflow/example_dags/example_datasets.py took 0.179 seconds
[2024-08-31T13:41:27.569+0000] {processor.py:186} INFO - Started process (PID=228) to work on /home/airflow/.local/lib/python3.12/site-packages/airflow/example_dags/example_datasets.py
[2024-08-31T13:41:27.569+0000] {processor.py:914} INFO - Processing file /home/airflow/.local/lib/python3.12/site-packages/airflow/example_dags/example_datasets.py for tasks to queue
[2024-08-31T13:41:27.571+0000] {logging_mixin.py:190} INFO - [2024-08-31T13:41:27.571+0000] {dagbag.py:587} INFO - Filling up the DagBag from /home/airflow/.local/lib/python3.12/site-packages/airflow/example_dags/example_datasets.py
[2024-08-31T13:41:27.723+0000] {processor.py:925} INFO - DAG(s) 'consume_1_and_2_with_dataset_expressions', 'dataset_produces_2', 'dataset_consumes_1', 'consume_1_or_both_2_and_3_with_dataset_expressions', 'dataset_consumes_1_never_scheduled', 'dataset_consumes_unknown_never_scheduled', 'dataset_produces_1', 'dataset_consumes_1_and_2', 'conditional_dataset_and_time_based_timetable', 'consume_1_or_2_with_dataset_expressions' retrieved from /home/airflow/.local/lib/python3.12/site-packages/airflow/example_dags/example_datasets.py
[2024-08-31T13:41:27.769+0000] {logging_mixin.py:190} INFO - [2024-08-31T13:41:27.769+0000] {dag.py:3211} INFO - Sync 10 DAGs
[2024-08-31T13:41:27.793+0000] {logging_mixin.py:190} INFO - [2024-08-31T13:41:27.792+0000] {dag.py:4138} INFO - Setting next_dagrun for conditional_dataset_and_time_based_timetable to 2024-08-28 01:00:00+00:00, run_after=2024-08-28 01:00:00+00:00
[2024-08-31T13:41:27.796+0000] {logging_mixin.py:190} INFO - [2024-08-31T13:41:27.796+0000] {dag.py:4138} INFO - Setting next_dagrun for consume_1_and_2_with_dataset_expressions to None, run_after=None
[2024-08-31T13:41:27.798+0000] {logging_mixin.py:190} INFO - [2024-08-31T13:41:27.798+0000] {dag.py:4138} INFO - Setting next_dagrun for consume_1_or_2_with_dataset_expressions to None, run_after=None
[2024-08-31T13:41:27.799+0000] {logging_mixin.py:190} INFO - [2024-08-31T13:41:27.799+0000] {dag.py:4138} INFO - Setting next_dagrun for consume_1_or_both_2_and_3_with_dataset_expressions to None, run_after=None
[2024-08-31T13:41:27.800+0000] {logging_mixin.py:190} INFO - [2024-08-31T13:41:27.800+0000] {dag.py:4138} INFO - Setting next_dagrun for dataset_consumes_1 to None, run_after=None
[2024-08-31T13:41:27.801+0000] {logging_mixin.py:190} INFO - [2024-08-31T13:41:27.801+0000] {dag.py:4138} INFO - Setting next_dagrun for dataset_consumes_1_and_2 to None, run_after=None
[2024-08-31T13:41:27.802+0000] {logging_mixin.py:190} INFO - [2024-08-31T13:41:27.802+0000] {dag.py:4138} INFO - Setting next_dagrun for dataset_consumes_1_never_scheduled to None, run_after=None
[2024-08-31T13:41:27.803+0000] {logging_mixin.py:190} INFO - [2024-08-31T13:41:27.803+0000] {dag.py:4138} INFO - Setting next_dagrun for dataset_consumes_unknown_never_scheduled to None, run_after=None
[2024-08-31T13:41:27.805+0000] {logging_mixin.py:190} INFO - [2024-08-31T13:41:27.805+0000] {dag.py:4138} INFO - Setting next_dagrun for dataset_produces_1 to 2024-08-30 00:00:00+00:00, run_after=2024-08-31 00:00:00+00:00
[2024-08-31T13:41:27.807+0000] {logging_mixin.py:190} INFO - [2024-08-31T13:41:27.807+0000] {dag.py:4138} INFO - Setting next_dagrun for dataset_produces_2 to None, run_after=None
[2024-08-31T13:41:27.839+0000] {processor.py:208} INFO - Processing /home/airflow/.local/lib/python3.12/site-packages/airflow/example_dags/example_datasets.py took 0.274 seconds
[2024-08-31T13:41:57.860+0000] {processor.py:186} INFO - Started process (PID=293) to work on /home/airflow/.local/lib/python3.12/site-packages/airflow/example_dags/example_datasets.py
[2024-08-31T13:41:57.861+0000] {processor.py:914} INFO - Processing file /home/airflow/.local/lib/python3.12/site-packages/airflow/example_dags/example_datasets.py for tasks to queue
[2024-08-31T13:41:57.862+0000] {logging_mixin.py:190} INFO - [2024-08-31T13:41:57.862+0000] {dagbag.py:587} INFO - Filling up the DagBag from /home/airflow/.local/lib/python3.12/site-packages/airflow/example_dags/example_datasets.py
[2024-08-31T13:41:57.942+0000] {processor.py:925} INFO - DAG(s) 'consume_1_and_2_with_dataset_expressions', 'consume_1_or_both_2_and_3_with_dataset_expressions', 'dataset_consumes_unknown_never_scheduled', 'dataset_produces_1', 'conditional_dataset_and_time_based_timetable', 'dataset_consumes_1_never_scheduled', 'dataset_produces_2', 'consume_1_or_2_with_dataset_expressions', 'dataset_consumes_1_and_2', 'dataset_consumes_1' retrieved from /home/airflow/.local/lib/python3.12/site-packages/airflow/example_dags/example_datasets.py
[2024-08-31T13:41:57.966+0000] {logging_mixin.py:190} INFO - [2024-08-31T13:41:57.966+0000] {dag.py:3211} INFO - Sync 10 DAGs
[2024-08-31T13:41:57.981+0000] {logging_mixin.py:190} INFO - [2024-08-31T13:41:57.981+0000] {dag.py:4138} INFO - Setting next_dagrun for conditional_dataset_and_time_based_timetable to 2024-08-28 01:00:00+00:00, run_after=2024-08-28 01:00:00+00:00
[2024-08-31T13:41:57.983+0000] {logging_mixin.py:190} INFO - [2024-08-31T13:41:57.983+0000] {dag.py:4138} INFO - Setting next_dagrun for consume_1_and_2_with_dataset_expressions to None, run_after=None
[2024-08-31T13:41:57.984+0000] {logging_mixin.py:190} INFO - [2024-08-31T13:41:57.984+0000] {dag.py:4138} INFO - Setting next_dagrun for consume_1_or_2_with_dataset_expressions to None, run_after=None
[2024-08-31T13:41:57.984+0000] {logging_mixin.py:190} INFO - [2024-08-31T13:41:57.984+0000] {dag.py:4138} INFO - Setting next_dagrun for consume_1_or_both_2_and_3_with_dataset_expressions to None, run_after=None
[2024-08-31T13:41:57.985+0000] {logging_mixin.py:190} INFO - [2024-08-31T13:41:57.985+0000] {dag.py:4138} INFO - Setting next_dagrun for dataset_consumes_1 to None, run_after=None
[2024-08-31T13:41:57.986+0000] {logging_mixin.py:190} INFO - [2024-08-31T13:41:57.986+0000] {dag.py:4138} INFO - Setting next_dagrun for dataset_consumes_1_and_2 to None, run_after=None
[2024-08-31T13:41:57.987+0000] {logging_mixin.py:190} INFO - [2024-08-31T13:41:57.987+0000] {dag.py:4138} INFO - Setting next_dagrun for dataset_consumes_1_never_scheduled to None, run_after=None
[2024-08-31T13:41:57.987+0000] {logging_mixin.py:190} INFO - [2024-08-31T13:41:57.987+0000] {dag.py:4138} INFO - Setting next_dagrun for dataset_consumes_unknown_never_scheduled to None, run_after=None
[2024-08-31T13:41:57.988+0000] {logging_mixin.py:190} INFO - [2024-08-31T13:41:57.988+0000] {dag.py:4138} INFO - Setting next_dagrun for dataset_produces_1 to 2024-08-30 00:00:00+00:00, run_after=2024-08-31 00:00:00+00:00
[2024-08-31T13:41:57.989+0000] {logging_mixin.py:190} INFO - [2024-08-31T13:41:57.989+0000] {dag.py:4138} INFO - Setting next_dagrun for dataset_produces_2 to None, run_after=None
[2024-08-31T13:41:58.012+0000] {processor.py:208} INFO - Processing /home/airflow/.local/lib/python3.12/site-packages/airflow/example_dags/example_datasets.py took 0.154 seconds
[2024-08-31T13:42:28.206+0000] {processor.py:186} INFO - Started process (PID=352) to work on /home/airflow/.local/lib/python3.12/site-packages/airflow/example_dags/example_datasets.py
[2024-08-31T13:42:28.217+0000] {processor.py:914} INFO - Processing file /home/airflow/.local/lib/python3.12/site-packages/airflow/example_dags/example_datasets.py for tasks to queue
[2024-08-31T13:42:28.220+0000] {logging_mixin.py:190} INFO - [2024-08-31T13:42:28.219+0000] {dagbag.py:587} INFO - Filling up the DagBag from /home/airflow/.local/lib/python3.12/site-packages/airflow/example_dags/example_datasets.py
[2024-08-31T13:42:28.304+0000] {processor.py:925} INFO - DAG(s) 'dataset_produces_1', 'dataset_consumes_1', 'dataset_consumes_unknown_never_scheduled', 'consume_1_or_both_2_and_3_with_dataset_expressions', 'conditional_dataset_and_time_based_timetable', 'consume_1_and_2_with_dataset_expressions', 'dataset_produces_2', 'consume_1_or_2_with_dataset_expressions', 'dataset_consumes_1_never_scheduled', 'dataset_consumes_1_and_2' retrieved from /home/airflow/.local/lib/python3.12/site-packages/airflow/example_dags/example_datasets.py
[2024-08-31T13:42:28.339+0000] {logging_mixin.py:190} INFO - [2024-08-31T13:42:28.339+0000] {dag.py:3211} INFO - Sync 10 DAGs
[2024-08-31T13:42:28.358+0000] {logging_mixin.py:190} INFO - [2024-08-31T13:42:28.358+0000] {dag.py:4138} INFO - Setting next_dagrun for conditional_dataset_and_time_based_timetable to 2024-08-28 01:00:00+00:00, run_after=2024-08-28 01:00:00+00:00
[2024-08-31T13:42:28.361+0000] {logging_mixin.py:190} INFO - [2024-08-31T13:42:28.360+0000] {dag.py:4138} INFO - Setting next_dagrun for consume_1_and_2_with_dataset_expressions to None, run_after=None
[2024-08-31T13:42:28.362+0000] {logging_mixin.py:190} INFO - [2024-08-31T13:42:28.361+0000] {dag.py:4138} INFO - Setting next_dagrun for consume_1_or_2_with_dataset_expressions to None, run_after=None
[2024-08-31T13:42:28.362+0000] {logging_mixin.py:190} INFO - [2024-08-31T13:42:28.362+0000] {dag.py:4138} INFO - Setting next_dagrun for consume_1_or_both_2_and_3_with_dataset_expressions to None, run_after=None
[2024-08-31T13:42:28.363+0000] {logging_mixin.py:190} INFO - [2024-08-31T13:42:28.363+0000] {dag.py:4138} INFO - Setting next_dagrun for dataset_consumes_1 to None, run_after=None
[2024-08-31T13:42:28.364+0000] {logging_mixin.py:190} INFO - [2024-08-31T13:42:28.364+0000] {dag.py:4138} INFO - Setting next_dagrun for dataset_consumes_1_and_2 to None, run_after=None
[2024-08-31T13:42:28.364+0000] {logging_mixin.py:190} INFO - [2024-08-31T13:42:28.364+0000] {dag.py:4138} INFO - Setting next_dagrun for dataset_consumes_1_never_scheduled to None, run_after=None
[2024-08-31T13:42:28.365+0000] {logging_mixin.py:190} INFO - [2024-08-31T13:42:28.365+0000] {dag.py:4138} INFO - Setting next_dagrun for dataset_consumes_unknown_never_scheduled to None, run_after=None
[2024-08-31T13:42:28.366+0000] {logging_mixin.py:190} INFO - [2024-08-31T13:42:28.366+0000] {dag.py:4138} INFO - Setting next_dagrun for dataset_produces_1 to 2024-08-30 00:00:00+00:00, run_after=2024-08-31 00:00:00+00:00
[2024-08-31T13:42:28.367+0000] {logging_mixin.py:190} INFO - [2024-08-31T13:42:28.367+0000] {dag.py:4138} INFO - Setting next_dagrun for dataset_produces_2 to None, run_after=None
[2024-08-31T13:42:28.392+0000] {processor.py:208} INFO - Processing /home/airflow/.local/lib/python3.12/site-packages/airflow/example_dags/example_datasets.py took 0.190 seconds
