[2024-08-31T13:39:56.670+0000] {processor.py:186} INFO - Started process (PID=71) to work on /home/airflow/.local/lib/python3.12/site-packages/airflow/example_dags/example_branch_day_of_week_operator.py
[2024-08-31T13:39:56.670+0000] {processor.py:914} INFO - Processing file /home/airflow/.local/lib/python3.12/site-packages/airflow/example_dags/example_branch_day_of_week_operator.py for tasks to queue
[2024-08-31T13:39:56.671+0000] {logging_mixin.py:190} INFO - [2024-08-31T13:39:56.671+0000] {dagbag.py:587} INFO - Filling up the DagBag from /home/airflow/.local/lib/python3.12/site-packages/airflow/example_dags/example_branch_day_of_week_operator.py
[2024-08-31T13:39:56.677+0000] {processor.py:925} INFO - DAG(s) 'example_weekday_branch_operator' retrieved from /home/airflow/.local/lib/python3.12/site-packages/airflow/example_dags/example_branch_day_of_week_operator.py
[2024-08-31T13:39:56.695+0000] {logging_mixin.py:190} INFO - [2024-08-31T13:39:56.695+0000] {dag.py:3211} INFO - Sync 1 DAGs
[2024-08-31T13:39:56.716+0000] {logging_mixin.py:190} INFO - [2024-08-31T13:39:56.715+0000] {dag.py:4138} INFO - Setting next_dagrun for example_weekday_branch_operator to 2024-08-30 00:00:00+00:00, run_after=2024-08-31 00:00:00+00:00
[2024-08-31T13:39:56.731+0000] {processor.py:208} INFO - Processing /home/airflow/.local/lib/python3.12/site-packages/airflow/example_dags/example_branch_day_of_week_operator.py took 0.065 seconds
[2024-08-31T13:40:27.582+0000] {processor.py:186} INFO - Started process (PID=133) to work on /home/airflow/.local/lib/python3.12/site-packages/airflow/example_dags/example_branch_day_of_week_operator.py
[2024-08-31T13:40:27.583+0000] {processor.py:914} INFO - Processing file /home/airflow/.local/lib/python3.12/site-packages/airflow/example_dags/example_branch_day_of_week_operator.py for tasks to queue
[2024-08-31T13:40:27.586+0000] {logging_mixin.py:190} INFO - [2024-08-31T13:40:27.586+0000] {dagbag.py:587} INFO - Filling up the DagBag from /home/airflow/.local/lib/python3.12/site-packages/airflow/example_dags/example_branch_day_of_week_operator.py
[2024-08-31T13:40:27.594+0000] {processor.py:925} INFO - DAG(s) 'example_weekday_branch_operator' retrieved from /home/airflow/.local/lib/python3.12/site-packages/airflow/example_dags/example_branch_day_of_week_operator.py
[2024-08-31T13:40:27.619+0000] {logging_mixin.py:190} INFO - [2024-08-31T13:40:27.618+0000] {dag.py:3211} INFO - Sync 1 DAGs
[2024-08-31T13:40:27.638+0000] {logging_mixin.py:190} INFO - [2024-08-31T13:40:27.638+0000] {dag.py:4138} INFO - Setting next_dagrun for example_weekday_branch_operator to 2024-08-30 00:00:00+00:00, run_after=2024-08-31 00:00:00+00:00
[2024-08-31T13:40:27.652+0000] {processor.py:208} INFO - Processing /home/airflow/.local/lib/python3.12/site-packages/airflow/example_dags/example_branch_day_of_week_operator.py took 0.075 seconds
[2024-08-31T13:40:58.312+0000] {processor.py:186} INFO - Started process (PID=195) to work on /home/airflow/.local/lib/python3.12/site-packages/airflow/example_dags/example_branch_day_of_week_operator.py
[2024-08-31T13:40:58.312+0000] {processor.py:914} INFO - Processing file /home/airflow/.local/lib/python3.12/site-packages/airflow/example_dags/example_branch_day_of_week_operator.py for tasks to queue
[2024-08-31T13:40:58.314+0000] {logging_mixin.py:190} INFO - [2024-08-31T13:40:58.314+0000] {dagbag.py:587} INFO - Filling up the DagBag from /home/airflow/.local/lib/python3.12/site-packages/airflow/example_dags/example_branch_day_of_week_operator.py
[2024-08-31T13:40:58.322+0000] {processor.py:925} INFO - DAG(s) 'example_weekday_branch_operator' retrieved from /home/airflow/.local/lib/python3.12/site-packages/airflow/example_dags/example_branch_day_of_week_operator.py
[2024-08-31T13:40:58.339+0000] {logging_mixin.py:190} INFO - [2024-08-31T13:40:58.339+0000] {dag.py:3211} INFO - Sync 1 DAGs
[2024-08-31T13:40:58.359+0000] {logging_mixin.py:190} INFO - [2024-08-31T13:40:58.358+0000] {dag.py:4138} INFO - Setting next_dagrun for example_weekday_branch_operator to 2024-08-30 00:00:00+00:00, run_after=2024-08-31 00:00:00+00:00
[2024-08-31T13:40:58.374+0000] {processor.py:208} INFO - Processing /home/airflow/.local/lib/python3.12/site-packages/airflow/example_dags/example_branch_day_of_week_operator.py took 0.066 seconds
[2024-08-31T13:41:29.359+0000] {processor.py:186} INFO - Started process (PID=257) to work on /home/airflow/.local/lib/python3.12/site-packages/airflow/example_dags/example_branch_day_of_week_operator.py
[2024-08-31T13:41:29.361+0000] {processor.py:914} INFO - Processing file /home/airflow/.local/lib/python3.12/site-packages/airflow/example_dags/example_branch_day_of_week_operator.py for tasks to queue
[2024-08-31T13:41:29.362+0000] {logging_mixin.py:190} INFO - [2024-08-31T13:41:29.362+0000] {dagbag.py:587} INFO - Filling up the DagBag from /home/airflow/.local/lib/python3.12/site-packages/airflow/example_dags/example_branch_day_of_week_operator.py
[2024-08-31T13:41:29.367+0000] {processor.py:925} INFO - DAG(s) 'example_weekday_branch_operator' retrieved from /home/airflow/.local/lib/python3.12/site-packages/airflow/example_dags/example_branch_day_of_week_operator.py
[2024-08-31T13:41:29.384+0000] {logging_mixin.py:190} INFO - [2024-08-31T13:41:29.384+0000] {dag.py:3211} INFO - Sync 1 DAGs
[2024-08-31T13:41:29.400+0000] {logging_mixin.py:190} INFO - [2024-08-31T13:41:29.400+0000] {dag.py:4138} INFO - Setting next_dagrun for example_weekday_branch_operator to 2024-08-30 00:00:00+00:00, run_after=2024-08-31 00:00:00+00:00
[2024-08-31T13:41:29.415+0000] {processor.py:208} INFO - Processing /home/airflow/.local/lib/python3.12/site-packages/airflow/example_dags/example_branch_day_of_week_operator.py took 0.060 seconds
[2024-08-31T13:41:59.991+0000] {processor.py:186} INFO - Started process (PID=319) to work on /home/airflow/.local/lib/python3.12/site-packages/airflow/example_dags/example_branch_day_of_week_operator.py
[2024-08-31T13:41:59.992+0000] {processor.py:914} INFO - Processing file /home/airflow/.local/lib/python3.12/site-packages/airflow/example_dags/example_branch_day_of_week_operator.py for tasks to queue
[2024-08-31T13:41:59.993+0000] {logging_mixin.py:190} INFO - [2024-08-31T13:41:59.992+0000] {dagbag.py:587} INFO - Filling up the DagBag from /home/airflow/.local/lib/python3.12/site-packages/airflow/example_dags/example_branch_day_of_week_operator.py
[2024-08-31T13:41:59.997+0000] {processor.py:925} INFO - DAG(s) 'example_weekday_branch_operator' retrieved from /home/airflow/.local/lib/python3.12/site-packages/airflow/example_dags/example_branch_day_of_week_operator.py
[2024-08-31T13:42:00.012+0000] {logging_mixin.py:190} INFO - [2024-08-31T13:42:00.012+0000] {dag.py:3211} INFO - Sync 1 DAGs
[2024-08-31T13:42:00.026+0000] {logging_mixin.py:190} INFO - [2024-08-31T13:42:00.026+0000] {dag.py:4138} INFO - Setting next_dagrun for example_weekday_branch_operator to 2024-08-30 00:00:00+00:00, run_after=2024-08-31 00:00:00+00:00
[2024-08-31T13:42:00.038+0000] {processor.py:208} INFO - Processing /home/airflow/.local/lib/python3.12/site-packages/airflow/example_dags/example_branch_day_of_week_operator.py took 0.050 seconds
[2024-08-31T13:42:30.493+0000] {processor.py:186} INFO - Started process (PID=381) to work on /home/airflow/.local/lib/python3.12/site-packages/airflow/example_dags/example_branch_day_of_week_operator.py
[2024-08-31T13:42:30.493+0000] {processor.py:914} INFO - Processing file /home/airflow/.local/lib/python3.12/site-packages/airflow/example_dags/example_branch_day_of_week_operator.py for tasks to queue
[2024-08-31T13:42:30.495+0000] {logging_mixin.py:190} INFO - [2024-08-31T13:42:30.494+0000] {dagbag.py:587} INFO - Filling up the DagBag from /home/airflow/.local/lib/python3.12/site-packages/airflow/example_dags/example_branch_day_of_week_operator.py
[2024-08-31T13:42:30.500+0000] {processor.py:925} INFO - DAG(s) 'example_weekday_branch_operator' retrieved from /home/airflow/.local/lib/python3.12/site-packages/airflow/example_dags/example_branch_day_of_week_operator.py
[2024-08-31T13:42:30.519+0000] {logging_mixin.py:190} INFO - [2024-08-31T13:42:30.518+0000] {dag.py:3211} INFO - Sync 1 DAGs
[2024-08-31T13:42:30.538+0000] {logging_mixin.py:190} INFO - [2024-08-31T13:42:30.538+0000] {dag.py:4138} INFO - Setting next_dagrun for example_weekday_branch_operator to 2024-08-30 00:00:00+00:00, run_after=2024-08-31 00:00:00+00:00
[2024-08-31T13:42:30.553+0000] {processor.py:208} INFO - Processing /home/airflow/.local/lib/python3.12/site-packages/airflow/example_dags/example_branch_day_of_week_operator.py took 0.063 seconds
