[2024-08-31T13:39:57.112+0000] {processor.py:186} INFO - Started process (PID=79) to work on /home/airflow/.local/lib/python3.12/site-packages/airflow/example_dags/example_local_kubernetes_executor.py
[2024-08-31T13:39:57.113+0000] {processor.py:914} INFO - Processing file /home/airflow/.local/lib/python3.12/site-packages/airflow/example_dags/example_local_kubernetes_executor.py for tasks to queue
[2024-08-31T13:39:57.114+0000] {logging_mixin.py:190} INFO - [2024-08-31T13:39:57.114+0000] {dagbag.py:587} INFO - Filling up the DagBag from /home/airflow/.local/lib/python3.12/site-packages/airflow/example_dags/example_local_kubernetes_executor.py
[2024-08-31T13:39:57.120+0000] {processor.py:925} INFO - DAG(s) 'example_local_kubernetes_executor' retrieved from /home/airflow/.local/lib/python3.12/site-packages/airflow/example_dags/example_local_kubernetes_executor.py
[2024-08-31T13:39:57.145+0000] {logging_mixin.py:190} INFO - [2024-08-31T13:39:57.144+0000] {dag.py:3211} INFO - Sync 1 DAGs
[2024-08-31T13:39:57.156+0000] {logging_mixin.py:190} INFO - [2024-08-31T13:39:57.155+0000] {dag.py:4138} INFO - Setting next_dagrun for example_local_kubernetes_executor to None, run_after=None
[2024-08-31T13:39:57.169+0000] {processor.py:208} INFO - Processing /home/airflow/.local/lib/python3.12/site-packages/airflow/example_dags/example_local_kubernetes_executor.py took 0.060 seconds
[2024-08-31T13:40:27.977+0000] {processor.py:186} INFO - Started process (PID=141) to work on /home/airflow/.local/lib/python3.12/site-packages/airflow/example_dags/example_local_kubernetes_executor.py
[2024-08-31T13:40:27.977+0000] {processor.py:914} INFO - Processing file /home/airflow/.local/lib/python3.12/site-packages/airflow/example_dags/example_local_kubernetes_executor.py for tasks to queue
[2024-08-31T13:40:27.978+0000] {logging_mixin.py:190} INFO - [2024-08-31T13:40:27.978+0000] {dagbag.py:587} INFO - Filling up the DagBag from /home/airflow/.local/lib/python3.12/site-packages/airflow/example_dags/example_local_kubernetes_executor.py
[2024-08-31T13:40:27.984+0000] {processor.py:925} INFO - DAG(s) 'example_local_kubernetes_executor' retrieved from /home/airflow/.local/lib/python3.12/site-packages/airflow/example_dags/example_local_kubernetes_executor.py
[2024-08-31T13:40:28.002+0000] {logging_mixin.py:190} INFO - [2024-08-31T13:40:28.002+0000] {dag.py:3211} INFO - Sync 1 DAGs
[2024-08-31T13:40:28.010+0000] {logging_mixin.py:190} INFO - [2024-08-31T13:40:28.010+0000] {dag.py:4138} INFO - Setting next_dagrun for example_local_kubernetes_executor to None, run_after=None
[2024-08-31T13:40:28.022+0000] {processor.py:208} INFO - Processing /home/airflow/.local/lib/python3.12/site-packages/airflow/example_dags/example_local_kubernetes_executor.py took 0.048 seconds
[2024-08-31T13:40:58.642+0000] {processor.py:186} INFO - Started process (PID=203) to work on /home/airflow/.local/lib/python3.12/site-packages/airflow/example_dags/example_local_kubernetes_executor.py
[2024-08-31T13:40:58.642+0000] {processor.py:914} INFO - Processing file /home/airflow/.local/lib/python3.12/site-packages/airflow/example_dags/example_local_kubernetes_executor.py for tasks to queue
[2024-08-31T13:40:58.643+0000] {logging_mixin.py:190} INFO - [2024-08-31T13:40:58.643+0000] {dagbag.py:587} INFO - Filling up the DagBag from /home/airflow/.local/lib/python3.12/site-packages/airflow/example_dags/example_local_kubernetes_executor.py
[2024-08-31T13:40:58.648+0000] {processor.py:925} INFO - DAG(s) 'example_local_kubernetes_executor' retrieved from /home/airflow/.local/lib/python3.12/site-packages/airflow/example_dags/example_local_kubernetes_executor.py
[2024-08-31T13:40:58.675+0000] {logging_mixin.py:190} INFO - [2024-08-31T13:40:58.675+0000] {dag.py:3211} INFO - Sync 1 DAGs
[2024-08-31T13:40:58.687+0000] {logging_mixin.py:190} INFO - [2024-08-31T13:40:58.687+0000] {dag.py:4138} INFO - Setting next_dagrun for example_local_kubernetes_executor to None, run_after=None
[2024-08-31T13:40:58.699+0000] {processor.py:208} INFO - Processing /home/airflow/.local/lib/python3.12/site-packages/airflow/example_dags/example_local_kubernetes_executor.py took 0.061 seconds
[2024-08-31T13:41:29.769+0000] {processor.py:186} INFO - Started process (PID=265) to work on /home/airflow/.local/lib/python3.12/site-packages/airflow/example_dags/example_local_kubernetes_executor.py
[2024-08-31T13:41:29.769+0000] {processor.py:914} INFO - Processing file /home/airflow/.local/lib/python3.12/site-packages/airflow/example_dags/example_local_kubernetes_executor.py for tasks to queue
[2024-08-31T13:41:29.771+0000] {logging_mixin.py:190} INFO - [2024-08-31T13:41:29.771+0000] {dagbag.py:587} INFO - Filling up the DagBag from /home/airflow/.local/lib/python3.12/site-packages/airflow/example_dags/example_local_kubernetes_executor.py
[2024-08-31T13:41:29.779+0000] {processor.py:925} INFO - DAG(s) 'example_local_kubernetes_executor' retrieved from /home/airflow/.local/lib/python3.12/site-packages/airflow/example_dags/example_local_kubernetes_executor.py
[2024-08-31T13:41:29.808+0000] {logging_mixin.py:190} INFO - [2024-08-31T13:41:29.808+0000] {dag.py:3211} INFO - Sync 1 DAGs
[2024-08-31T13:41:29.820+0000] {logging_mixin.py:190} INFO - [2024-08-31T13:41:29.820+0000] {dag.py:4138} INFO - Setting next_dagrun for example_local_kubernetes_executor to None, run_after=None
[2024-08-31T13:41:29.837+0000] {processor.py:208} INFO - Processing /home/airflow/.local/lib/python3.12/site-packages/airflow/example_dags/example_local_kubernetes_executor.py took 0.073 seconds
[2024-08-31T13:42:00.278+0000] {processor.py:186} INFO - Started process (PID=327) to work on /home/airflow/.local/lib/python3.12/site-packages/airflow/example_dags/example_local_kubernetes_executor.py
[2024-08-31T13:42:00.278+0000] {processor.py:914} INFO - Processing file /home/airflow/.local/lib/python3.12/site-packages/airflow/example_dags/example_local_kubernetes_executor.py for tasks to queue
[2024-08-31T13:42:00.279+0000] {logging_mixin.py:190} INFO - [2024-08-31T13:42:00.279+0000] {dagbag.py:587} INFO - Filling up the DagBag from /home/airflow/.local/lib/python3.12/site-packages/airflow/example_dags/example_local_kubernetes_executor.py
[2024-08-31T13:42:00.284+0000] {processor.py:925} INFO - DAG(s) 'example_local_kubernetes_executor' retrieved from /home/airflow/.local/lib/python3.12/site-packages/airflow/example_dags/example_local_kubernetes_executor.py
[2024-08-31T13:42:00.309+0000] {logging_mixin.py:190} INFO - [2024-08-31T13:42:00.309+0000] {dag.py:3211} INFO - Sync 1 DAGs
[2024-08-31T13:42:00.320+0000] {logging_mixin.py:190} INFO - [2024-08-31T13:42:00.320+0000] {dag.py:4138} INFO - Setting next_dagrun for example_local_kubernetes_executor to None, run_after=None
[2024-08-31T13:42:00.333+0000] {processor.py:208} INFO - Processing /home/airflow/.local/lib/python3.12/site-packages/airflow/example_dags/example_local_kubernetes_executor.py took 0.059 seconds
[2024-08-31T13:42:30.820+0000] {processor.py:186} INFO - Started process (PID=389) to work on /home/airflow/.local/lib/python3.12/site-packages/airflow/example_dags/example_local_kubernetes_executor.py
[2024-08-31T13:42:30.821+0000] {processor.py:914} INFO - Processing file /home/airflow/.local/lib/python3.12/site-packages/airflow/example_dags/example_local_kubernetes_executor.py for tasks to queue
[2024-08-31T13:42:30.822+0000] {logging_mixin.py:190} INFO - [2024-08-31T13:42:30.821+0000] {dagbag.py:587} INFO - Filling up the DagBag from /home/airflow/.local/lib/python3.12/site-packages/airflow/example_dags/example_local_kubernetes_executor.py
[2024-08-31T13:42:30.827+0000] {processor.py:925} INFO - DAG(s) 'example_local_kubernetes_executor' retrieved from /home/airflow/.local/lib/python3.12/site-packages/airflow/example_dags/example_local_kubernetes_executor.py
[2024-08-31T13:42:30.852+0000] {logging_mixin.py:190} INFO - [2024-08-31T13:42:30.852+0000] {dag.py:3211} INFO - Sync 1 DAGs
[2024-08-31T13:42:30.863+0000] {logging_mixin.py:190} INFO - [2024-08-31T13:42:30.863+0000] {dag.py:4138} INFO - Setting next_dagrun for example_local_kubernetes_executor to None, run_after=None
[2024-08-31T13:42:30.875+0000] {processor.py:208} INFO - Processing /home/airflow/.local/lib/python3.12/site-packages/airflow/example_dags/example_local_kubernetes_executor.py took 0.058 seconds
