[2024-08-31T13:39:55.991+0000] {processor.py:186} INFO - Started process (PID=57) to work on /home/airflow/.local/lib/python3.12/site-packages/airflow/example_dags/example_xcomargs.py
[2024-08-31T13:39:55.991+0000] {processor.py:914} INFO - Processing file /home/airflow/.local/lib/python3.12/site-packages/airflow/example_dags/example_xcomargs.py for tasks to queue
[2024-08-31T13:39:55.993+0000] {logging_mixin.py:190} INFO - [2024-08-31T13:39:55.992+0000] {dagbag.py:587} INFO - Filling up the DagBag from /home/airflow/.local/lib/python3.12/site-packages/airflow/example_dags/example_xcomargs.py
[2024-08-31T13:39:56.000+0000] {processor.py:925} INFO - DAG(s) 'example_xcom_args_with_operators', 'example_xcom_args' retrieved from /home/airflow/.local/lib/python3.12/site-packages/airflow/example_dags/example_xcomargs.py
[2024-08-31T13:39:56.021+0000] {logging_mixin.py:190} INFO - [2024-08-31T13:39:56.021+0000] {dag.py:3211} INFO - Sync 2 DAGs
[2024-08-31T13:39:56.030+0000] {logging_mixin.py:190} INFO - [2024-08-31T13:39:56.030+0000] {dag.py:4138} INFO - Setting next_dagrun for example_xcom_args to None, run_after=None
[2024-08-31T13:39:56.032+0000] {logging_mixin.py:190} INFO - [2024-08-31T13:39:56.032+0000] {dag.py:4138} INFO - Setting next_dagrun for example_xcom_args_with_operators to None, run_after=None
[2024-08-31T13:39:56.042+0000] {processor.py:208} INFO - Processing /home/airflow/.local/lib/python3.12/site-packages/airflow/example_dags/example_xcomargs.py took 0.054 seconds
[2024-08-31T13:40:26.839+0000] {processor.py:186} INFO - Started process (PID=119) to work on /home/airflow/.local/lib/python3.12/site-packages/airflow/example_dags/example_xcomargs.py
[2024-08-31T13:40:26.840+0000] {processor.py:914} INFO - Processing file /home/airflow/.local/lib/python3.12/site-packages/airflow/example_dags/example_xcomargs.py for tasks to queue
[2024-08-31T13:40:26.841+0000] {logging_mixin.py:190} INFO - [2024-08-31T13:40:26.840+0000] {dagbag.py:587} INFO - Filling up the DagBag from /home/airflow/.local/lib/python3.12/site-packages/airflow/example_dags/example_xcomargs.py
[2024-08-31T13:40:26.846+0000] {processor.py:925} INFO - DAG(s) 'example_xcom_args_with_operators', 'example_xcom_args' retrieved from /home/airflow/.local/lib/python3.12/site-packages/airflow/example_dags/example_xcomargs.py
[2024-08-31T13:40:26.864+0000] {logging_mixin.py:190} INFO - [2024-08-31T13:40:26.864+0000] {dag.py:3211} INFO - Sync 2 DAGs
[2024-08-31T13:40:26.874+0000] {logging_mixin.py:190} INFO - [2024-08-31T13:40:26.874+0000] {dag.py:4138} INFO - Setting next_dagrun for example_xcom_args to None, run_after=None
[2024-08-31T13:40:26.876+0000] {logging_mixin.py:190} INFO - [2024-08-31T13:40:26.876+0000] {dag.py:4138} INFO - Setting next_dagrun for example_xcom_args_with_operators to None, run_after=None
[2024-08-31T13:40:26.887+0000] {processor.py:208} INFO - Processing /home/airflow/.local/lib/python3.12/site-packages/airflow/example_dags/example_xcomargs.py took 0.051 seconds
[2024-08-31T13:40:57.746+0000] {processor.py:186} INFO - Started process (PID=181) to work on /home/airflow/.local/lib/python3.12/site-packages/airflow/example_dags/example_xcomargs.py
[2024-08-31T13:40:57.746+0000] {processor.py:914} INFO - Processing file /home/airflow/.local/lib/python3.12/site-packages/airflow/example_dags/example_xcomargs.py for tasks to queue
[2024-08-31T13:40:57.747+0000] {logging_mixin.py:190} INFO - [2024-08-31T13:40:57.747+0000] {dagbag.py:587} INFO - Filling up the DagBag from /home/airflow/.local/lib/python3.12/site-packages/airflow/example_dags/example_xcomargs.py
[2024-08-31T13:40:57.753+0000] {processor.py:925} INFO - DAG(s) 'example_xcom_args_with_operators', 'example_xcom_args' retrieved from /home/airflow/.local/lib/python3.12/site-packages/airflow/example_dags/example_xcomargs.py
[2024-08-31T13:40:57.771+0000] {logging_mixin.py:190} INFO - [2024-08-31T13:40:57.771+0000] {dag.py:3211} INFO - Sync 2 DAGs
[2024-08-31T13:40:57.781+0000] {logging_mixin.py:190} INFO - [2024-08-31T13:40:57.781+0000] {dag.py:4138} INFO - Setting next_dagrun for example_xcom_args to None, run_after=None
[2024-08-31T13:40:57.783+0000] {logging_mixin.py:190} INFO - [2024-08-31T13:40:57.783+0000] {dag.py:4138} INFO - Setting next_dagrun for example_xcom_args_with_operators to None, run_after=None
[2024-08-31T13:40:57.794+0000] {processor.py:208} INFO - Processing /home/airflow/.local/lib/python3.12/site-packages/airflow/example_dags/example_xcomargs.py took 0.052 seconds
[2024-08-31T13:41:28.481+0000] {processor.py:186} INFO - Started process (PID=243) to work on /home/airflow/.local/lib/python3.12/site-packages/airflow/example_dags/example_xcomargs.py
[2024-08-31T13:41:28.481+0000] {processor.py:914} INFO - Processing file /home/airflow/.local/lib/python3.12/site-packages/airflow/example_dags/example_xcomargs.py for tasks to queue
[2024-08-31T13:41:28.483+0000] {logging_mixin.py:190} INFO - [2024-08-31T13:41:28.482+0000] {dagbag.py:587} INFO - Filling up the DagBag from /home/airflow/.local/lib/python3.12/site-packages/airflow/example_dags/example_xcomargs.py
[2024-08-31T13:41:28.488+0000] {processor.py:925} INFO - DAG(s) 'example_xcom_args_with_operators', 'example_xcom_args' retrieved from /home/airflow/.local/lib/python3.12/site-packages/airflow/example_dags/example_xcomargs.py
[2024-08-31T13:41:28.512+0000] {logging_mixin.py:190} INFO - [2024-08-31T13:41:28.511+0000] {dag.py:3211} INFO - Sync 2 DAGs
[2024-08-31T13:41:28.525+0000] {logging_mixin.py:190} INFO - [2024-08-31T13:41:28.524+0000] {dag.py:4138} INFO - Setting next_dagrun for example_xcom_args to None, run_after=None
[2024-08-31T13:41:28.529+0000] {logging_mixin.py:190} INFO - [2024-08-31T13:41:28.528+0000] {dag.py:4138} INFO - Setting next_dagrun for example_xcom_args_with_operators to None, run_after=None
[2024-08-31T13:41:28.543+0000] {processor.py:208} INFO - Processing /home/airflow/.local/lib/python3.12/site-packages/airflow/example_dags/example_xcomargs.py took 0.065 seconds
[2024-08-31T13:41:59.438+0000] {processor.py:186} INFO - Started process (PID=305) to work on /home/airflow/.local/lib/python3.12/site-packages/airflow/example_dags/example_xcomargs.py
[2024-08-31T13:41:59.439+0000] {processor.py:914} INFO - Processing file /home/airflow/.local/lib/python3.12/site-packages/airflow/example_dags/example_xcomargs.py for tasks to queue
[2024-08-31T13:41:59.440+0000] {logging_mixin.py:190} INFO - [2024-08-31T13:41:59.440+0000] {dagbag.py:587} INFO - Filling up the DagBag from /home/airflow/.local/lib/python3.12/site-packages/airflow/example_dags/example_xcomargs.py
[2024-08-31T13:41:59.445+0000] {processor.py:925} INFO - DAG(s) 'example_xcom_args_with_operators', 'example_xcom_args' retrieved from /home/airflow/.local/lib/python3.12/site-packages/airflow/example_dags/example_xcomargs.py
[2024-08-31T13:41:59.464+0000] {logging_mixin.py:190} INFO - [2024-08-31T13:41:59.464+0000] {dag.py:3211} INFO - Sync 2 DAGs
[2024-08-31T13:41:59.476+0000] {logging_mixin.py:190} INFO - [2024-08-31T13:41:59.476+0000] {dag.py:4138} INFO - Setting next_dagrun for example_xcom_args to None, run_after=None
[2024-08-31T13:41:59.479+0000] {logging_mixin.py:190} INFO - [2024-08-31T13:41:59.479+0000] {dag.py:4138} INFO - Setting next_dagrun for example_xcom_args_with_operators to None, run_after=None
[2024-08-31T13:41:59.490+0000] {processor.py:208} INFO - Processing /home/airflow/.local/lib/python3.12/site-packages/airflow/example_dags/example_xcomargs.py took 0.055 seconds
[2024-08-31T13:42:29.887+0000] {processor.py:186} INFO - Started process (PID=367) to work on /home/airflow/.local/lib/python3.12/site-packages/airflow/example_dags/example_xcomargs.py
[2024-08-31T13:42:29.888+0000] {processor.py:914} INFO - Processing file /home/airflow/.local/lib/python3.12/site-packages/airflow/example_dags/example_xcomargs.py for tasks to queue
[2024-08-31T13:42:29.889+0000] {logging_mixin.py:190} INFO - [2024-08-31T13:42:29.889+0000] {dagbag.py:587} INFO - Filling up the DagBag from /home/airflow/.local/lib/python3.12/site-packages/airflow/example_dags/example_xcomargs.py
[2024-08-31T13:42:29.896+0000] {processor.py:925} INFO - DAG(s) 'example_xcom_args_with_operators', 'example_xcom_args' retrieved from /home/airflow/.local/lib/python3.12/site-packages/airflow/example_dags/example_xcomargs.py
[2024-08-31T13:42:29.914+0000] {logging_mixin.py:190} INFO - [2024-08-31T13:42:29.914+0000] {dag.py:3211} INFO - Sync 2 DAGs
[2024-08-31T13:42:29.924+0000] {logging_mixin.py:190} INFO - [2024-08-31T13:42:29.924+0000] {dag.py:4138} INFO - Setting next_dagrun for example_xcom_args to None, run_after=None
[2024-08-31T13:42:29.927+0000] {logging_mixin.py:190} INFO - [2024-08-31T13:42:29.927+0000] {dag.py:4138} INFO - Setting next_dagrun for example_xcom_args_with_operators to None, run_after=None
[2024-08-31T13:42:29.938+0000] {processor.py:208} INFO - Processing /home/airflow/.local/lib/python3.12/site-packages/airflow/example_dags/example_xcomargs.py took 0.055 seconds
