[2024-08-31T13:39:56.994+0000] {processor.py:186} INFO - Started process (PID=77) to work on /home/airflow/.local/lib/python3.12/site-packages/airflow/example_dags/example_latest_only.py
[2024-08-31T13:39:56.994+0000] {processor.py:914} INFO - Processing file /home/airflow/.local/lib/python3.12/site-packages/airflow/example_dags/example_latest_only.py for tasks to queue
[2024-08-31T13:39:56.996+0000] {logging_mixin.py:190} INFO - [2024-08-31T13:39:56.995+0000] {dagbag.py:587} INFO - Filling up the DagBag from /home/airflow/.local/lib/python3.12/site-packages/airflow/example_dags/example_latest_only.py
[2024-08-31T13:39:57.000+0000] {processor.py:925} INFO - DAG(s) 'latest_only' retrieved from /home/airflow/.local/lib/python3.12/site-packages/airflow/example_dags/example_latest_only.py
[2024-08-31T13:39:57.014+0000] {logging_mixin.py:190} INFO - [2024-08-31T13:39:57.014+0000] {dag.py:3211} INFO - Sync 1 DAGs
[2024-08-31T13:39:57.027+0000] {logging_mixin.py:190} INFO - [2024-08-31T13:39:57.027+0000] {dag.py:4138} INFO - Setting next_dagrun for latest_only to 2024-08-31 08:00:00+00:00, run_after=2024-08-31 12:00:00+00:00
[2024-08-31T13:39:57.038+0000] {processor.py:208} INFO - Processing /home/airflow/.local/lib/python3.12/site-packages/airflow/example_dags/example_latest_only.py took 0.047 seconds
[2024-08-31T13:40:27.908+0000] {processor.py:186} INFO - Started process (PID=139) to work on /home/airflow/.local/lib/python3.12/site-packages/airflow/example_dags/example_latest_only.py
[2024-08-31T13:40:27.908+0000] {processor.py:914} INFO - Processing file /home/airflow/.local/lib/python3.12/site-packages/airflow/example_dags/example_latest_only.py for tasks to queue
[2024-08-31T13:40:27.909+0000] {logging_mixin.py:190} INFO - [2024-08-31T13:40:27.909+0000] {dagbag.py:587} INFO - Filling up the DagBag from /home/airflow/.local/lib/python3.12/site-packages/airflow/example_dags/example_latest_only.py
[2024-08-31T13:40:27.914+0000] {processor.py:925} INFO - DAG(s) 'latest_only' retrieved from /home/airflow/.local/lib/python3.12/site-packages/airflow/example_dags/example_latest_only.py
[2024-08-31T13:40:27.929+0000] {logging_mixin.py:190} INFO - [2024-08-31T13:40:27.929+0000] {dag.py:3211} INFO - Sync 1 DAGs
[2024-08-31T13:40:27.941+0000] {logging_mixin.py:190} INFO - [2024-08-31T13:40:27.941+0000] {dag.py:4138} INFO - Setting next_dagrun for latest_only to 2024-08-31 08:00:00+00:00, run_after=2024-08-31 12:00:00+00:00
[2024-08-31T13:40:27.951+0000] {processor.py:208} INFO - Processing /home/airflow/.local/lib/python3.12/site-packages/airflow/example_dags/example_latest_only.py took 0.046 seconds
[2024-08-31T13:40:58.565+0000] {processor.py:186} INFO - Started process (PID=201) to work on /home/airflow/.local/lib/python3.12/site-packages/airflow/example_dags/example_latest_only.py
[2024-08-31T13:40:58.566+0000] {processor.py:914} INFO - Processing file /home/airflow/.local/lib/python3.12/site-packages/airflow/example_dags/example_latest_only.py for tasks to queue
[2024-08-31T13:40:58.567+0000] {logging_mixin.py:190} INFO - [2024-08-31T13:40:58.567+0000] {dagbag.py:587} INFO - Filling up the DagBag from /home/airflow/.local/lib/python3.12/site-packages/airflow/example_dags/example_latest_only.py
[2024-08-31T13:40:58.571+0000] {processor.py:925} INFO - DAG(s) 'latest_only' retrieved from /home/airflow/.local/lib/python3.12/site-packages/airflow/example_dags/example_latest_only.py
[2024-08-31T13:40:58.588+0000] {logging_mixin.py:190} INFO - [2024-08-31T13:40:58.588+0000] {dag.py:3211} INFO - Sync 1 DAGs
[2024-08-31T13:40:58.608+0000] {logging_mixin.py:190} INFO - [2024-08-31T13:40:58.608+0000] {dag.py:4138} INFO - Setting next_dagrun for latest_only to 2024-08-31 08:00:00+00:00, run_after=2024-08-31 12:00:00+00:00
[2024-08-31T13:40:58.621+0000] {processor.py:208} INFO - Processing /home/airflow/.local/lib/python3.12/site-packages/airflow/example_dags/example_latest_only.py took 0.059 seconds
[2024-08-31T13:41:29.680+0000] {processor.py:186} INFO - Started process (PID=263) to work on /home/airflow/.local/lib/python3.12/site-packages/airflow/example_dags/example_latest_only.py
[2024-08-31T13:41:29.680+0000] {processor.py:914} INFO - Processing file /home/airflow/.local/lib/python3.12/site-packages/airflow/example_dags/example_latest_only.py for tasks to queue
[2024-08-31T13:41:29.681+0000] {logging_mixin.py:190} INFO - [2024-08-31T13:41:29.681+0000] {dagbag.py:587} INFO - Filling up the DagBag from /home/airflow/.local/lib/python3.12/site-packages/airflow/example_dags/example_latest_only.py
[2024-08-31T13:41:29.685+0000] {processor.py:925} INFO - DAG(s) 'latest_only' retrieved from /home/airflow/.local/lib/python3.12/site-packages/airflow/example_dags/example_latest_only.py
[2024-08-31T13:41:29.703+0000] {logging_mixin.py:190} INFO - [2024-08-31T13:41:29.702+0000] {dag.py:3211} INFO - Sync 1 DAGs
[2024-08-31T13:41:29.724+0000] {logging_mixin.py:190} INFO - [2024-08-31T13:41:29.724+0000] {dag.py:4138} INFO - Setting next_dagrun for latest_only to 2024-08-31 08:00:00+00:00, run_after=2024-08-31 12:00:00+00:00
[2024-08-31T13:41:29.739+0000] {processor.py:208} INFO - Processing /home/airflow/.local/lib/python3.12/site-packages/airflow/example_dags/example_latest_only.py took 0.063 seconds
[2024-08-31T13:42:00.215+0000] {processor.py:186} INFO - Started process (PID=325) to work on /home/airflow/.local/lib/python3.12/site-packages/airflow/example_dags/example_latest_only.py
[2024-08-31T13:42:00.215+0000] {processor.py:914} INFO - Processing file /home/airflow/.local/lib/python3.12/site-packages/airflow/example_dags/example_latest_only.py for tasks to queue
[2024-08-31T13:42:00.217+0000] {logging_mixin.py:190} INFO - [2024-08-31T13:42:00.216+0000] {dagbag.py:587} INFO - Filling up the DagBag from /home/airflow/.local/lib/python3.12/site-packages/airflow/example_dags/example_latest_only.py
[2024-08-31T13:42:00.221+0000] {processor.py:925} INFO - DAG(s) 'latest_only' retrieved from /home/airflow/.local/lib/python3.12/site-packages/airflow/example_dags/example_latest_only.py
[2024-08-31T13:42:00.235+0000] {logging_mixin.py:190} INFO - [2024-08-31T13:42:00.235+0000] {dag.py:3211} INFO - Sync 1 DAGs
[2024-08-31T13:42:00.249+0000] {logging_mixin.py:190} INFO - [2024-08-31T13:42:00.249+0000] {dag.py:4138} INFO - Setting next_dagrun for latest_only to 2024-08-31 08:00:00+00:00, run_after=2024-08-31 12:00:00+00:00
[2024-08-31T13:42:00.260+0000] {processor.py:208} INFO - Processing /home/airflow/.local/lib/python3.12/site-packages/airflow/example_dags/example_latest_only.py took 0.049 seconds
[2024-08-31T13:42:30.747+0000] {processor.py:186} INFO - Started process (PID=387) to work on /home/airflow/.local/lib/python3.12/site-packages/airflow/example_dags/example_latest_only.py
[2024-08-31T13:42:30.748+0000] {processor.py:914} INFO - Processing file /home/airflow/.local/lib/python3.12/site-packages/airflow/example_dags/example_latest_only.py for tasks to queue
[2024-08-31T13:42:30.749+0000] {logging_mixin.py:190} INFO - [2024-08-31T13:42:30.749+0000] {dagbag.py:587} INFO - Filling up the DagBag from /home/airflow/.local/lib/python3.12/site-packages/airflow/example_dags/example_latest_only.py
[2024-08-31T13:42:30.753+0000] {processor.py:925} INFO - DAG(s) 'latest_only' retrieved from /home/airflow/.local/lib/python3.12/site-packages/airflow/example_dags/example_latest_only.py
[2024-08-31T13:42:30.769+0000] {logging_mixin.py:190} INFO - [2024-08-31T13:42:30.768+0000] {dag.py:3211} INFO - Sync 1 DAGs
[2024-08-31T13:42:30.786+0000] {logging_mixin.py:190} INFO - [2024-08-31T13:42:30.786+0000] {dag.py:4138} INFO - Setting next_dagrun for latest_only to 2024-08-31 08:00:00+00:00, run_after=2024-08-31 12:00:00+00:00
[2024-08-31T13:42:30.799+0000] {processor.py:208} INFO - Processing /home/airflow/.local/lib/python3.12/site-packages/airflow/example_dags/example_latest_only.py took 0.055 seconds
