[2024-08-31T13:39:55.530+0000] {processor.py:186} INFO - Started process (PID=47) to work on /home/airflow/.local/lib/python3.12/site-packages/airflow/example_dags/example_latest_only_with_trigger.py
[2024-08-31T13:39:55.531+0000] {processor.py:914} INFO - Processing file /home/airflow/.local/lib/python3.12/site-packages/airflow/example_dags/example_latest_only_with_trigger.py for tasks to queue
[2024-08-31T13:39:55.532+0000] {logging_mixin.py:190} INFO - [2024-08-31T13:39:55.532+0000] {dagbag.py:587} INFO - Filling up the DagBag from /home/airflow/.local/lib/python3.12/site-packages/airflow/example_dags/example_latest_only_with_trigger.py
[2024-08-31T13:39:55.537+0000] {processor.py:925} INFO - DAG(s) 'latest_only_with_trigger' retrieved from /home/airflow/.local/lib/python3.12/site-packages/airflow/example_dags/example_latest_only_with_trigger.py
[2024-08-31T13:39:55.560+0000] {logging_mixin.py:190} INFO - [2024-08-31T13:39:55.560+0000] {dag.py:3211} INFO - Sync 1 DAGs
[2024-08-31T13:39:55.580+0000] {logging_mixin.py:190} INFO - [2024-08-31T13:39:55.580+0000] {dag.py:4138} INFO - Setting next_dagrun for latest_only_with_trigger to 2024-08-31 08:00:00+00:00, run_after=2024-08-31 12:00:00+00:00
[2024-08-31T13:39:55.595+0000] {processor.py:208} INFO - Processing /home/airflow/.local/lib/python3.12/site-packages/airflow/example_dags/example_latest_only_with_trigger.py took 0.067 seconds
[2024-08-31T13:40:26.449+0000] {processor.py:186} INFO - Started process (PID=109) to work on /home/airflow/.local/lib/python3.12/site-packages/airflow/example_dags/example_latest_only_with_trigger.py
[2024-08-31T13:40:26.449+0000] {processor.py:914} INFO - Processing file /home/airflow/.local/lib/python3.12/site-packages/airflow/example_dags/example_latest_only_with_trigger.py for tasks to queue
[2024-08-31T13:40:26.451+0000] {logging_mixin.py:190} INFO - [2024-08-31T13:40:26.450+0000] {dagbag.py:587} INFO - Filling up the DagBag from /home/airflow/.local/lib/python3.12/site-packages/airflow/example_dags/example_latest_only_with_trigger.py
[2024-08-31T13:40:26.455+0000] {processor.py:925} INFO - DAG(s) 'latest_only_with_trigger' retrieved from /home/airflow/.local/lib/python3.12/site-packages/airflow/example_dags/example_latest_only_with_trigger.py
[2024-08-31T13:40:26.469+0000] {logging_mixin.py:190} INFO - [2024-08-31T13:40:26.469+0000] {dag.py:3211} INFO - Sync 1 DAGs
[2024-08-31T13:40:26.482+0000] {logging_mixin.py:190} INFO - [2024-08-31T13:40:26.482+0000] {dag.py:4138} INFO - Setting next_dagrun for latest_only_with_trigger to 2024-08-31 08:00:00+00:00, run_after=2024-08-31 12:00:00+00:00
[2024-08-31T13:40:26.492+0000] {processor.py:208} INFO - Processing /home/airflow/.local/lib/python3.12/site-packages/airflow/example_dags/example_latest_only_with_trigger.py took 0.047 seconds
[2024-08-31T13:40:57.281+0000] {processor.py:186} INFO - Started process (PID=171) to work on /home/airflow/.local/lib/python3.12/site-packages/airflow/example_dags/example_latest_only_with_trigger.py
[2024-08-31T13:40:57.281+0000] {processor.py:914} INFO - Processing file /home/airflow/.local/lib/python3.12/site-packages/airflow/example_dags/example_latest_only_with_trigger.py for tasks to queue
[2024-08-31T13:40:57.282+0000] {logging_mixin.py:190} INFO - [2024-08-31T13:40:57.282+0000] {dagbag.py:587} INFO - Filling up the DagBag from /home/airflow/.local/lib/python3.12/site-packages/airflow/example_dags/example_latest_only_with_trigger.py
[2024-08-31T13:40:57.287+0000] {processor.py:925} INFO - DAG(s) 'latest_only_with_trigger' retrieved from /home/airflow/.local/lib/python3.12/site-packages/airflow/example_dags/example_latest_only_with_trigger.py
[2024-08-31T13:40:57.303+0000] {logging_mixin.py:190} INFO - [2024-08-31T13:40:57.303+0000] {dag.py:3211} INFO - Sync 1 DAGs
[2024-08-31T13:40:57.317+0000] {logging_mixin.py:190} INFO - [2024-08-31T13:40:57.317+0000] {dag.py:4138} INFO - Setting next_dagrun for latest_only_with_trigger to 2024-08-31 08:00:00+00:00, run_after=2024-08-31 12:00:00+00:00
[2024-08-31T13:40:57.330+0000] {processor.py:208} INFO - Processing /home/airflow/.local/lib/python3.12/site-packages/airflow/example_dags/example_latest_only_with_trigger.py took 0.052 seconds
[2024-08-31T13:41:27.863+0000] {processor.py:186} INFO - Started process (PID=233) to work on /home/airflow/.local/lib/python3.12/site-packages/airflow/example_dags/example_latest_only_with_trigger.py
[2024-08-31T13:41:27.864+0000] {processor.py:914} INFO - Processing file /home/airflow/.local/lib/python3.12/site-packages/airflow/example_dags/example_latest_only_with_trigger.py for tasks to queue
[2024-08-31T13:41:27.865+0000] {logging_mixin.py:190} INFO - [2024-08-31T13:41:27.865+0000] {dagbag.py:587} INFO - Filling up the DagBag from /home/airflow/.local/lib/python3.12/site-packages/airflow/example_dags/example_latest_only_with_trigger.py
[2024-08-31T13:41:27.869+0000] {processor.py:925} INFO - DAG(s) 'latest_only_with_trigger' retrieved from /home/airflow/.local/lib/python3.12/site-packages/airflow/example_dags/example_latest_only_with_trigger.py
[2024-08-31T13:41:27.887+0000] {logging_mixin.py:190} INFO - [2024-08-31T13:41:27.886+0000] {dag.py:3211} INFO - Sync 1 DAGs
[2024-08-31T13:41:27.907+0000] {logging_mixin.py:190} INFO - [2024-08-31T13:41:27.907+0000] {dag.py:4138} INFO - Setting next_dagrun for latest_only_with_trigger to 2024-08-31 08:00:00+00:00, run_after=2024-08-31 12:00:00+00:00
[2024-08-31T13:41:27.923+0000] {processor.py:208} INFO - Processing /home/airflow/.local/lib/python3.12/site-packages/airflow/example_dags/example_latest_only_with_trigger.py took 0.064 seconds
[2024-08-31T13:41:58.031+0000] {processor.py:186} INFO - Started process (PID=295) to work on /home/airflow/.local/lib/python3.12/site-packages/airflow/example_dags/example_latest_only_with_trigger.py
[2024-08-31T13:41:58.031+0000] {processor.py:914} INFO - Processing file /home/airflow/.local/lib/python3.12/site-packages/airflow/example_dags/example_latest_only_with_trigger.py for tasks to queue
[2024-08-31T13:41:58.032+0000] {logging_mixin.py:190} INFO - [2024-08-31T13:41:58.032+0000] {dagbag.py:587} INFO - Filling up the DagBag from /home/airflow/.local/lib/python3.12/site-packages/airflow/example_dags/example_latest_only_with_trigger.py
[2024-08-31T13:41:58.036+0000] {processor.py:925} INFO - DAG(s) 'latest_only_with_trigger' retrieved from /home/airflow/.local/lib/python3.12/site-packages/airflow/example_dags/example_latest_only_with_trigger.py
[2024-08-31T13:41:58.048+0000] {logging_mixin.py:190} INFO - [2024-08-31T13:41:58.047+0000] {dag.py:3211} INFO - Sync 1 DAGs
[2024-08-31T13:41:58.059+0000] {logging_mixin.py:190} INFO - [2024-08-31T13:41:58.059+0000] {dag.py:4138} INFO - Setting next_dagrun for latest_only_with_trigger to 2024-08-31 08:00:00+00:00, run_after=2024-08-31 12:00:00+00:00
[2024-08-31T13:41:58.068+0000] {processor.py:208} INFO - Processing /home/airflow/.local/lib/python3.12/site-packages/airflow/example_dags/example_latest_only_with_trigger.py took 0.040 seconds
[2024-08-31T13:42:28.461+0000] {processor.py:186} INFO - Started process (PID=357) to work on /home/airflow/.local/lib/python3.12/site-packages/airflow/example_dags/example_latest_only_with_trigger.py
[2024-08-31T13:42:28.462+0000] {processor.py:914} INFO - Processing file /home/airflow/.local/lib/python3.12/site-packages/airflow/example_dags/example_latest_only_with_trigger.py for tasks to queue
[2024-08-31T13:42:28.463+0000] {logging_mixin.py:190} INFO - [2024-08-31T13:42:28.463+0000] {dagbag.py:587} INFO - Filling up the DagBag from /home/airflow/.local/lib/python3.12/site-packages/airflow/example_dags/example_latest_only_with_trigger.py
[2024-08-31T13:42:28.466+0000] {processor.py:925} INFO - DAG(s) 'latest_only_with_trigger' retrieved from /home/airflow/.local/lib/python3.12/site-packages/airflow/example_dags/example_latest_only_with_trigger.py
[2024-08-31T13:42:28.480+0000] {logging_mixin.py:190} INFO - [2024-08-31T13:42:28.480+0000] {dag.py:3211} INFO - Sync 1 DAGs
[2024-08-31T13:42:28.492+0000] {logging_mixin.py:190} INFO - [2024-08-31T13:42:28.492+0000] {dag.py:4138} INFO - Setting next_dagrun for latest_only_with_trigger to 2024-08-31 08:00:00+00:00, run_after=2024-08-31 12:00:00+00:00
[2024-08-31T13:42:28.502+0000] {processor.py:208} INFO - Processing /home/airflow/.local/lib/python3.12/site-packages/airflow/example_dags/example_latest_only_with_trigger.py took 0.044 seconds
