[2024-08-31T13:39:55.682+0000] {processor.py:186} INFO - Started process (PID=51) to work on /home/airflow/.local/lib/python3.12/site-packages/airflow/example_dags/example_branch_python_dop_operator_3.py
[2024-08-31T13:39:55.682+0000] {processor.py:914} INFO - Processing file /home/airflow/.local/lib/python3.12/site-packages/airflow/example_dags/example_branch_python_dop_operator_3.py for tasks to queue
[2024-08-31T13:39:55.684+0000] {logging_mixin.py:190} INFO - [2024-08-31T13:39:55.684+0000] {dagbag.py:587} INFO - Filling up the DagBag from /home/airflow/.local/lib/python3.12/site-packages/airflow/example_dags/example_branch_python_dop_operator_3.py
[2024-08-31T13:39:55.694+0000] {processor.py:925} INFO - DAG(s) 'example_branch_dop_operator_v3' retrieved from /home/airflow/.local/lib/python3.12/site-packages/airflow/example_dags/example_branch_python_dop_operator_3.py
[2024-08-31T13:39:55.713+0000] {logging_mixin.py:190} INFO - [2024-08-31T13:39:55.713+0000] {dag.py:3211} INFO - Sync 1 DAGs
[2024-08-31T13:39:55.731+0000] {logging_mixin.py:190} INFO - [2024-08-31T13:39:55.731+0000] {dag.py:4138} INFO - Setting next_dagrun for example_branch_dop_operator_v3 to 2024-08-31 13:38:00+00:00, run_after=2024-08-31 13:39:00+00:00
[2024-08-31T13:39:55.743+0000] {processor.py:208} INFO - Processing /home/airflow/.local/lib/python3.12/site-packages/airflow/example_dags/example_branch_python_dop_operator_3.py took 0.065 seconds
[2024-08-31T13:40:26.601+0000] {processor.py:186} INFO - Started process (PID=113) to work on /home/airflow/.local/lib/python3.12/site-packages/airflow/example_dags/example_branch_python_dop_operator_3.py
[2024-08-31T13:40:26.601+0000] {processor.py:914} INFO - Processing file /home/airflow/.local/lib/python3.12/site-packages/airflow/example_dags/example_branch_python_dop_operator_3.py for tasks to queue
[2024-08-31T13:40:26.603+0000] {logging_mixin.py:190} INFO - [2024-08-31T13:40:26.603+0000] {dagbag.py:587} INFO - Filling up the DagBag from /home/airflow/.local/lib/python3.12/site-packages/airflow/example_dags/example_branch_python_dop_operator_3.py
[2024-08-31T13:40:26.609+0000] {processor.py:925} INFO - DAG(s) 'example_branch_dop_operator_v3' retrieved from /home/airflow/.local/lib/python3.12/site-packages/airflow/example_dags/example_branch_python_dop_operator_3.py
[2024-08-31T13:40:26.626+0000] {logging_mixin.py:190} INFO - [2024-08-31T13:40:26.625+0000] {dag.py:3211} INFO - Sync 1 DAGs
[2024-08-31T13:40:26.647+0000] {logging_mixin.py:190} INFO - [2024-08-31T13:40:26.647+0000] {dag.py:4138} INFO - Setting next_dagrun for example_branch_dop_operator_v3 to 2024-08-31 13:39:00+00:00, run_after=2024-08-31 13:40:00+00:00
[2024-08-31T13:40:26.661+0000] {processor.py:208} INFO - Processing /home/airflow/.local/lib/python3.12/site-packages/airflow/example_dags/example_branch_python_dop_operator_3.py took 0.064 seconds
[2024-08-31T13:40:57.443+0000] {processor.py:186} INFO - Started process (PID=175) to work on /home/airflow/.local/lib/python3.12/site-packages/airflow/example_dags/example_branch_python_dop_operator_3.py
[2024-08-31T13:40:57.444+0000] {processor.py:914} INFO - Processing file /home/airflow/.local/lib/python3.12/site-packages/airflow/example_dags/example_branch_python_dop_operator_3.py for tasks to queue
[2024-08-31T13:40:57.445+0000] {logging_mixin.py:190} INFO - [2024-08-31T13:40:57.444+0000] {dagbag.py:587} INFO - Filling up the DagBag from /home/airflow/.local/lib/python3.12/site-packages/airflow/example_dags/example_branch_python_dop_operator_3.py
[2024-08-31T13:40:57.450+0000] {processor.py:925} INFO - DAG(s) 'example_branch_dop_operator_v3' retrieved from /home/airflow/.local/lib/python3.12/site-packages/airflow/example_dags/example_branch_python_dop_operator_3.py
[2024-08-31T13:40:57.465+0000] {logging_mixin.py:190} INFO - [2024-08-31T13:40:57.465+0000] {dag.py:3211} INFO - Sync 1 DAGs
[2024-08-31T13:40:57.480+0000] {logging_mixin.py:190} INFO - [2024-08-31T13:40:57.480+0000] {dag.py:4138} INFO - Setting next_dagrun for example_branch_dop_operator_v3 to 2024-08-31 13:39:00+00:00, run_after=2024-08-31 13:40:00+00:00
[2024-08-31T13:40:57.492+0000] {processor.py:208} INFO - Processing /home/airflow/.local/lib/python3.12/site-packages/airflow/example_dags/example_branch_python_dop_operator_3.py took 0.053 seconds
[2024-08-31T13:41:28.113+0000] {processor.py:186} INFO - Started process (PID=237) to work on /home/airflow/.local/lib/python3.12/site-packages/airflow/example_dags/example_branch_python_dop_operator_3.py
[2024-08-31T13:41:28.113+0000] {processor.py:914} INFO - Processing file /home/airflow/.local/lib/python3.12/site-packages/airflow/example_dags/example_branch_python_dop_operator_3.py for tasks to queue
[2024-08-31T13:41:28.114+0000] {logging_mixin.py:190} INFO - [2024-08-31T13:41:28.114+0000] {dagbag.py:587} INFO - Filling up the DagBag from /home/airflow/.local/lib/python3.12/site-packages/airflow/example_dags/example_branch_python_dop_operator_3.py
[2024-08-31T13:41:28.120+0000] {processor.py:925} INFO - DAG(s) 'example_branch_dop_operator_v3' retrieved from /home/airflow/.local/lib/python3.12/site-packages/airflow/example_dags/example_branch_python_dop_operator_3.py
[2024-08-31T13:41:28.138+0000] {logging_mixin.py:190} INFO - [2024-08-31T13:41:28.138+0000] {dag.py:3211} INFO - Sync 1 DAGs
[2024-08-31T13:41:28.161+0000] {logging_mixin.py:190} INFO - [2024-08-31T13:41:28.160+0000] {dag.py:4138} INFO - Setting next_dagrun for example_branch_dop_operator_v3 to 2024-08-31 13:40:00+00:00, run_after=2024-08-31 13:41:00+00:00
[2024-08-31T13:41:28.175+0000] {processor.py:208} INFO - Processing /home/airflow/.local/lib/python3.12/site-packages/airflow/example_dags/example_branch_python_dop_operator_3.py took 0.066 seconds
[2024-08-31T13:41:58.202+0000] {processor.py:186} INFO - Started process (PID=299) to work on /home/airflow/.local/lib/python3.12/site-packages/airflow/example_dags/example_branch_python_dop_operator_3.py
[2024-08-31T13:41:58.203+0000] {processor.py:914} INFO - Processing file /home/airflow/.local/lib/python3.12/site-packages/airflow/example_dags/example_branch_python_dop_operator_3.py for tasks to queue
[2024-08-31T13:41:58.204+0000] {logging_mixin.py:190} INFO - [2024-08-31T13:41:58.204+0000] {dagbag.py:587} INFO - Filling up the DagBag from /home/airflow/.local/lib/python3.12/site-packages/airflow/example_dags/example_branch_python_dop_operator_3.py
[2024-08-31T13:41:58.208+0000] {processor.py:925} INFO - DAG(s) 'example_branch_dop_operator_v3' retrieved from /home/airflow/.local/lib/python3.12/site-packages/airflow/example_dags/example_branch_python_dop_operator_3.py
[2024-08-31T13:41:58.220+0000] {logging_mixin.py:190} INFO - [2024-08-31T13:41:58.220+0000] {dag.py:3211} INFO - Sync 1 DAGs
[2024-08-31T13:41:58.234+0000] {logging_mixin.py:190} INFO - [2024-08-31T13:41:58.234+0000] {dag.py:4138} INFO - Setting next_dagrun for example_branch_dop_operator_v3 to 2024-08-31 13:40:00+00:00, run_after=2024-08-31 13:41:00+00:00
[2024-08-31T13:41:58.243+0000] {processor.py:208} INFO - Processing /home/airflow/.local/lib/python3.12/site-packages/airflow/example_dags/example_branch_python_dop_operator_3.py took 0.044 seconds
[2024-08-31T13:42:28.608+0000] {processor.py:186} INFO - Started process (PID=361) to work on /home/airflow/.local/lib/python3.12/site-packages/airflow/example_dags/example_branch_python_dop_operator_3.py
[2024-08-31T13:42:28.609+0000] {processor.py:914} INFO - Processing file /home/airflow/.local/lib/python3.12/site-packages/airflow/example_dags/example_branch_python_dop_operator_3.py for tasks to queue
[2024-08-31T13:42:28.610+0000] {logging_mixin.py:190} INFO - [2024-08-31T13:42:28.610+0000] {dagbag.py:587} INFO - Filling up the DagBag from /home/airflow/.local/lib/python3.12/site-packages/airflow/example_dags/example_branch_python_dop_operator_3.py
[2024-08-31T13:42:28.618+0000] {processor.py:925} INFO - DAG(s) 'example_branch_dop_operator_v3' retrieved from /home/airflow/.local/lib/python3.12/site-packages/airflow/example_dags/example_branch_python_dop_operator_3.py
[2024-08-31T13:42:28.633+0000] {logging_mixin.py:190} INFO - [2024-08-31T13:42:28.633+0000] {dag.py:3211} INFO - Sync 1 DAGs
[2024-08-31T13:42:28.646+0000] {logging_mixin.py:190} INFO - [2024-08-31T13:42:28.646+0000] {dag.py:4138} INFO - Setting next_dagrun for example_branch_dop_operator_v3 to 2024-08-31 13:41:00+00:00, run_after=2024-08-31 13:42:00+00:00
[2024-08-31T13:42:28.658+0000] {processor.py:208} INFO - Processing /home/airflow/.local/lib/python3.12/site-packages/airflow/example_dags/example_branch_python_dop_operator_3.py took 0.054 seconds
