[2024-08-31T13:39:55.854+0000] {processor.py:186} INFO - Started process (PID=54) to work on /home/airflow/.local/lib/python3.12/site-packages/airflow/example_dags/example_branch_operator.py
[2024-08-31T13:39:55.855+0000] {processor.py:914} INFO - Processing file /home/airflow/.local/lib/python3.12/site-packages/airflow/example_dags/example_branch_operator.py for tasks to queue
[2024-08-31T13:39:55.856+0000] {logging_mixin.py:190} INFO - [2024-08-31T13:39:55.856+0000] {dagbag.py:587} INFO - Filling up the DagBag from /home/airflow/.local/lib/python3.12/site-packages/airflow/example_dags/example_branch_operator.py
[2024-08-31T13:39:55.867+0000] {processor.py:925} INFO - DAG(s) 'example_branch_operator' retrieved from /home/airflow/.local/lib/python3.12/site-packages/airflow/example_dags/example_branch_operator.py
[2024-08-31T13:39:55.937+0000] {logging_mixin.py:190} INFO - [2024-08-31T13:39:55.937+0000] {dag.py:3211} INFO - Sync 1 DAGs
[2024-08-31T13:39:55.954+0000] {logging_mixin.py:190} INFO - [2024-08-31T13:39:55.954+0000] {dag.py:4138} INFO - Setting next_dagrun for example_branch_operator to 2024-08-30 00:00:00+00:00, run_after=2024-08-31 00:00:00+00:00
[2024-08-31T13:39:55.971+0000] {processor.py:208} INFO - Processing /home/airflow/.local/lib/python3.12/site-packages/airflow/example_dags/example_branch_operator.py took 0.120 seconds
[2024-08-31T13:40:26.762+0000] {processor.py:186} INFO - Started process (PID=116) to work on /home/airflow/.local/lib/python3.12/site-packages/airflow/example_dags/example_branch_operator.py
[2024-08-31T13:40:26.762+0000] {processor.py:914} INFO - Processing file /home/airflow/.local/lib/python3.12/site-packages/airflow/example_dags/example_branch_operator.py for tasks to queue
[2024-08-31T13:40:26.764+0000] {logging_mixin.py:190} INFO - [2024-08-31T13:40:26.763+0000] {dagbag.py:587} INFO - Filling up the DagBag from /home/airflow/.local/lib/python3.12/site-packages/airflow/example_dags/example_branch_operator.py
[2024-08-31T13:40:26.773+0000] {processor.py:925} INFO - DAG(s) 'example_branch_operator' retrieved from /home/airflow/.local/lib/python3.12/site-packages/airflow/example_dags/example_branch_operator.py
[2024-08-31T13:40:26.792+0000] {logging_mixin.py:190} INFO - [2024-08-31T13:40:26.792+0000] {dag.py:3211} INFO - Sync 1 DAGs
[2024-08-31T13:40:26.807+0000] {logging_mixin.py:190} INFO - [2024-08-31T13:40:26.807+0000] {dag.py:4138} INFO - Setting next_dagrun for example_branch_operator to 2024-08-30 00:00:00+00:00, run_after=2024-08-31 00:00:00+00:00
[2024-08-31T13:40:26.820+0000] {processor.py:208} INFO - Processing /home/airflow/.local/lib/python3.12/site-packages/airflow/example_dags/example_branch_operator.py took 0.061 seconds
[2024-08-31T13:40:57.580+0000] {processor.py:186} INFO - Started process (PID=178) to work on /home/airflow/.local/lib/python3.12/site-packages/airflow/example_dags/example_branch_operator.py
[2024-08-31T13:40:57.580+0000] {processor.py:914} INFO - Processing file /home/airflow/.local/lib/python3.12/site-packages/airflow/example_dags/example_branch_operator.py for tasks to queue
[2024-08-31T13:40:57.581+0000] {logging_mixin.py:190} INFO - [2024-08-31T13:40:57.581+0000] {dagbag.py:587} INFO - Filling up the DagBag from /home/airflow/.local/lib/python3.12/site-packages/airflow/example_dags/example_branch_operator.py
[2024-08-31T13:40:57.591+0000] {processor.py:925} INFO - DAG(s) 'example_branch_operator' retrieved from /home/airflow/.local/lib/python3.12/site-packages/airflow/example_dags/example_branch_operator.py
[2024-08-31T13:40:57.615+0000] {logging_mixin.py:190} INFO - [2024-08-31T13:40:57.614+0000] {dag.py:3211} INFO - Sync 1 DAGs
[2024-08-31T13:40:57.635+0000] {logging_mixin.py:190} INFO - [2024-08-31T13:40:57.635+0000] {dag.py:4138} INFO - Setting next_dagrun for example_branch_operator to 2024-08-30 00:00:00+00:00, run_after=2024-08-31 00:00:00+00:00
[2024-08-31T13:40:57.650+0000] {processor.py:208} INFO - Processing /home/airflow/.local/lib/python3.12/site-packages/airflow/example_dags/example_branch_operator.py took 0.073 seconds
[2024-08-31T13:41:28.308+0000] {processor.py:186} INFO - Started process (PID=240) to work on /home/airflow/.local/lib/python3.12/site-packages/airflow/example_dags/example_branch_operator.py
[2024-08-31T13:41:28.309+0000] {processor.py:914} INFO - Processing file /home/airflow/.local/lib/python3.12/site-packages/airflow/example_dags/example_branch_operator.py for tasks to queue
[2024-08-31T13:41:28.311+0000] {logging_mixin.py:190} INFO - [2024-08-31T13:41:28.311+0000] {dagbag.py:587} INFO - Filling up the DagBag from /home/airflow/.local/lib/python3.12/site-packages/airflow/example_dags/example_branch_operator.py
[2024-08-31T13:41:28.328+0000] {processor.py:925} INFO - DAG(s) 'example_branch_operator' retrieved from /home/airflow/.local/lib/python3.12/site-packages/airflow/example_dags/example_branch_operator.py
[2024-08-31T13:41:28.356+0000] {logging_mixin.py:190} INFO - [2024-08-31T13:41:28.355+0000] {dag.py:3211} INFO - Sync 1 DAGs
[2024-08-31T13:41:28.379+0000] {logging_mixin.py:190} INFO - [2024-08-31T13:41:28.379+0000] {dag.py:4138} INFO - Setting next_dagrun for example_branch_operator to 2024-08-30 00:00:00+00:00, run_after=2024-08-31 00:00:00+00:00
[2024-08-31T13:41:28.395+0000] {processor.py:208} INFO - Processing /home/airflow/.local/lib/python3.12/site-packages/airflow/example_dags/example_branch_operator.py took 0.092 seconds
[2024-08-31T13:41:59.291+0000] {processor.py:186} INFO - Started process (PID=302) to work on /home/airflow/.local/lib/python3.12/site-packages/airflow/example_dags/example_branch_operator.py
[2024-08-31T13:41:59.291+0000] {processor.py:914} INFO - Processing file /home/airflow/.local/lib/python3.12/site-packages/airflow/example_dags/example_branch_operator.py for tasks to queue
[2024-08-31T13:41:59.292+0000] {logging_mixin.py:190} INFO - [2024-08-31T13:41:59.292+0000] {dagbag.py:587} INFO - Filling up the DagBag from /home/airflow/.local/lib/python3.12/site-packages/airflow/example_dags/example_branch_operator.py
[2024-08-31T13:41:59.301+0000] {processor.py:925} INFO - DAG(s) 'example_branch_operator' retrieved from /home/airflow/.local/lib/python3.12/site-packages/airflow/example_dags/example_branch_operator.py
[2024-08-31T13:41:59.325+0000] {logging_mixin.py:190} INFO - [2024-08-31T13:41:59.325+0000] {dag.py:3211} INFO - Sync 1 DAGs
[2024-08-31T13:41:59.345+0000] {logging_mixin.py:190} INFO - [2024-08-31T13:41:59.345+0000] {dag.py:4138} INFO - Setting next_dagrun for example_branch_operator to 2024-08-30 00:00:00+00:00, run_after=2024-08-31 00:00:00+00:00
[2024-08-31T13:41:59.361+0000] {processor.py:208} INFO - Processing /home/airflow/.local/lib/python3.12/site-packages/airflow/example_dags/example_branch_operator.py took 0.073 seconds
[2024-08-31T13:42:29.745+0000] {processor.py:186} INFO - Started process (PID=364) to work on /home/airflow/.local/lib/python3.12/site-packages/airflow/example_dags/example_branch_operator.py
[2024-08-31T13:42:29.745+0000] {processor.py:914} INFO - Processing file /home/airflow/.local/lib/python3.12/site-packages/airflow/example_dags/example_branch_operator.py for tasks to queue
[2024-08-31T13:42:29.746+0000] {logging_mixin.py:190} INFO - [2024-08-31T13:42:29.746+0000] {dagbag.py:587} INFO - Filling up the DagBag from /home/airflow/.local/lib/python3.12/site-packages/airflow/example_dags/example_branch_operator.py
[2024-08-31T13:42:29.755+0000] {processor.py:925} INFO - DAG(s) 'example_branch_operator' retrieved from /home/airflow/.local/lib/python3.12/site-packages/airflow/example_dags/example_branch_operator.py
[2024-08-31T13:42:29.773+0000] {logging_mixin.py:190} INFO - [2024-08-31T13:42:29.773+0000] {dag.py:3211} INFO - Sync 1 DAGs
[2024-08-31T13:42:29.787+0000] {logging_mixin.py:190} INFO - [2024-08-31T13:42:29.787+0000] {dag.py:4138} INFO - Setting next_dagrun for example_branch_operator to 2024-08-30 00:00:00+00:00, run_after=2024-08-31 00:00:00+00:00
[2024-08-31T13:42:29.798+0000] {processor.py:208} INFO - Processing /home/airflow/.local/lib/python3.12/site-packages/airflow/example_dags/example_branch_operator.py took 0.057 seconds
