[2024-08-31T13:39:57.194+0000] {processor.py:186} INFO - Started process (PID=81) to work on /home/airflow/.local/lib/python3.12/site-packages/airflow/example_dags/example_sensors.py
[2024-08-31T13:39:57.194+0000] {processor.py:914} INFO - Processing file /home/airflow/.local/lib/python3.12/site-packages/airflow/example_dags/example_sensors.py for tasks to queue
[2024-08-31T13:39:57.195+0000] {logging_mixin.py:190} INFO - [2024-08-31T13:39:57.195+0000] {dagbag.py:587} INFO - Filling up the DagBag from /home/airflow/.local/lib/python3.12/site-packages/airflow/example_dags/example_sensors.py
[2024-08-31T13:39:57.201+0000] {processor.py:925} INFO - DAG(s) 'example_sensors' retrieved from /home/airflow/.local/lib/python3.12/site-packages/airflow/example_dags/example_sensors.py
[2024-08-31T13:39:57.217+0000] {logging_mixin.py:190} INFO - [2024-08-31T13:39:57.217+0000] {dag.py:3211} INFO - Sync 1 DAGs
[2024-08-31T13:39:57.225+0000] {logging_mixin.py:190} INFO - [2024-08-31T13:39:57.225+0000] {dag.py:4138} INFO - Setting next_dagrun for example_sensors to None, run_after=None
[2024-08-31T13:39:57.238+0000] {processor.py:208} INFO - Processing /home/airflow/.local/lib/python3.12/site-packages/airflow/example_dags/example_sensors.py took 0.047 seconds
[2024-08-31T13:40:28.105+0000] {processor.py:186} INFO - Started process (PID=143) to work on /home/airflow/.local/lib/python3.12/site-packages/airflow/example_dags/example_sensors.py
[2024-08-31T13:40:28.106+0000] {processor.py:914} INFO - Processing file /home/airflow/.local/lib/python3.12/site-packages/airflow/example_dags/example_sensors.py for tasks to queue
[2024-08-31T13:40:28.107+0000] {logging_mixin.py:190} INFO - [2024-08-31T13:40:28.107+0000] {dagbag.py:587} INFO - Filling up the DagBag from /home/airflow/.local/lib/python3.12/site-packages/airflow/example_dags/example_sensors.py
[2024-08-31T13:40:28.113+0000] {processor.py:925} INFO - DAG(s) 'example_sensors' retrieved from /home/airflow/.local/lib/python3.12/site-packages/airflow/example_dags/example_sensors.py
[2024-08-31T13:40:28.138+0000] {logging_mixin.py:190} INFO - [2024-08-31T13:40:28.137+0000] {dag.py:3211} INFO - Sync 1 DAGs
[2024-08-31T13:40:28.149+0000] {logging_mixin.py:190} INFO - [2024-08-31T13:40:28.149+0000] {dag.py:4138} INFO - Setting next_dagrun for example_sensors to None, run_after=None
[2024-08-31T13:40:28.164+0000] {processor.py:208} INFO - Processing /home/airflow/.local/lib/python3.12/site-packages/airflow/example_dags/example_sensors.py took 0.062 seconds
[2024-08-31T13:40:58.718+0000] {processor.py:186} INFO - Started process (PID=205) to work on /home/airflow/.local/lib/python3.12/site-packages/airflow/example_dags/example_sensors.py
[2024-08-31T13:40:58.718+0000] {processor.py:914} INFO - Processing file /home/airflow/.local/lib/python3.12/site-packages/airflow/example_dags/example_sensors.py for tasks to queue
[2024-08-31T13:40:58.719+0000] {logging_mixin.py:190} INFO - [2024-08-31T13:40:58.719+0000] {dagbag.py:587} INFO - Filling up the DagBag from /home/airflow/.local/lib/python3.12/site-packages/airflow/example_dags/example_sensors.py
[2024-08-31T13:40:58.725+0000] {processor.py:925} INFO - DAG(s) 'example_sensors' retrieved from /home/airflow/.local/lib/python3.12/site-packages/airflow/example_dags/example_sensors.py
[2024-08-31T13:40:58.743+0000] {logging_mixin.py:190} INFO - [2024-08-31T13:40:58.743+0000] {dag.py:3211} INFO - Sync 1 DAGs
[2024-08-31T13:40:58.752+0000] {logging_mixin.py:190} INFO - [2024-08-31T13:40:58.752+0000] {dag.py:4138} INFO - Setting next_dagrun for example_sensors to None, run_after=None
[2024-08-31T13:40:58.763+0000] {processor.py:208} INFO - Processing /home/airflow/.local/lib/python3.12/site-packages/airflow/example_dags/example_sensors.py took 0.048 seconds
[2024-08-31T13:41:29.861+0000] {processor.py:186} INFO - Started process (PID=267) to work on /home/airflow/.local/lib/python3.12/site-packages/airflow/example_dags/example_sensors.py
[2024-08-31T13:41:29.861+0000] {processor.py:914} INFO - Processing file /home/airflow/.local/lib/python3.12/site-packages/airflow/example_dags/example_sensors.py for tasks to queue
[2024-08-31T13:41:29.862+0000] {logging_mixin.py:190} INFO - [2024-08-31T13:41:29.862+0000] {dagbag.py:587} INFO - Filling up the DagBag from /home/airflow/.local/lib/python3.12/site-packages/airflow/example_dags/example_sensors.py
[2024-08-31T13:41:29.868+0000] {processor.py:925} INFO - DAG(s) 'example_sensors' retrieved from /home/airflow/.local/lib/python3.12/site-packages/airflow/example_dags/example_sensors.py
[2024-08-31T13:41:29.890+0000] {logging_mixin.py:190} INFO - [2024-08-31T13:41:29.889+0000] {dag.py:3211} INFO - Sync 1 DAGs
[2024-08-31T13:41:29.901+0000] {logging_mixin.py:190} INFO - [2024-08-31T13:41:29.901+0000] {dag.py:4138} INFO - Setting next_dagrun for example_sensors to None, run_after=None
[2024-08-31T13:41:29.917+0000] {processor.py:208} INFO - Processing /home/airflow/.local/lib/python3.12/site-packages/airflow/example_dags/example_sensors.py took 0.060 seconds
[2024-08-31T13:42:00.353+0000] {processor.py:186} INFO - Started process (PID=329) to work on /home/airflow/.local/lib/python3.12/site-packages/airflow/example_dags/example_sensors.py
[2024-08-31T13:42:00.354+0000] {processor.py:914} INFO - Processing file /home/airflow/.local/lib/python3.12/site-packages/airflow/example_dags/example_sensors.py for tasks to queue
[2024-08-31T13:42:00.355+0000] {logging_mixin.py:190} INFO - [2024-08-31T13:42:00.355+0000] {dagbag.py:587} INFO - Filling up the DagBag from /home/airflow/.local/lib/python3.12/site-packages/airflow/example_dags/example_sensors.py
[2024-08-31T13:42:00.360+0000] {processor.py:925} INFO - DAG(s) 'example_sensors' retrieved from /home/airflow/.local/lib/python3.12/site-packages/airflow/example_dags/example_sensors.py
[2024-08-31T13:42:00.383+0000] {logging_mixin.py:190} INFO - [2024-08-31T13:42:00.382+0000] {dag.py:3211} INFO - Sync 1 DAGs
[2024-08-31T13:42:00.393+0000] {logging_mixin.py:190} INFO - [2024-08-31T13:42:00.393+0000] {dag.py:4138} INFO - Setting next_dagrun for example_sensors to None, run_after=None
[2024-08-31T13:42:00.406+0000] {processor.py:208} INFO - Processing /home/airflow/.local/lib/python3.12/site-packages/airflow/example_dags/example_sensors.py took 0.056 seconds
[2024-08-31T13:42:30.891+0000] {processor.py:186} INFO - Started process (PID=391) to work on /home/airflow/.local/lib/python3.12/site-packages/airflow/example_dags/example_sensors.py
[2024-08-31T13:42:30.891+0000] {processor.py:914} INFO - Processing file /home/airflow/.local/lib/python3.12/site-packages/airflow/example_dags/example_sensors.py for tasks to queue
[2024-08-31T13:42:30.892+0000] {logging_mixin.py:190} INFO - [2024-08-31T13:42:30.892+0000] {dagbag.py:587} INFO - Filling up the DagBag from /home/airflow/.local/lib/python3.12/site-packages/airflow/example_dags/example_sensors.py
[2024-08-31T13:42:30.897+0000] {processor.py:925} INFO - DAG(s) 'example_sensors' retrieved from /home/airflow/.local/lib/python3.12/site-packages/airflow/example_dags/example_sensors.py
[2024-08-31T13:42:30.912+0000] {logging_mixin.py:190} INFO - [2024-08-31T13:42:30.912+0000] {dag.py:3211} INFO - Sync 1 DAGs
[2024-08-31T13:42:30.919+0000] {logging_mixin.py:190} INFO - [2024-08-31T13:42:30.919+0000] {dag.py:4138} INFO - Setting next_dagrun for example_sensors to None, run_after=None
[2024-08-31T13:42:30.929+0000] {processor.py:208} INFO - Processing /home/airflow/.local/lib/python3.12/site-packages/airflow/example_dags/example_sensors.py took 0.040 seconds
