[2024-08-31T13:39:54.827+0000] {processor.py:186} INFO - Started process (PID=40) to work on /home/airflow/.local/lib/python3.12/site-packages/airflow/example_dags/example_branch_labels.py
[2024-08-31T13:39:54.827+0000] {processor.py:914} INFO - Processing file /home/airflow/.local/lib/python3.12/site-packages/airflow/example_dags/example_branch_labels.py for tasks to queue
[2024-08-31T13:39:54.829+0000] {logging_mixin.py:190} INFO - [2024-08-31T13:39:54.829+0000] {dagbag.py:587} INFO - Filling up the DagBag from /home/airflow/.local/lib/python3.12/site-packages/airflow/example_dags/example_branch_labels.py
[2024-08-31T13:39:54.838+0000] {processor.py:925} INFO - DAG(s) 'example_branch_labels' retrieved from /home/airflow/.local/lib/python3.12/site-packages/airflow/example_dags/example_branch_labels.py
[2024-08-31T13:39:54.868+0000] {logging_mixin.py:190} INFO - [2024-08-31T13:39:54.867+0000] {dag.py:3211} INFO - Sync 1 DAGs
[2024-08-31T13:39:54.889+0000] {logging_mixin.py:190} INFO - [2024-08-31T13:39:54.889+0000] {dag.py:4138} INFO - Setting next_dagrun for example_branch_labels to 2024-08-30 00:00:00+00:00, run_after=2024-08-31 00:00:00+00:00
[2024-08-31T13:39:54.906+0000] {processor.py:208} INFO - Processing /home/airflow/.local/lib/python3.12/site-packages/airflow/example_dags/example_branch_labels.py took 0.084 seconds
[2024-08-31T13:40:25.004+0000] {processor.py:186} INFO - Started process (PID=101) to work on /home/airflow/.local/lib/python3.12/site-packages/airflow/example_dags/example_branch_labels.py
[2024-08-31T13:40:25.005+0000] {processor.py:914} INFO - Processing file /home/airflow/.local/lib/python3.12/site-packages/airflow/example_dags/example_branch_labels.py for tasks to queue
[2024-08-31T13:40:25.007+0000] {logging_mixin.py:190} INFO - [2024-08-31T13:40:25.007+0000] {dagbag.py:587} INFO - Filling up the DagBag from /home/airflow/.local/lib/python3.12/site-packages/airflow/example_dags/example_branch_labels.py
[2024-08-31T13:40:25.020+0000] {processor.py:925} INFO - DAG(s) 'example_branch_labels' retrieved from /home/airflow/.local/lib/python3.12/site-packages/airflow/example_dags/example_branch_labels.py
[2024-08-31T13:40:25.045+0000] {logging_mixin.py:190} INFO - [2024-08-31T13:40:25.045+0000] {dag.py:3211} INFO - Sync 1 DAGs
[2024-08-31T13:40:25.064+0000] {logging_mixin.py:190} INFO - [2024-08-31T13:40:25.064+0000] {dag.py:4138} INFO - Setting next_dagrun for example_branch_labels to 2024-08-30 00:00:00+00:00, run_after=2024-08-31 00:00:00+00:00
[2024-08-31T13:40:25.078+0000] {processor.py:208} INFO - Processing /home/airflow/.local/lib/python3.12/site-packages/airflow/example_dags/example_branch_labels.py took 0.079 seconds
[2024-08-31T13:40:55.865+0000] {processor.py:186} INFO - Started process (PID=163) to work on /home/airflow/.local/lib/python3.12/site-packages/airflow/example_dags/example_branch_labels.py
[2024-08-31T13:40:55.866+0000] {processor.py:914} INFO - Processing file /home/airflow/.local/lib/python3.12/site-packages/airflow/example_dags/example_branch_labels.py for tasks to queue
[2024-08-31T13:40:55.867+0000] {logging_mixin.py:190} INFO - [2024-08-31T13:40:55.866+0000] {dagbag.py:587} INFO - Filling up the DagBag from /home/airflow/.local/lib/python3.12/site-packages/airflow/example_dags/example_branch_labels.py
[2024-08-31T13:40:55.872+0000] {processor.py:925} INFO - DAG(s) 'example_branch_labels' retrieved from /home/airflow/.local/lib/python3.12/site-packages/airflow/example_dags/example_branch_labels.py
[2024-08-31T13:40:55.883+0000] {logging_mixin.py:190} INFO - [2024-08-31T13:40:55.883+0000] {dag.py:3211} INFO - Sync 1 DAGs
[2024-08-31T13:40:55.896+0000] {logging_mixin.py:190} INFO - [2024-08-31T13:40:55.896+0000] {dag.py:4138} INFO - Setting next_dagrun for example_branch_labels to 2024-08-30 00:00:00+00:00, run_after=2024-08-31 00:00:00+00:00
[2024-08-31T13:40:55.904+0000] {processor.py:208} INFO - Processing /home/airflow/.local/lib/python3.12/site-packages/airflow/example_dags/example_branch_labels.py took 0.042 seconds
[2024-08-31T13:41:26.421+0000] {processor.py:186} INFO - Started process (PID=225) to work on /home/airflow/.local/lib/python3.12/site-packages/airflow/example_dags/example_branch_labels.py
[2024-08-31T13:41:26.422+0000] {processor.py:914} INFO - Processing file /home/airflow/.local/lib/python3.12/site-packages/airflow/example_dags/example_branch_labels.py for tasks to queue
[2024-08-31T13:41:26.423+0000] {logging_mixin.py:190} INFO - [2024-08-31T13:41:26.423+0000] {dagbag.py:587} INFO - Filling up the DagBag from /home/airflow/.local/lib/python3.12/site-packages/airflow/example_dags/example_branch_labels.py
[2024-08-31T13:41:26.428+0000] {processor.py:925} INFO - DAG(s) 'example_branch_labels' retrieved from /home/airflow/.local/lib/python3.12/site-packages/airflow/example_dags/example_branch_labels.py
[2024-08-31T13:41:26.446+0000] {logging_mixin.py:190} INFO - [2024-08-31T13:41:26.446+0000] {dag.py:3211} INFO - Sync 1 DAGs
[2024-08-31T13:41:26.468+0000] {logging_mixin.py:190} INFO - [2024-08-31T13:41:26.468+0000] {dag.py:4138} INFO - Setting next_dagrun for example_branch_labels to 2024-08-30 00:00:00+00:00, run_after=2024-08-31 00:00:00+00:00
[2024-08-31T13:41:26.481+0000] {processor.py:208} INFO - Processing /home/airflow/.local/lib/python3.12/site-packages/airflow/example_dags/example_branch_labels.py took 0.063 seconds
[2024-08-31T13:41:56.622+0000] {processor.py:186} INFO - Started process (PID=287) to work on /home/airflow/.local/lib/python3.12/site-packages/airflow/example_dags/example_branch_labels.py
[2024-08-31T13:41:56.623+0000] {processor.py:914} INFO - Processing file /home/airflow/.local/lib/python3.12/site-packages/airflow/example_dags/example_branch_labels.py for tasks to queue
[2024-08-31T13:41:56.624+0000] {logging_mixin.py:190} INFO - [2024-08-31T13:41:56.624+0000] {dagbag.py:587} INFO - Filling up the DagBag from /home/airflow/.local/lib/python3.12/site-packages/airflow/example_dags/example_branch_labels.py
[2024-08-31T13:41:56.629+0000] {processor.py:925} INFO - DAG(s) 'example_branch_labels' retrieved from /home/airflow/.local/lib/python3.12/site-packages/airflow/example_dags/example_branch_labels.py
[2024-08-31T13:41:56.641+0000] {logging_mixin.py:190} INFO - [2024-08-31T13:41:56.641+0000] {dag.py:3211} INFO - Sync 1 DAGs
[2024-08-31T13:41:56.653+0000] {logging_mixin.py:190} INFO - [2024-08-31T13:41:56.653+0000] {dag.py:4138} INFO - Setting next_dagrun for example_branch_labels to 2024-08-30 00:00:00+00:00, run_after=2024-08-31 00:00:00+00:00
[2024-08-31T13:41:56.661+0000] {processor.py:208} INFO - Processing /home/airflow/.local/lib/python3.12/site-packages/airflow/example_dags/example_branch_labels.py took 0.042 seconds
[2024-08-31T13:42:27.105+0000] {processor.py:186} INFO - Started process (PID=349) to work on /home/airflow/.local/lib/python3.12/site-packages/airflow/example_dags/example_branch_labels.py
[2024-08-31T13:42:27.106+0000] {processor.py:914} INFO - Processing file /home/airflow/.local/lib/python3.12/site-packages/airflow/example_dags/example_branch_labels.py for tasks to queue
[2024-08-31T13:42:27.107+0000] {logging_mixin.py:190} INFO - [2024-08-31T13:42:27.107+0000] {dagbag.py:587} INFO - Filling up the DagBag from /home/airflow/.local/lib/python3.12/site-packages/airflow/example_dags/example_branch_labels.py
[2024-08-31T13:42:27.113+0000] {processor.py:925} INFO - DAG(s) 'example_branch_labels' retrieved from /home/airflow/.local/lib/python3.12/site-packages/airflow/example_dags/example_branch_labels.py
[2024-08-31T13:42:27.131+0000] {logging_mixin.py:190} INFO - [2024-08-31T13:42:27.130+0000] {dag.py:3211} INFO - Sync 1 DAGs
[2024-08-31T13:42:27.152+0000] {logging_mixin.py:190} INFO - [2024-08-31T13:42:27.152+0000] {dag.py:4138} INFO - Setting next_dagrun for example_branch_labels to 2024-08-30 00:00:00+00:00, run_after=2024-08-31 00:00:00+00:00
[2024-08-31T13:42:27.166+0000] {processor.py:208} INFO - Processing /home/airflow/.local/lib/python3.12/site-packages/airflow/example_dags/example_branch_labels.py took 0.065 seconds
