[2024-08-31T13:39:56.534+0000] {processor.py:186} INFO - Started process (PID=67) to work on /home/airflow/.local/lib/python3.12/site-packages/airflow/example_dags/example_external_task_marker_dag.py
[2024-08-31T13:39:56.534+0000] {processor.py:914} INFO - Processing file /home/airflow/.local/lib/python3.12/site-packages/airflow/example_dags/example_external_task_marker_dag.py for tasks to queue
[2024-08-31T13:39:56.535+0000] {logging_mixin.py:190} INFO - [2024-08-31T13:39:56.535+0000] {dagbag.py:587} INFO - Filling up the DagBag from /home/airflow/.local/lib/python3.12/site-packages/airflow/example_dags/example_external_task_marker_dag.py
[2024-08-31T13:39:56.540+0000] {processor.py:925} INFO - DAG(s) 'example_external_task_marker_child', 'example_external_task_marker_parent' retrieved from /home/airflow/.local/lib/python3.12/site-packages/airflow/example_dags/example_external_task_marker_dag.py
[2024-08-31T13:39:56.560+0000] {logging_mixin.py:190} INFO - [2024-08-31T13:39:56.560+0000] {dag.py:3211} INFO - Sync 2 DAGs
[2024-08-31T13:39:56.572+0000] {logging_mixin.py:190} INFO - [2024-08-31T13:39:56.572+0000] {dag.py:4138} INFO - Setting next_dagrun for example_external_task_marker_child to None, run_after=None
[2024-08-31T13:39:56.576+0000] {logging_mixin.py:190} INFO - [2024-08-31T13:39:56.575+0000] {dag.py:4138} INFO - Setting next_dagrun for example_external_task_marker_parent to None, run_after=None
[2024-08-31T13:39:56.588+0000] {processor.py:208} INFO - Processing /home/airflow/.local/lib/python3.12/site-packages/airflow/example_dags/example_external_task_marker_dag.py took 0.058 seconds
[2024-08-31T13:40:27.297+0000] {processor.py:186} INFO - Started process (PID=129) to work on /home/airflow/.local/lib/python3.12/site-packages/airflow/example_dags/example_external_task_marker_dag.py
[2024-08-31T13:40:27.297+0000] {processor.py:914} INFO - Processing file /home/airflow/.local/lib/python3.12/site-packages/airflow/example_dags/example_external_task_marker_dag.py for tasks to queue
[2024-08-31T13:40:27.298+0000] {logging_mixin.py:190} INFO - [2024-08-31T13:40:27.298+0000] {dagbag.py:587} INFO - Filling up the DagBag from /home/airflow/.local/lib/python3.12/site-packages/airflow/example_dags/example_external_task_marker_dag.py
[2024-08-31T13:40:27.303+0000] {processor.py:925} INFO - DAG(s) 'example_external_task_marker_child', 'example_external_task_marker_parent' retrieved from /home/airflow/.local/lib/python3.12/site-packages/airflow/example_dags/example_external_task_marker_dag.py
[2024-08-31T13:40:27.320+0000] {logging_mixin.py:190} INFO - [2024-08-31T13:40:27.320+0000] {dag.py:3211} INFO - Sync 2 DAGs
[2024-08-31T13:40:27.329+0000] {logging_mixin.py:190} INFO - [2024-08-31T13:40:27.329+0000] {dag.py:4138} INFO - Setting next_dagrun for example_external_task_marker_child to None, run_after=None
[2024-08-31T13:40:27.331+0000] {logging_mixin.py:190} INFO - [2024-08-31T13:40:27.331+0000] {dag.py:4138} INFO - Setting next_dagrun for example_external_task_marker_parent to None, run_after=None
[2024-08-31T13:40:27.342+0000] {processor.py:208} INFO - Processing /home/airflow/.local/lib/python3.12/site-packages/airflow/example_dags/example_external_task_marker_dag.py took 0.049 seconds
[2024-08-31T13:40:58.179+0000] {processor.py:186} INFO - Started process (PID=191) to work on /home/airflow/.local/lib/python3.12/site-packages/airflow/example_dags/example_external_task_marker_dag.py
[2024-08-31T13:40:58.180+0000] {processor.py:914} INFO - Processing file /home/airflow/.local/lib/python3.12/site-packages/airflow/example_dags/example_external_task_marker_dag.py for tasks to queue
[2024-08-31T13:40:58.181+0000] {logging_mixin.py:190} INFO - [2024-08-31T13:40:58.181+0000] {dagbag.py:587} INFO - Filling up the DagBag from /home/airflow/.local/lib/python3.12/site-packages/airflow/example_dags/example_external_task_marker_dag.py
[2024-08-31T13:40:58.185+0000] {processor.py:925} INFO - DAG(s) 'example_external_task_marker_parent', 'example_external_task_marker_child' retrieved from /home/airflow/.local/lib/python3.12/site-packages/airflow/example_dags/example_external_task_marker_dag.py
[2024-08-31T13:40:58.201+0000] {logging_mixin.py:190} INFO - [2024-08-31T13:40:58.200+0000] {dag.py:3211} INFO - Sync 2 DAGs
[2024-08-31T13:40:58.210+0000] {logging_mixin.py:190} INFO - [2024-08-31T13:40:58.210+0000] {dag.py:4138} INFO - Setting next_dagrun for example_external_task_marker_child to None, run_after=None
[2024-08-31T13:40:58.212+0000] {logging_mixin.py:190} INFO - [2024-08-31T13:40:58.212+0000] {dag.py:4138} INFO - Setting next_dagrun for example_external_task_marker_parent to None, run_after=None
[2024-08-31T13:40:58.222+0000] {processor.py:208} INFO - Processing /home/airflow/.local/lib/python3.12/site-packages/airflow/example_dags/example_external_task_marker_dag.py took 0.045 seconds
[2024-08-31T13:41:29.122+0000] {processor.py:186} INFO - Started process (PID=253) to work on /home/airflow/.local/lib/python3.12/site-packages/airflow/example_dags/example_external_task_marker_dag.py
[2024-08-31T13:41:29.122+0000] {processor.py:914} INFO - Processing file /home/airflow/.local/lib/python3.12/site-packages/airflow/example_dags/example_external_task_marker_dag.py for tasks to queue
[2024-08-31T13:41:29.124+0000] {logging_mixin.py:190} INFO - [2024-08-31T13:41:29.124+0000] {dagbag.py:587} INFO - Filling up the DagBag from /home/airflow/.local/lib/python3.12/site-packages/airflow/example_dags/example_external_task_marker_dag.py
[2024-08-31T13:41:29.131+0000] {processor.py:925} INFO - DAG(s) 'example_external_task_marker_child', 'example_external_task_marker_parent' retrieved from /home/airflow/.local/lib/python3.12/site-packages/airflow/example_dags/example_external_task_marker_dag.py
[2024-08-31T13:41:29.154+0000] {logging_mixin.py:190} INFO - [2024-08-31T13:41:29.154+0000] {dag.py:3211} INFO - Sync 2 DAGs
[2024-08-31T13:41:29.168+0000] {logging_mixin.py:190} INFO - [2024-08-31T13:41:29.168+0000] {dag.py:4138} INFO - Setting next_dagrun for example_external_task_marker_child to None, run_after=None
[2024-08-31T13:41:29.171+0000] {logging_mixin.py:190} INFO - [2024-08-31T13:41:29.171+0000] {dag.py:4138} INFO - Setting next_dagrun for example_external_task_marker_parent to None, run_after=None
[2024-08-31T13:41:29.186+0000] {processor.py:208} INFO - Processing /home/airflow/.local/lib/python3.12/site-packages/airflow/example_dags/example_external_task_marker_dag.py took 0.069 seconds
[2024-08-31T13:41:59.858+0000] {processor.py:186} INFO - Started process (PID=315) to work on /home/airflow/.local/lib/python3.12/site-packages/airflow/example_dags/example_external_task_marker_dag.py
[2024-08-31T13:41:59.859+0000] {processor.py:914} INFO - Processing file /home/airflow/.local/lib/python3.12/site-packages/airflow/example_dags/example_external_task_marker_dag.py for tasks to queue
[2024-08-31T13:41:59.860+0000] {logging_mixin.py:190} INFO - [2024-08-31T13:41:59.859+0000] {dagbag.py:587} INFO - Filling up the DagBag from /home/airflow/.local/lib/python3.12/site-packages/airflow/example_dags/example_external_task_marker_dag.py
[2024-08-31T13:41:59.863+0000] {processor.py:925} INFO - DAG(s) 'example_external_task_marker_parent', 'example_external_task_marker_child' retrieved from /home/airflow/.local/lib/python3.12/site-packages/airflow/example_dags/example_external_task_marker_dag.py
[2024-08-31T13:41:59.882+0000] {logging_mixin.py:190} INFO - [2024-08-31T13:41:59.882+0000] {dag.py:3211} INFO - Sync 2 DAGs
[2024-08-31T13:41:59.894+0000] {logging_mixin.py:190} INFO - [2024-08-31T13:41:59.893+0000] {dag.py:4138} INFO - Setting next_dagrun for example_external_task_marker_child to None, run_after=None
[2024-08-31T13:41:59.897+0000] {logging_mixin.py:190} INFO - [2024-08-31T13:41:59.896+0000] {dag.py:4138} INFO - Setting next_dagrun for example_external_task_marker_parent to None, run_after=None
[2024-08-31T13:41:59.908+0000] {processor.py:208} INFO - Processing /home/airflow/.local/lib/python3.12/site-packages/airflow/example_dags/example_external_task_marker_dag.py took 0.053 seconds
[2024-08-31T13:42:30.368+0000] {processor.py:186} INFO - Started process (PID=377) to work on /home/airflow/.local/lib/python3.12/site-packages/airflow/example_dags/example_external_task_marker_dag.py
[2024-08-31T13:42:30.368+0000] {processor.py:914} INFO - Processing file /home/airflow/.local/lib/python3.12/site-packages/airflow/example_dags/example_external_task_marker_dag.py for tasks to queue
[2024-08-31T13:42:30.369+0000] {logging_mixin.py:190} INFO - [2024-08-31T13:42:30.369+0000] {dagbag.py:587} INFO - Filling up the DagBag from /home/airflow/.local/lib/python3.12/site-packages/airflow/example_dags/example_external_task_marker_dag.py
[2024-08-31T13:42:30.373+0000] {processor.py:925} INFO - DAG(s) 'example_external_task_marker_parent', 'example_external_task_marker_child' retrieved from /home/airflow/.local/lib/python3.12/site-packages/airflow/example_dags/example_external_task_marker_dag.py
[2024-08-31T13:42:30.387+0000] {logging_mixin.py:190} INFO - [2024-08-31T13:42:30.387+0000] {dag.py:3211} INFO - Sync 2 DAGs
[2024-08-31T13:42:30.396+0000] {logging_mixin.py:190} INFO - [2024-08-31T13:42:30.396+0000] {dag.py:4138} INFO - Setting next_dagrun for example_external_task_marker_child to None, run_after=None
[2024-08-31T13:42:30.398+0000] {logging_mixin.py:190} INFO - [2024-08-31T13:42:30.398+0000] {dag.py:4138} INFO - Setting next_dagrun for example_external_task_marker_parent to None, run_after=None
[2024-08-31T13:42:30.408+0000] {processor.py:208} INFO - Processing /home/airflow/.local/lib/python3.12/site-packages/airflow/example_dags/example_external_task_marker_dag.py took 0.044 seconds
