[2024-08-31T13:39:56.472+0000] {processor.py:186} INFO - Started process (PID=66) to work on /home/airflow/.local/lib/python3.12/site-packages/airflow/example_dags/example_bash_operator.py
[2024-08-31T13:39:56.473+0000] {processor.py:914} INFO - Processing file /home/airflow/.local/lib/python3.12/site-packages/airflow/example_dags/example_bash_operator.py for tasks to queue
[2024-08-31T13:39:56.474+0000] {logging_mixin.py:190} INFO - [2024-08-31T13:39:56.474+0000] {dagbag.py:587} INFO - Filling up the DagBag from /home/airflow/.local/lib/python3.12/site-packages/airflow/example_dags/example_bash_operator.py
[2024-08-31T13:39:56.483+0000] {processor.py:925} INFO - DAG(s) 'example_bash_operator' retrieved from /home/airflow/.local/lib/python3.12/site-packages/airflow/example_dags/example_bash_operator.py
[2024-08-31T13:39:56.503+0000] {logging_mixin.py:190} INFO - [2024-08-31T13:39:56.503+0000] {dag.py:3211} INFO - Sync 1 DAGs
[2024-08-31T13:39:56.518+0000] {logging_mixin.py:190} INFO - [2024-08-31T13:39:56.518+0000] {dag.py:4138} INFO - Setting next_dagrun for example_bash_operator to 2024-08-30 00:00:00+00:00, run_after=2024-08-31 00:00:00+00:00
[2024-08-31T13:39:56.532+0000] {processor.py:208} INFO - Processing /home/airflow/.local/lib/python3.12/site-packages/airflow/example_dags/example_bash_operator.py took 0.063 seconds
[2024-08-31T13:40:27.256+0000] {processor.py:186} INFO - Started process (PID=128) to work on /home/airflow/.local/lib/python3.12/site-packages/airflow/example_dags/example_bash_operator.py
[2024-08-31T13:40:27.256+0000] {processor.py:914} INFO - Processing file /home/airflow/.local/lib/python3.12/site-packages/airflow/example_dags/example_bash_operator.py for tasks to queue
[2024-08-31T13:40:27.257+0000] {logging_mixin.py:190} INFO - [2024-08-31T13:40:27.257+0000] {dagbag.py:587} INFO - Filling up the DagBag from /home/airflow/.local/lib/python3.12/site-packages/airflow/example_dags/example_bash_operator.py
[2024-08-31T13:40:27.263+0000] {processor.py:925} INFO - DAG(s) 'example_bash_operator' retrieved from /home/airflow/.local/lib/python3.12/site-packages/airflow/example_dags/example_bash_operator.py
[2024-08-31T13:40:27.279+0000] {logging_mixin.py:190} INFO - [2024-08-31T13:40:27.279+0000] {dag.py:3211} INFO - Sync 1 DAGs
[2024-08-31T13:40:27.293+0000] {logging_mixin.py:190} INFO - [2024-08-31T13:40:27.293+0000] {dag.py:4138} INFO - Setting next_dagrun for example_bash_operator to 2024-08-30 00:00:00+00:00, run_after=2024-08-31 00:00:00+00:00
[2024-08-31T13:40:27.308+0000] {processor.py:208} INFO - Processing /home/airflow/.local/lib/python3.12/site-packages/airflow/example_dags/example_bash_operator.py took 0.055 seconds
[2024-08-31T13:40:58.133+0000] {processor.py:186} INFO - Started process (PID=190) to work on /home/airflow/.local/lib/python3.12/site-packages/airflow/example_dags/example_bash_operator.py
[2024-08-31T13:40:58.134+0000] {processor.py:914} INFO - Processing file /home/airflow/.local/lib/python3.12/site-packages/airflow/example_dags/example_bash_operator.py for tasks to queue
[2024-08-31T13:40:58.135+0000] {logging_mixin.py:190} INFO - [2024-08-31T13:40:58.135+0000] {dagbag.py:587} INFO - Filling up the DagBag from /home/airflow/.local/lib/python3.12/site-packages/airflow/example_dags/example_bash_operator.py
[2024-08-31T13:40:58.142+0000] {processor.py:925} INFO - DAG(s) 'example_bash_operator' retrieved from /home/airflow/.local/lib/python3.12/site-packages/airflow/example_dags/example_bash_operator.py
[2024-08-31T13:40:58.167+0000] {logging_mixin.py:190} INFO - [2024-08-31T13:40:58.167+0000] {dag.py:3211} INFO - Sync 1 DAGs
[2024-08-31T13:40:58.189+0000] {logging_mixin.py:190} INFO - [2024-08-31T13:40:58.189+0000] {dag.py:4138} INFO - Setting next_dagrun for example_bash_operator to 2024-08-30 00:00:00+00:00, run_after=2024-08-31 00:00:00+00:00
[2024-08-31T13:40:58.204+0000] {processor.py:208} INFO - Processing /home/airflow/.local/lib/python3.12/site-packages/airflow/example_dags/example_bash_operator.py took 0.073 seconds
[2024-08-31T13:41:29.114+0000] {processor.py:186} INFO - Started process (PID=252) to work on /home/airflow/.local/lib/python3.12/site-packages/airflow/example_dags/example_bash_operator.py
[2024-08-31T13:41:29.114+0000] {processor.py:914} INFO - Processing file /home/airflow/.local/lib/python3.12/site-packages/airflow/example_dags/example_bash_operator.py for tasks to queue
[2024-08-31T13:41:29.115+0000] {logging_mixin.py:190} INFO - [2024-08-31T13:41:29.115+0000] {dagbag.py:587} INFO - Filling up the DagBag from /home/airflow/.local/lib/python3.12/site-packages/airflow/example_dags/example_bash_operator.py
[2024-08-31T13:41:29.122+0000] {processor.py:925} INFO - DAG(s) 'example_bash_operator' retrieved from /home/airflow/.local/lib/python3.12/site-packages/airflow/example_dags/example_bash_operator.py
[2024-08-31T13:41:29.148+0000] {logging_mixin.py:190} INFO - [2024-08-31T13:41:29.148+0000] {dag.py:3211} INFO - Sync 1 DAGs
[2024-08-31T13:41:29.170+0000] {logging_mixin.py:190} INFO - [2024-08-31T13:41:29.170+0000] {dag.py:4138} INFO - Setting next_dagrun for example_bash_operator to 2024-08-30 00:00:00+00:00, run_after=2024-08-31 00:00:00+00:00
[2024-08-31T13:41:29.186+0000] {processor.py:208} INFO - Processing /home/airflow/.local/lib/python3.12/site-packages/airflow/example_dags/example_bash_operator.py took 0.076 seconds
[2024-08-31T13:41:59.806+0000] {processor.py:186} INFO - Started process (PID=314) to work on /home/airflow/.local/lib/python3.12/site-packages/airflow/example_dags/example_bash_operator.py
[2024-08-31T13:41:59.806+0000] {processor.py:914} INFO - Processing file /home/airflow/.local/lib/python3.12/site-packages/airflow/example_dags/example_bash_operator.py for tasks to queue
[2024-08-31T13:41:59.808+0000] {logging_mixin.py:190} INFO - [2024-08-31T13:41:59.808+0000] {dagbag.py:587} INFO - Filling up the DagBag from /home/airflow/.local/lib/python3.12/site-packages/airflow/example_dags/example_bash_operator.py
[2024-08-31T13:41:59.817+0000] {processor.py:925} INFO - DAG(s) 'example_bash_operator' retrieved from /home/airflow/.local/lib/python3.12/site-packages/airflow/example_dags/example_bash_operator.py
[2024-08-31T13:41:59.838+0000] {logging_mixin.py:190} INFO - [2024-08-31T13:41:59.838+0000] {dag.py:3211} INFO - Sync 1 DAGs
[2024-08-31T13:41:59.857+0000] {logging_mixin.py:190} INFO - [2024-08-31T13:41:59.857+0000] {dag.py:4138} INFO - Setting next_dagrun for example_bash_operator to 2024-08-30 00:00:00+00:00, run_after=2024-08-31 00:00:00+00:00
[2024-08-31T13:41:59.871+0000] {processor.py:208} INFO - Processing /home/airflow/.local/lib/python3.12/site-packages/airflow/example_dags/example_bash_operator.py took 0.069 seconds
[2024-08-31T13:42:30.299+0000] {processor.py:186} INFO - Started process (PID=376) to work on /home/airflow/.local/lib/python3.12/site-packages/airflow/example_dags/example_bash_operator.py
[2024-08-31T13:42:30.300+0000] {processor.py:914} INFO - Processing file /home/airflow/.local/lib/python3.12/site-packages/airflow/example_dags/example_bash_operator.py for tasks to queue
[2024-08-31T13:42:30.301+0000] {logging_mixin.py:190} INFO - [2024-08-31T13:42:30.301+0000] {dagbag.py:587} INFO - Filling up the DagBag from /home/airflow/.local/lib/python3.12/site-packages/airflow/example_dags/example_bash_operator.py
[2024-08-31T13:42:30.308+0000] {processor.py:925} INFO - DAG(s) 'example_bash_operator' retrieved from /home/airflow/.local/lib/python3.12/site-packages/airflow/example_dags/example_bash_operator.py
[2024-08-31T13:42:30.326+0000] {logging_mixin.py:190} INFO - [2024-08-31T13:42:30.326+0000] {dag.py:3211} INFO - Sync 1 DAGs
[2024-08-31T13:42:30.339+0000] {logging_mixin.py:190} INFO - [2024-08-31T13:42:30.339+0000] {dag.py:4138} INFO - Setting next_dagrun for example_bash_operator to 2024-08-30 00:00:00+00:00, run_after=2024-08-31 00:00:00+00:00
[2024-08-31T13:42:30.350+0000] {processor.py:208} INFO - Processing /home/airflow/.local/lib/python3.12/site-packages/airflow/example_dags/example_bash_operator.py took 0.054 seconds
