[2024-08-31T13:39:54.713+0000] {processor.py:186} INFO - Started process (PID=38) to work on /home/airflow/.local/lib/python3.12/site-packages/airflow/example_dags/example_task_group_decorator.py
[2024-08-31T13:39:54.713+0000] {processor.py:914} INFO - Processing file /home/airflow/.local/lib/python3.12/site-packages/airflow/example_dags/example_task_group_decorator.py for tasks to queue
[2024-08-31T13:39:54.715+0000] {logging_mixin.py:190} INFO - [2024-08-31T13:39:54.715+0000] {dagbag.py:587} INFO - Filling up the DagBag from /home/airflow/.local/lib/python3.12/site-packages/airflow/example_dags/example_task_group_decorator.py
[2024-08-31T13:39:54.735+0000] {processor.py:925} INFO - DAG(s) 'example_task_group_decorator' retrieved from /home/airflow/.local/lib/python3.12/site-packages/airflow/example_dags/example_task_group_decorator.py
[2024-08-31T13:39:54.766+0000] {logging_mixin.py:190} INFO - [2024-08-31T13:39:54.765+0000] {dag.py:3211} INFO - Sync 1 DAGs
[2024-08-31T13:39:54.786+0000] {logging_mixin.py:190} INFO - [2024-08-31T13:39:54.785+0000] {dag.py:4138} INFO - Setting next_dagrun for example_task_group_decorator to 2024-08-30 00:00:00+00:00, run_after=2024-08-31 00:00:00+00:00
[2024-08-31T13:39:54.803+0000] {processor.py:208} INFO - Processing /home/airflow/.local/lib/python3.12/site-packages/airflow/example_dags/example_task_group_decorator.py took 0.095 seconds
[2024-08-31T13:40:24.929+0000] {processor.py:186} INFO - Started process (PID=100) to work on /home/airflow/.local/lib/python3.12/site-packages/airflow/example_dags/example_task_group_decorator.py
[2024-08-31T13:40:24.930+0000] {processor.py:914} INFO - Processing file /home/airflow/.local/lib/python3.12/site-packages/airflow/example_dags/example_task_group_decorator.py for tasks to queue
[2024-08-31T13:40:24.931+0000] {logging_mixin.py:190} INFO - [2024-08-31T13:40:24.931+0000] {dagbag.py:587} INFO - Filling up the DagBag from /home/airflow/.local/lib/python3.12/site-packages/airflow/example_dags/example_task_group_decorator.py
[2024-08-31T13:40:24.942+0000] {processor.py:925} INFO - DAG(s) 'example_task_group_decorator' retrieved from /home/airflow/.local/lib/python3.12/site-packages/airflow/example_dags/example_task_group_decorator.py
[2024-08-31T13:40:24.960+0000] {logging_mixin.py:190} INFO - [2024-08-31T13:40:24.960+0000] {dag.py:3211} INFO - Sync 1 DAGs
[2024-08-31T13:40:24.973+0000] {logging_mixin.py:190} INFO - [2024-08-31T13:40:24.973+0000] {dag.py:4138} INFO - Setting next_dagrun for example_task_group_decorator to 2024-08-30 00:00:00+00:00, run_after=2024-08-31 00:00:00+00:00
[2024-08-31T13:40:24.982+0000] {processor.py:208} INFO - Processing /home/airflow/.local/lib/python3.12/site-packages/airflow/example_dags/example_task_group_decorator.py took 0.056 seconds
[2024-08-31T13:40:55.860+0000] {processor.py:186} INFO - Started process (PID=162) to work on /home/airflow/.local/lib/python3.12/site-packages/airflow/example_dags/example_task_group_decorator.py
[2024-08-31T13:40:55.860+0000] {processor.py:914} INFO - Processing file /home/airflow/.local/lib/python3.12/site-packages/airflow/example_dags/example_task_group_decorator.py for tasks to queue
[2024-08-31T13:40:55.861+0000] {logging_mixin.py:190} INFO - [2024-08-31T13:40:55.861+0000] {dagbag.py:587} INFO - Filling up the DagBag from /home/airflow/.local/lib/python3.12/site-packages/airflow/example_dags/example_task_group_decorator.py
[2024-08-31T13:40:55.869+0000] {processor.py:925} INFO - DAG(s) 'example_task_group_decorator' retrieved from /home/airflow/.local/lib/python3.12/site-packages/airflow/example_dags/example_task_group_decorator.py
[2024-08-31T13:40:55.890+0000] {logging_mixin.py:190} INFO - [2024-08-31T13:40:55.890+0000] {dag.py:3211} INFO - Sync 1 DAGs
[2024-08-31T13:40:55.908+0000] {logging_mixin.py:190} INFO - [2024-08-31T13:40:55.908+0000] {dag.py:4138} INFO - Setting next_dagrun for example_task_group_decorator to 2024-08-30 00:00:00+00:00, run_after=2024-08-31 00:00:00+00:00
[2024-08-31T13:40:55.922+0000] {processor.py:208} INFO - Processing /home/airflow/.local/lib/python3.12/site-packages/airflow/example_dags/example_task_group_decorator.py took 0.065 seconds
[2024-08-31T13:41:26.401+0000] {processor.py:186} INFO - Started process (PID=224) to work on /home/airflow/.local/lib/python3.12/site-packages/airflow/example_dags/example_task_group_decorator.py
[2024-08-31T13:41:26.402+0000] {processor.py:914} INFO - Processing file /home/airflow/.local/lib/python3.12/site-packages/airflow/example_dags/example_task_group_decorator.py for tasks to queue
[2024-08-31T13:41:26.403+0000] {logging_mixin.py:190} INFO - [2024-08-31T13:41:26.403+0000] {dagbag.py:587} INFO - Filling up the DagBag from /home/airflow/.local/lib/python3.12/site-packages/airflow/example_dags/example_task_group_decorator.py
[2024-08-31T13:41:26.412+0000] {processor.py:925} INFO - DAG(s) 'example_task_group_decorator' retrieved from /home/airflow/.local/lib/python3.12/site-packages/airflow/example_dags/example_task_group_decorator.py
[2024-08-31T13:41:26.430+0000] {logging_mixin.py:190} INFO - [2024-08-31T13:41:26.429+0000] {dag.py:3211} INFO - Sync 1 DAGs
[2024-08-31T13:41:26.444+0000] {logging_mixin.py:190} INFO - [2024-08-31T13:41:26.444+0000] {dag.py:4138} INFO - Setting next_dagrun for example_task_group_decorator to 2024-08-30 00:00:00+00:00, run_after=2024-08-31 00:00:00+00:00
[2024-08-31T13:41:26.457+0000] {processor.py:208} INFO - Processing /home/airflow/.local/lib/python3.12/site-packages/airflow/example_dags/example_task_group_decorator.py took 0.059 seconds
[2024-08-31T13:41:56.606+0000] {processor.py:186} INFO - Started process (PID=286) to work on /home/airflow/.local/lib/python3.12/site-packages/airflow/example_dags/example_task_group_decorator.py
[2024-08-31T13:41:56.607+0000] {processor.py:914} INFO - Processing file /home/airflow/.local/lib/python3.12/site-packages/airflow/example_dags/example_task_group_decorator.py for tasks to queue
[2024-08-31T13:41:56.608+0000] {logging_mixin.py:190} INFO - [2024-08-31T13:41:56.607+0000] {dagbag.py:587} INFO - Filling up the DagBag from /home/airflow/.local/lib/python3.12/site-packages/airflow/example_dags/example_task_group_decorator.py
[2024-08-31T13:41:56.615+0000] {processor.py:925} INFO - DAG(s) 'example_task_group_decorator' retrieved from /home/airflow/.local/lib/python3.12/site-packages/airflow/example_dags/example_task_group_decorator.py
[2024-08-31T13:41:56.635+0000] {logging_mixin.py:190} INFO - [2024-08-31T13:41:56.635+0000] {dag.py:3211} INFO - Sync 1 DAGs
[2024-08-31T13:41:56.651+0000] {logging_mixin.py:190} INFO - [2024-08-31T13:41:56.651+0000] {dag.py:4138} INFO - Setting next_dagrun for example_task_group_decorator to 2024-08-30 00:00:00+00:00, run_after=2024-08-31 00:00:00+00:00
[2024-08-31T13:41:56.663+0000] {processor.py:208} INFO - Processing /home/airflow/.local/lib/python3.12/site-packages/airflow/example_dags/example_task_group_decorator.py took 0.060 seconds
[2024-08-31T13:42:27.028+0000] {processor.py:186} INFO - Started process (PID=348) to work on /home/airflow/.local/lib/python3.12/site-packages/airflow/example_dags/example_task_group_decorator.py
[2024-08-31T13:42:27.029+0000] {processor.py:914} INFO - Processing file /home/airflow/.local/lib/python3.12/site-packages/airflow/example_dags/example_task_group_decorator.py for tasks to queue
[2024-08-31T13:42:27.030+0000] {logging_mixin.py:190} INFO - [2024-08-31T13:42:27.030+0000] {dagbag.py:587} INFO - Filling up the DagBag from /home/airflow/.local/lib/python3.12/site-packages/airflow/example_dags/example_task_group_decorator.py
[2024-08-31T13:42:27.040+0000] {processor.py:925} INFO - DAG(s) 'example_task_group_decorator' retrieved from /home/airflow/.local/lib/python3.12/site-packages/airflow/example_dags/example_task_group_decorator.py
[2024-08-31T13:42:27.059+0000] {logging_mixin.py:190} INFO - [2024-08-31T13:42:27.058+0000] {dag.py:3211} INFO - Sync 1 DAGs
[2024-08-31T13:42:27.074+0000] {logging_mixin.py:190} INFO - [2024-08-31T13:42:27.073+0000] {dag.py:4138} INFO - Setting next_dagrun for example_task_group_decorator to 2024-08-30 00:00:00+00:00, run_after=2024-08-31 00:00:00+00:00
[2024-08-31T13:42:27.086+0000] {processor.py:208} INFO - Processing /home/airflow/.local/lib/python3.12/site-packages/airflow/example_dags/example_task_group_decorator.py took 0.063 seconds
