[2024-08-31T13:39:55.887+0000] {processor.py:186} INFO - Started process (PID=55) to work on /home/airflow/.local/lib/python3.12/site-packages/airflow/example_dags/tutorial_dag.py
[2024-08-31T13:39:55.887+0000] {processor.py:914} INFO - Processing file /home/airflow/.local/lib/python3.12/site-packages/airflow/example_dags/tutorial_dag.py for tasks to queue
[2024-08-31T13:39:55.888+0000] {logging_mixin.py:190} INFO - [2024-08-31T13:39:55.888+0000] {dagbag.py:587} INFO - Filling up the DagBag from /home/airflow/.local/lib/python3.12/site-packages/airflow/example_dags/tutorial_dag.py
[2024-08-31T13:39:55.894+0000] {processor.py:925} INFO - DAG(s) 'tutorial_dag' retrieved from /home/airflow/.local/lib/python3.12/site-packages/airflow/example_dags/tutorial_dag.py
[2024-08-31T13:39:55.917+0000] {logging_mixin.py:190} INFO - [2024-08-31T13:39:55.917+0000] {dag.py:3211} INFO - Sync 1 DAGs
[2024-08-31T13:39:55.930+0000] {logging_mixin.py:190} INFO - [2024-08-31T13:39:55.929+0000] {dag.py:4138} INFO - Setting next_dagrun for tutorial_dag to None, run_after=None
[2024-08-31T13:39:55.946+0000] {processor.py:208} INFO - Processing /home/airflow/.local/lib/python3.12/site-packages/airflow/example_dags/tutorial_dag.py took 0.063 seconds
[2024-08-31T13:40:26.771+0000] {processor.py:186} INFO - Started process (PID=117) to work on /home/airflow/.local/lib/python3.12/site-packages/airflow/example_dags/tutorial_dag.py
[2024-08-31T13:40:26.771+0000] {processor.py:914} INFO - Processing file /home/airflow/.local/lib/python3.12/site-packages/airflow/example_dags/tutorial_dag.py for tasks to queue
[2024-08-31T13:40:26.773+0000] {logging_mixin.py:190} INFO - [2024-08-31T13:40:26.772+0000] {dagbag.py:587} INFO - Filling up the DagBag from /home/airflow/.local/lib/python3.12/site-packages/airflow/example_dags/tutorial_dag.py
[2024-08-31T13:40:26.776+0000] {processor.py:925} INFO - DAG(s) 'tutorial_dag' retrieved from /home/airflow/.local/lib/python3.12/site-packages/airflow/example_dags/tutorial_dag.py
[2024-08-31T13:40:26.790+0000] {logging_mixin.py:190} INFO - [2024-08-31T13:40:26.789+0000] {dag.py:3211} INFO - Sync 1 DAGs
[2024-08-31T13:40:26.798+0000] {logging_mixin.py:190} INFO - [2024-08-31T13:40:26.798+0000] {dag.py:4138} INFO - Setting next_dagrun for tutorial_dag to None, run_after=None
[2024-08-31T13:40:26.810+0000] {processor.py:208} INFO - Processing /home/airflow/.local/lib/python3.12/site-packages/airflow/example_dags/tutorial_dag.py took 0.041 seconds
[2024-08-31T13:40:57.669+0000] {processor.py:186} INFO - Started process (PID=179) to work on /home/airflow/.local/lib/python3.12/site-packages/airflow/example_dags/tutorial_dag.py
[2024-08-31T13:40:57.670+0000] {processor.py:914} INFO - Processing file /home/airflow/.local/lib/python3.12/site-packages/airflow/example_dags/tutorial_dag.py for tasks to queue
[2024-08-31T13:40:57.671+0000] {logging_mixin.py:190} INFO - [2024-08-31T13:40:57.670+0000] {dagbag.py:587} INFO - Filling up the DagBag from /home/airflow/.local/lib/python3.12/site-packages/airflow/example_dags/tutorial_dag.py
[2024-08-31T13:40:57.675+0000] {processor.py:925} INFO - DAG(s) 'tutorial_dag' retrieved from /home/airflow/.local/lib/python3.12/site-packages/airflow/example_dags/tutorial_dag.py
[2024-08-31T13:40:57.698+0000] {logging_mixin.py:190} INFO - [2024-08-31T13:40:57.697+0000] {dag.py:3211} INFO - Sync 1 DAGs
[2024-08-31T13:40:57.710+0000] {logging_mixin.py:190} INFO - [2024-08-31T13:40:57.710+0000] {dag.py:4138} INFO - Setting next_dagrun for tutorial_dag to None, run_after=None
[2024-08-31T13:40:57.727+0000] {processor.py:208} INFO - Processing /home/airflow/.local/lib/python3.12/site-packages/airflow/example_dags/tutorial_dag.py took 0.062 seconds
[2024-08-31T13:41:28.404+0000] {processor.py:186} INFO - Started process (PID=241) to work on /home/airflow/.local/lib/python3.12/site-packages/airflow/example_dags/tutorial_dag.py
[2024-08-31T13:41:28.405+0000] {processor.py:914} INFO - Processing file /home/airflow/.local/lib/python3.12/site-packages/airflow/example_dags/tutorial_dag.py for tasks to queue
[2024-08-31T13:41:28.406+0000] {logging_mixin.py:190} INFO - [2024-08-31T13:41:28.406+0000] {dagbag.py:587} INFO - Filling up the DagBag from /home/airflow/.local/lib/python3.12/site-packages/airflow/example_dags/tutorial_dag.py
[2024-08-31T13:41:28.412+0000] {processor.py:925} INFO - DAG(s) 'tutorial_dag' retrieved from /home/airflow/.local/lib/python3.12/site-packages/airflow/example_dags/tutorial_dag.py
[2024-08-31T13:41:28.430+0000] {logging_mixin.py:190} INFO - [2024-08-31T13:41:28.429+0000] {dag.py:3211} INFO - Sync 1 DAGs
[2024-08-31T13:41:28.442+0000] {logging_mixin.py:190} INFO - [2024-08-31T13:41:28.442+0000] {dag.py:4138} INFO - Setting next_dagrun for tutorial_dag to None, run_after=None
[2024-08-31T13:41:28.459+0000] {processor.py:208} INFO - Processing /home/airflow/.local/lib/python3.12/site-packages/airflow/example_dags/tutorial_dag.py took 0.058 seconds
[2024-08-31T13:41:59.380+0000] {processor.py:186} INFO - Started process (PID=303) to work on /home/airflow/.local/lib/python3.12/site-packages/airflow/example_dags/tutorial_dag.py
[2024-08-31T13:41:59.381+0000] {processor.py:914} INFO - Processing file /home/airflow/.local/lib/python3.12/site-packages/airflow/example_dags/tutorial_dag.py for tasks to queue
[2024-08-31T13:41:59.382+0000] {logging_mixin.py:190} INFO - [2024-08-31T13:41:59.382+0000] {dagbag.py:587} INFO - Filling up the DagBag from /home/airflow/.local/lib/python3.12/site-packages/airflow/example_dags/tutorial_dag.py
[2024-08-31T13:41:59.386+0000] {processor.py:925} INFO - DAG(s) 'tutorial_dag' retrieved from /home/airflow/.local/lib/python3.12/site-packages/airflow/example_dags/tutorial_dag.py
[2024-08-31T13:41:59.402+0000] {logging_mixin.py:190} INFO - [2024-08-31T13:41:59.401+0000] {dag.py:3211} INFO - Sync 1 DAGs
[2024-08-31T13:41:59.410+0000] {logging_mixin.py:190} INFO - [2024-08-31T13:41:59.410+0000] {dag.py:4138} INFO - Setting next_dagrun for tutorial_dag to None, run_after=None
[2024-08-31T13:41:59.421+0000] {processor.py:208} INFO - Processing /home/airflow/.local/lib/python3.12/site-packages/airflow/example_dags/tutorial_dag.py took 0.044 seconds
[2024-08-31T13:42:29.817+0000] {processor.py:186} INFO - Started process (PID=365) to work on /home/airflow/.local/lib/python3.12/site-packages/airflow/example_dags/tutorial_dag.py
[2024-08-31T13:42:29.818+0000] {processor.py:914} INFO - Processing file /home/airflow/.local/lib/python3.12/site-packages/airflow/example_dags/tutorial_dag.py for tasks to queue
[2024-08-31T13:42:29.819+0000] {logging_mixin.py:190} INFO - [2024-08-31T13:42:29.819+0000] {dagbag.py:587} INFO - Filling up the DagBag from /home/airflow/.local/lib/python3.12/site-packages/airflow/example_dags/tutorial_dag.py
[2024-08-31T13:42:29.823+0000] {processor.py:925} INFO - DAG(s) 'tutorial_dag' retrieved from /home/airflow/.local/lib/python3.12/site-packages/airflow/example_dags/tutorial_dag.py
[2024-08-31T13:42:29.840+0000] {logging_mixin.py:190} INFO - [2024-08-31T13:42:29.840+0000] {dag.py:3211} INFO - Sync 1 DAGs
[2024-08-31T13:42:29.851+0000] {logging_mixin.py:190} INFO - [2024-08-31T13:42:29.851+0000] {dag.py:4138} INFO - Setting next_dagrun for tutorial_dag to None, run_after=None
[2024-08-31T13:42:29.865+0000] {processor.py:208} INFO - Processing /home/airflow/.local/lib/python3.12/site-packages/airflow/example_dags/tutorial_dag.py took 0.051 seconds
