[2024-08-31T13:39:56.133+0000] {processor.py:186} INFO - Started process (PID=59) to work on /home/airflow/.local/lib/python3.12/site-packages/airflow/example_dags/tutorial_taskflow_api_virtualenv.py
[2024-08-31T13:39:56.133+0000] {processor.py:914} INFO - Processing file /home/airflow/.local/lib/python3.12/site-packages/airflow/example_dags/tutorial_taskflow_api_virtualenv.py for tasks to queue
[2024-08-31T13:39:56.134+0000] {logging_mixin.py:190} INFO - [2024-08-31T13:39:56.134+0000] {dagbag.py:587} INFO - Filling up the DagBag from /home/airflow/.local/lib/python3.12/site-packages/airflow/example_dags/tutorial_taskflow_api_virtualenv.py
[2024-08-31T13:39:56.142+0000] {processor.py:925} INFO - DAG(s) 'tutorial_taskflow_api_virtualenv' retrieved from /home/airflow/.local/lib/python3.12/site-packages/airflow/example_dags/tutorial_taskflow_api_virtualenv.py
[2024-08-31T13:39:56.235+0000] {logging_mixin.py:190} INFO - [2024-08-31T13:39:56.235+0000] {dag.py:3211} INFO - Sync 1 DAGs
[2024-08-31T13:39:56.245+0000] {logging_mixin.py:190} INFO - [2024-08-31T13:39:56.245+0000] {dag.py:4138} INFO - Setting next_dagrun for tutorial_taskflow_api_virtualenv to None, run_after=None
[2024-08-31T13:39:56.262+0000] {processor.py:208} INFO - Processing /home/airflow/.local/lib/python3.12/site-packages/airflow/example_dags/tutorial_taskflow_api_virtualenv.py took 0.132 seconds
[2024-08-31T13:40:26.906+0000] {processor.py:186} INFO - Started process (PID=121) to work on /home/airflow/.local/lib/python3.12/site-packages/airflow/example_dags/tutorial_taskflow_api_virtualenv.py
[2024-08-31T13:40:26.906+0000] {processor.py:914} INFO - Processing file /home/airflow/.local/lib/python3.12/site-packages/airflow/example_dags/tutorial_taskflow_api_virtualenv.py for tasks to queue
[2024-08-31T13:40:26.907+0000] {logging_mixin.py:190} INFO - [2024-08-31T13:40:26.907+0000] {dagbag.py:587} INFO - Filling up the DagBag from /home/airflow/.local/lib/python3.12/site-packages/airflow/example_dags/tutorial_taskflow_api_virtualenv.py
[2024-08-31T13:40:26.914+0000] {processor.py:925} INFO - DAG(s) 'tutorial_taskflow_api_virtualenv' retrieved from /home/airflow/.local/lib/python3.12/site-packages/airflow/example_dags/tutorial_taskflow_api_virtualenv.py
[2024-08-31T13:40:26.926+0000] {logging_mixin.py:190} INFO - [2024-08-31T13:40:26.926+0000] {dag.py:3211} INFO - Sync 1 DAGs
[2024-08-31T13:40:26.935+0000] {logging_mixin.py:190} INFO - [2024-08-31T13:40:26.934+0000] {dag.py:4138} INFO - Setting next_dagrun for tutorial_taskflow_api_virtualenv to None, run_after=None
[2024-08-31T13:40:26.946+0000] {processor.py:208} INFO - Processing /home/airflow/.local/lib/python3.12/site-packages/airflow/example_dags/tutorial_taskflow_api_virtualenv.py took 0.043 seconds
[2024-08-31T13:40:57.812+0000] {processor.py:186} INFO - Started process (PID=183) to work on /home/airflow/.local/lib/python3.12/site-packages/airflow/example_dags/tutorial_taskflow_api_virtualenv.py
[2024-08-31T13:40:57.813+0000] {processor.py:914} INFO - Processing file /home/airflow/.local/lib/python3.12/site-packages/airflow/example_dags/tutorial_taskflow_api_virtualenv.py for tasks to queue
[2024-08-31T13:40:57.814+0000] {logging_mixin.py:190} INFO - [2024-08-31T13:40:57.814+0000] {dagbag.py:587} INFO - Filling up the DagBag from /home/airflow/.local/lib/python3.12/site-packages/airflow/example_dags/tutorial_taskflow_api_virtualenv.py
[2024-08-31T13:40:57.821+0000] {processor.py:925} INFO - DAG(s) 'tutorial_taskflow_api_virtualenv' retrieved from /home/airflow/.local/lib/python3.12/site-packages/airflow/example_dags/tutorial_taskflow_api_virtualenv.py
[2024-08-31T13:40:57.839+0000] {logging_mixin.py:190} INFO - [2024-08-31T13:40:57.838+0000] {dag.py:3211} INFO - Sync 1 DAGs
[2024-08-31T13:40:57.851+0000] {logging_mixin.py:190} INFO - [2024-08-31T13:40:57.851+0000] {dag.py:4138} INFO - Setting next_dagrun for tutorial_taskflow_api_virtualenv to None, run_after=None
[2024-08-31T13:40:57.865+0000] {processor.py:208} INFO - Processing /home/airflow/.local/lib/python3.12/site-packages/airflow/example_dags/tutorial_taskflow_api_virtualenv.py took 0.056 seconds
[2024-08-31T13:41:28.564+0000] {processor.py:186} INFO - Started process (PID=245) to work on /home/airflow/.local/lib/python3.12/site-packages/airflow/example_dags/tutorial_taskflow_api_virtualenv.py
[2024-08-31T13:41:28.565+0000] {processor.py:914} INFO - Processing file /home/airflow/.local/lib/python3.12/site-packages/airflow/example_dags/tutorial_taskflow_api_virtualenv.py for tasks to queue
[2024-08-31T13:41:28.566+0000] {logging_mixin.py:190} INFO - [2024-08-31T13:41:28.565+0000] {dagbag.py:587} INFO - Filling up the DagBag from /home/airflow/.local/lib/python3.12/site-packages/airflow/example_dags/tutorial_taskflow_api_virtualenv.py
[2024-08-31T13:41:28.572+0000] {processor.py:925} INFO - DAG(s) 'tutorial_taskflow_api_virtualenv' retrieved from /home/airflow/.local/lib/python3.12/site-packages/airflow/example_dags/tutorial_taskflow_api_virtualenv.py
[2024-08-31T13:41:28.591+0000] {logging_mixin.py:190} INFO - [2024-08-31T13:41:28.591+0000] {dag.py:3211} INFO - Sync 1 DAGs
[2024-08-31T13:41:28.604+0000] {logging_mixin.py:190} INFO - [2024-08-31T13:41:28.603+0000] {dag.py:4138} INFO - Setting next_dagrun for tutorial_taskflow_api_virtualenv to None, run_after=None
[2024-08-31T13:41:28.618+0000] {processor.py:208} INFO - Processing /home/airflow/.local/lib/python3.12/site-packages/airflow/example_dags/tutorial_taskflow_api_virtualenv.py took 0.057 seconds
[2024-08-31T13:41:59.509+0000] {processor.py:186} INFO - Started process (PID=307) to work on /home/airflow/.local/lib/python3.12/site-packages/airflow/example_dags/tutorial_taskflow_api_virtualenv.py
[2024-08-31T13:41:59.510+0000] {processor.py:914} INFO - Processing file /home/airflow/.local/lib/python3.12/site-packages/airflow/example_dags/tutorial_taskflow_api_virtualenv.py for tasks to queue
[2024-08-31T13:41:59.511+0000] {logging_mixin.py:190} INFO - [2024-08-31T13:41:59.510+0000] {dagbag.py:587} INFO - Filling up the DagBag from /home/airflow/.local/lib/python3.12/site-packages/airflow/example_dags/tutorial_taskflow_api_virtualenv.py
[2024-08-31T13:41:59.516+0000] {processor.py:925} INFO - DAG(s) 'tutorial_taskflow_api_virtualenv' retrieved from /home/airflow/.local/lib/python3.12/site-packages/airflow/example_dags/tutorial_taskflow_api_virtualenv.py
[2024-08-31T13:41:59.538+0000] {logging_mixin.py:190} INFO - [2024-08-31T13:41:59.538+0000] {dag.py:3211} INFO - Sync 1 DAGs
[2024-08-31T13:41:59.552+0000] {logging_mixin.py:190} INFO - [2024-08-31T13:41:59.552+0000] {dag.py:4138} INFO - Setting next_dagrun for tutorial_taskflow_api_virtualenv to None, run_after=None
[2024-08-31T13:41:59.565+0000] {processor.py:208} INFO - Processing /home/airflow/.local/lib/python3.12/site-packages/airflow/example_dags/tutorial_taskflow_api_virtualenv.py took 0.059 seconds
[2024-08-31T13:42:29.952+0000] {processor.py:186} INFO - Started process (PID=369) to work on /home/airflow/.local/lib/python3.12/site-packages/airflow/example_dags/tutorial_taskflow_api_virtualenv.py
[2024-08-31T13:42:29.953+0000] {processor.py:914} INFO - Processing file /home/airflow/.local/lib/python3.12/site-packages/airflow/example_dags/tutorial_taskflow_api_virtualenv.py for tasks to queue
[2024-08-31T13:42:29.954+0000] {logging_mixin.py:190} INFO - [2024-08-31T13:42:29.954+0000] {dagbag.py:587} INFO - Filling up the DagBag from /home/airflow/.local/lib/python3.12/site-packages/airflow/example_dags/tutorial_taskflow_api_virtualenv.py
[2024-08-31T13:42:29.961+0000] {processor.py:925} INFO - DAG(s) 'tutorial_taskflow_api_virtualenv' retrieved from /home/airflow/.local/lib/python3.12/site-packages/airflow/example_dags/tutorial_taskflow_api_virtualenv.py
[2024-08-31T13:42:29.984+0000] {logging_mixin.py:190} INFO - [2024-08-31T13:42:29.984+0000] {dag.py:3211} INFO - Sync 1 DAGs
[2024-08-31T13:42:29.995+0000] {logging_mixin.py:190} INFO - [2024-08-31T13:42:29.995+0000] {dag.py:4138} INFO - Setting next_dagrun for tutorial_taskflow_api_virtualenv to None, run_after=None
[2024-08-31T13:42:30.008+0000] {processor.py:208} INFO - Processing /home/airflow/.local/lib/python3.12/site-packages/airflow/example_dags/tutorial_taskflow_api_virtualenv.py took 0.059 seconds
